#! /usr/bin/vvp
:ivl_version "11.0 (stable)";
:ivl_delay_selection "TYPICAL";
:vpi_time_precision + 0;
:vpi_module "/usr/lib/x86_64-linux-gnu/ivl/system.vpi";
:vpi_module "/usr/lib/x86_64-linux-gnu/ivl/vhdl_sys.vpi";
:vpi_module "/usr/lib/x86_64-linux-gnu/ivl/vhdl_textio.vpi";
:vpi_module "/usr/lib/x86_64-linux-gnu/ivl/v2005_math.vpi";
:vpi_module "/usr/lib/x86_64-linux-gnu/ivl/va_math.vpi";
:vpi_module "/usr/lib/x86_64-linux-gnu/ivl/v2009.vpi";
S_0x55f3cb2f42f0 .scope package, "$unit" "$unit" 2 1;
 .timescale 0 0;
S_0x55f3cb2f4480 .scope module, "tb_alu" "tb_alu" 3 1;
 .timescale 0 0;
v0x55f3cb31bf60_0 .var "a", 31 0;
v0x55f3cb31c040_0 .var "b", 31 0;
v0x55f3cb31c110_0 .var/i "i", 31 0;
v0x55f3cb31c1e0_0 .var "op", 3 0;
v0x55f3cb31c2d0_0 .var "seed", 31 0;
v0x55f3cb31c3e0_0 .net "y", 31 0, v0x55f3cb31b550_0;  1 drivers
v0x55f3cb31c4a0_0 .net "zero", 0 0, L_0x55f3cb32c5e0;  1 drivers
S_0x55f3cb2b6cf0 .scope task, "check" "check" 3 33, 3 33 0, S_0x55f3cb2f4480;
 .timescale 0 0;
v0x55f3cb2b6ed0_0 .var "aa", 31 0;
v0x55f3cb31acb0_0 .var "bb", 31 0;
v0x55f3cb31ad90_0 .var "exp", 31 0;
v0x55f3cb31ae50_0 .var "oop", 3 0;
TD_tb_alu.check ;
    %load/vec4 v0x55f3cb2b6ed0_0;
    %store/vec4 v0x55f3cb31bf60_0, 0, 32;
    %load/vec4 v0x55f3cb31acb0_0;
    %store/vec4 v0x55f3cb31c040_0, 0, 32;
    %load/vec4 v0x55f3cb31ae50_0;
    %store/vec4 v0x55f3cb31c1e0_0, 0, 4;
    %delay 1, 0;
    %load/vec4 v0x55f3cb2b6ed0_0;
    %load/vec4 v0x55f3cb31acb0_0;
    %load/vec4 v0x55f3cb31ae50_0;
    %store/vec4 v0x55f3cb31bd50_0, 0, 4;
    %store/vec4 v0x55f3cb31bb80_0, 0, 32;
    %store/vec4 v0x55f3cb31b9c0_0, 0, 32;
    %callf/vec4 TD_tb_alu.ref_alu, S_0x55f3cb31b7e0;
    %store/vec4 v0x55f3cb31ad90_0, 0, 32;
    %load/vec4 v0x55f3cb31c3e0_0;
    %load/vec4 v0x55f3cb31ad90_0;
    %cmp/ne;
    %jmp/0xz  T_0.0, 6;
    %vpi_call/w 3 42 "$display", "FAIL: op=%0d a=%h b=%h got=%h exp=%h", v0x55f3cb31ae50_0, v0x55f3cb2b6ed0_0, v0x55f3cb31acb0_0, v0x55f3cb31c3e0_0, v0x55f3cb31ad90_0 {0 0 0};
    %vpi_call/w 3 43 "$finish" {0 0 0};
T_0.0 ;
    %load/vec4 v0x55f3cb31c4a0_0;
    %load/vec4 v0x55f3cb31ad90_0;
    %pushi/vec4 0, 0, 32;
    %cmp/e;
    %flag_get/vec4 4;
    %cmp/ne;
    %jmp/0xz  T_0.2, 6;
    %load/vec4 v0x55f3cb31ad90_0;
    %pushi/vec4 0, 0, 32;
    %cmp/e;
    %flag_get/vec4 4;
    %vpi_call/w 3 46 "$display", "FAIL zero: op=%0d a=%h b=%h got=%b exp=%b", v0x55f3cb31ae50_0, v0x55f3cb2b6ed0_0, v0x55f3cb31acb0_0, v0x55f3cb31c4a0_0, S<0,vec4,u1> {1 0 0};
    %vpi_call/w 3 47 "$finish" {0 0 0};
T_0.2 ;
    %end;
S_0x55f3cb31af30 .scope module, "dut" "alu" 3 7, 4 1 0, S_0x55f3cb2f4480;
 .timescale 0 0;
    .port_info 0 /INPUT 32 "a";
    .port_info 1 /INPUT 32 "b";
    .port_info 2 /INPUT 4 "op";
    .port_info 3 /OUTPUT 32 "y";
    .port_info 4 /OUTPUT 1 "zero";
L_0x7b45b9d6f018 .functor BUFT 1, C4<00000000000000000000000000000000>, C4<0>, C4<0>, C4<0>;
v0x55f3cb31b1d0_0 .net/2u *"_ivl_0", 31 0, L_0x7b45b9d6f018;  1 drivers
v0x55f3cb31b2d0_0 .net "a", 31 0, v0x55f3cb31bf60_0;  1 drivers
v0x55f3cb31b3b0_0 .net "b", 31 0, v0x55f3cb31c040_0;  1 drivers
v0x55f3cb31b470_0 .net "op", 3 0, v0x55f3cb31c1e0_0;  1 drivers
v0x55f3cb31b550_0 .var "y", 31 0;
v0x55f3cb31b680_0 .net "zero", 0 0, L_0x55f3cb32c5e0;  alias, 1 drivers
E_0x55f3cb2b7360 .event edge, v0x55f3cb31b470_0, v0x55f3cb31b2d0_0, v0x55f3cb31b3b0_0;
L_0x55f3cb32c5e0 .cmp/eq 32, v0x55f3cb31b550_0, L_0x7b45b9d6f018;
S_0x55f3cb31b7e0 .scope function.vec4.s32, "ref_alu" "ref_alu" 3 10, 3 10 0, S_0x55f3cb2f4480;
 .timescale 0 0;
v0x55f3cb31b9c0_0 .var "aa", 31 0;
v0x55f3cb31baa0_0 .var/s "as", 31 0;
v0x55f3cb31bb80_0 .var "bb", 31 0;
v0x55f3cb31bc70_0 .var/s "bs", 31 0;
v0x55f3cb31bd50_0 .var "oop", 3 0;
; Variable ref_alu is vec4 return value of scope S_0x55f3cb31b7e0
TD_tb_alu.ref_alu ;
    %load/vec4 v0x55f3cb31b9c0_0;
    %store/vec4 v0x55f3cb31baa0_0, 0, 32;
    %load/vec4 v0x55f3cb31bb80_0;
    %store/vec4 v0x55f3cb31bc70_0, 0, 32;
    %load/vec4 v0x55f3cb31bd50_0;
    %dup/vec4;
    %pushi/vec4 0, 0, 4;
    %cmp/u;
    %jmp/1 T_1.4, 6;
    %dup/vec4;
    %pushi/vec4 1, 0, 4;
    %cmp/u;
    %jmp/1 T_1.5, 6;
    %dup/vec4;
    %pushi/vec4 2, 0, 4;
    %cmp/u;
    %jmp/1 T_1.6, 6;
    %dup/vec4;
    %pushi/vec4 3, 0, 4;
    %cmp/u;
    %jmp/1 T_1.7, 6;
    %dup/vec4;
    %pushi/vec4 4, 0, 4;
    %cmp/u;
    %jmp/1 T_1.8, 6;
    %dup/vec4;
    %pushi/vec4 5, 0, 4;
    %cmp/u;
    %jmp/1 T_1.9, 6;
    %dup/vec4;
    %pushi/vec4 6, 0, 4;
    %cmp/u;
    %jmp/1 T_1.10, 6;
    %dup/vec4;
    %pushi/vec4 7, 0, 4;
    %cmp/u;
    %jmp/1 T_1.11, 6;
    %dup/vec4;
    %pushi/vec4 8, 0, 4;
    %cmp/u;
    %jmp/1 T_1.12, 6;
    %dup/vec4;
    %pushi/vec4 9, 0, 4;
    %cmp/u;
    %jmp/1 T_1.13, 6;
    %pushi/vec4 0, 0, 32;
    %ret/vec4 0, 0, 32;  Assign to ref_alu (store_vec4_to_lval)
    %jmp T_1.15;
T_1.4 ;
    %load/vec4 v0x55f3cb31b9c0_0;
    %load/vec4 v0x55f3cb31bb80_0;
    %add;
    %ret/vec4 0, 0, 32;  Assign to ref_alu (store_vec4_to_lval)
    %jmp T_1.15;
T_1.5 ;
    %load/vec4 v0x55f3cb31b9c0_0;
    %load/vec4 v0x55f3cb31bb80_0;
    %sub;
    %ret/vec4 0, 0, 32;  Assign to ref_alu (store_vec4_to_lval)
    %jmp T_1.15;
T_1.6 ;
    %load/vec4 v0x55f3cb31b9c0_0;
    %load/vec4 v0x55f3cb31bb80_0;
    %and;
    %ret/vec4 0, 0, 32;  Assign to ref_alu (store_vec4_to_lval)
    %jmp T_1.15;
T_1.7 ;
    %load/vec4 v0x55f3cb31b9c0_0;
    %load/vec4 v0x55f3cb31bb80_0;
    %or;
    %ret/vec4 0, 0, 32;  Assign to ref_alu (store_vec4_to_lval)
    %jmp T_1.15;
T_1.8 ;
    %load/vec4 v0x55f3cb31b9c0_0;
    %load/vec4 v0x55f3cb31bb80_0;
    %xor;
    %ret/vec4 0, 0, 32;  Assign to ref_alu (store_vec4_to_lval)
    %jmp T_1.15;
T_1.9 ;
    %load/vec4 v0x55f3cb31b9c0_0;
    %load/vec4 v0x55f3cb31bb80_0;
    %parti/s 5, 0, 2;
    %ix/vec4 4;
    %shiftl 4;
    %ret/vec4 0, 0, 32;  Assign to ref_alu (store_vec4_to_lval)
    %jmp T_1.15;
T_1.10 ;
    %load/vec4 v0x55f3cb31b9c0_0;
    %load/vec4 v0x55f3cb31bb80_0;
    %parti/s 5, 0, 2;
    %ix/vec4 4;
    %shiftr 4;
    %ret/vec4 0, 0, 32;  Assign to ref_alu (store_vec4_to_lval)
    %jmp T_1.15;
T_1.11 ;
    %load/vec4 v0x55f3cb31baa0_0;
    %load/vec4 v0x55f3cb31bb80_0;
    %parti/s 5, 0, 2;
    %ix/vec4 4;
    %shiftr/s 4;
    %ret/vec4 0, 0, 32;  Assign to ref_alu (store_vec4_to_lval)
    %jmp T_1.15;
T_1.12 ;
    %load/vec4 v0x55f3cb31baa0_0;
    %load/vec4 v0x55f3cb31bc70_0;
    %cmp/s;
    %flag_mov 8, 5;
    %jmp/0 T_1.16, 8;
    %pushi/vec4 1, 0, 32;
    %jmp/1 T_1.17, 8;
T_1.16 ; End of true expr.
    %pushi/vec4 0, 0, 32;
    %jmp/0 T_1.17, 8;
 ; End of false expr.
    %blend;
T_1.17;
    %ret/vec4 0, 0, 32;  Assign to ref_alu (store_vec4_to_lval)
    %jmp T_1.15;
T_1.13 ;
    %load/vec4 v0x55f3cb31b9c0_0;
    %load/vec4 v0x55f3cb31bb80_0;
    %cmp/u;
    %flag_mov 8, 5;
    %jmp/0 T_1.18, 8;
    %pushi/vec4 1, 0, 32;
    %jmp/1 T_1.19, 8;
T_1.18 ; End of true expr.
    %pushi/vec4 0, 0, 32;
    %jmp/0 T_1.19, 8;
 ; End of false expr.
    %blend;
T_1.19;
    %ret/vec4 0, 0, 32;  Assign to ref_alu (store_vec4_to_lval)
    %jmp T_1.15;
T_1.15 ;
    %pop/vec4 1;
    %end;
    .scope S_0x55f3cb31af30;
T_2 ;
    %wait E_0x55f3cb2b7360;
    %load/vec4 v0x55f3cb31b470_0;
    %dup/vec4;
    %pushi/vec4 0, 0, 4;
    %cmp/u;
    %jmp/1 T_2.0, 6;
    %dup/vec4;
    %pushi/vec4 1, 0, 4;
    %cmp/u;
    %jmp/1 T_2.1, 6;
    %dup/vec4;
    %pushi/vec4 2, 0, 4;
    %cmp/u;
    %jmp/1 T_2.2, 6;
    %dup/vec4;
    %pushi/vec4 3, 0, 4;
    %cmp/u;
    %jmp/1 T_2.3, 6;
    %dup/vec4;
    %pushi/vec4 4, 0, 4;
    %cmp/u;
    %jmp/1 T_2.4, 6;
    %dup/vec4;
    %pushi/vec4 5, 0, 4;
    %cmp/u;
    %jmp/1 T_2.5, 6;
    %dup/vec4;
    %pushi/vec4 6, 0, 4;
    %cmp/u;
    %jmp/1 T_2.6, 6;
    %dup/vec4;
    %pushi/vec4 7, 0, 4;
    %cmp/u;
    %jmp/1 T_2.7, 6;
    %dup/vec4;
    %pushi/vec4 8, 0, 4;
    %cmp/u;
    %jmp/1 T_2.8, 6;
    %dup/vec4;
    %pushi/vec4 9, 0, 4;
    %cmp/u;
    %jmp/1 T_2.9, 6;
    %pushi/vec4 0, 0, 32;
    %store/vec4 v0x55f3cb31b550_0, 0, 32;
    %jmp T_2.11;
T_2.0 ;
    %load/vec4 v0x55f3cb31b2d0_0;
    %load/vec4 v0x55f3cb31b3b0_0;
    %add;
    %store/vec4 v0x55f3cb31b550_0, 0, 32;
    %jmp T_2.11;
T_2.1 ;
    %load/vec4 v0x55f3cb31b2d0_0;
    %load/vec4 v0x55f3cb31b3b0_0;
    %sub;
    %store/vec4 v0x55f3cb31b550_0, 0, 32;
    %jmp T_2.11;
T_2.2 ;
    %load/vec4 v0x55f3cb31b2d0_0;
    %load/vec4 v0x55f3cb31b3b0_0;
    %and;
    %store/vec4 v0x55f3cb31b550_0, 0, 32;
    %jmp T_2.11;
T_2.3 ;
    %load/vec4 v0x55f3cb31b2d0_0;
    %load/vec4 v0x55f3cb31b3b0_0;
    %or;
    %store/vec4 v0x55f3cb31b550_0, 0, 32;
    %jmp T_2.11;
T_2.4 ;
    %load/vec4 v0x55f3cb31b2d0_0;
    %load/vec4 v0x55f3cb31b3b0_0;
    %xor;
    %store/vec4 v0x55f3cb31b550_0, 0, 32;
    %jmp T_2.11;
T_2.5 ;
    %load/vec4 v0x55f3cb31b2d0_0;
    %load/vec4 v0x55f3cb31b3b0_0;
    %parti/s 5, 0, 2;
    %ix/vec4 4;
    %shiftl 4;
    %store/vec4 v0x55f3cb31b550_0, 0, 32;
    %jmp T_2.11;
T_2.6 ;
    %load/vec4 v0x55f3cb31b2d0_0;
    %load/vec4 v0x55f3cb31b3b0_0;
    %parti/s 5, 0, 2;
    %ix/vec4 4;
    %shiftr 4;
    %store/vec4 v0x55f3cb31b550_0, 0, 32;
    %jmp T_2.11;
T_2.7 ;
    %load/vec4 v0x55f3cb31b2d0_0;
    %load/vec4 v0x55f3cb31b3b0_0;
    %parti/s 5, 0, 2;
    %ix/vec4 4;
    %shiftr/s 4;
    %store/vec4 v0x55f3cb31b550_0, 0, 32;
    %jmp T_2.11;
T_2.8 ;
    %load/vec4 v0x55f3cb31b2d0_0;
    %load/vec4 v0x55f3cb31b3b0_0;
    %cmp/s;
    %flag_mov 8, 5;
    %jmp/0 T_2.12, 8;
    %pushi/vec4 1, 0, 32;
    %jmp/1 T_2.13, 8;
T_2.12 ; End of true expr.
    %pushi/vec4 0, 0, 32;
    %jmp/0 T_2.13, 8;
 ; End of false expr.
    %blend;
T_2.13;
    %store/vec4 v0x55f3cb31b550_0, 0, 32;
    %jmp T_2.11;
T_2.9 ;
    %load/vec4 v0x55f3cb31b2d0_0;
    %load/vec4 v0x55f3cb31b3b0_0;
    %cmp/u;
    %flag_mov 8, 5;
    %jmp/0 T_2.14, 8;
    %pushi/vec4 1, 0, 32;
    %jmp/1 T_2.15, 8;
T_2.14 ; End of true expr.
    %pushi/vec4 0, 0, 32;
    %jmp/0 T_2.15, 8;
 ; End of false expr.
    %blend;
T_2.15;
    %store/vec4 v0x55f3cb31b550_0, 0, 32;
    %jmp T_2.11;
T_2.11 ;
    %pop/vec4 1;
    %jmp T_2;
    .thread T_2, $push;
    .scope S_0x55f3cb2f4480;
T_3 ;
    %pushi/vec4 3237998081, 0, 32;
    %store/vec4 v0x55f3cb31c2d0_0, 0, 32;
    %pushi/vec4 0, 0, 32;
    %store/vec4 v0x55f3cb2b6ed0_0, 0, 32;
    %pushi/vec4 0, 0, 32;
    %store/vec4 v0x55f3cb31acb0_0, 0, 32;
    %pushi/vec4 0, 0, 4;
    %store/vec4 v0x55f3cb31ae50_0, 0, 4;
    %fork TD_tb_alu.check, S_0x55f3cb2b6cf0;
    %join;
    %pushi/vec4 4294967295, 0, 32;
    %store/vec4 v0x55f3cb2b6ed0_0, 0, 32;
    %pushi/vec4 1, 0, 32;
    %store/vec4 v0x55f3cb31acb0_0, 0, 32;
    %pushi/vec4 0, 0, 4;
    %store/vec4 v0x55f3cb31ae50_0, 0, 4;
    %fork TD_tb_alu.check, S_0x55f3cb2b6cf0;
    %join;
    %pushi/vec4 0, 0, 32;
    %store/vec4 v0x55f3cb2b6ed0_0, 0, 32;
    %pushi/vec4 1, 0, 32;
    %store/vec4 v0x55f3cb31acb0_0, 0, 32;
    %pushi/vec4 1, 0, 4;
    %store/vec4 v0x55f3cb31ae50_0, 0, 4;
    %fork TD_tb_alu.check, S_0x55f3cb2b6cf0;
    %join;
    %pushi/vec4 2147483648, 0, 32;
    %store/vec4 v0x55f3cb2b6ed0_0, 0, 32;
    %pushi/vec4 31, 0, 32;
    %store/vec4 v0x55f3cb31acb0_0, 0, 32;
    %pushi/vec4 7, 0, 4;
    %store/vec4 v0x55f3cb31ae50_0, 0, 4;
    %fork TD_tb_alu.check, S_0x55f3cb2b6cf0;
    %join;
    %pushi/vec4 2147483648, 0, 32;
    %store/vec4 v0x55f3cb2b6ed0_0, 0, 32;
    %pushi/vec4 31, 0, 32;
    %store/vec4 v0x55f3cb31acb0_0, 0, 32;
    %pushi/vec4 6, 0, 4;
    %store/vec4 v0x55f3cb31ae50_0, 0, 4;
    %fork TD_tb_alu.check, S_0x55f3cb2b6cf0;
    %join;
    %pushi/vec4 1, 0, 32;
    %store/vec4 v0x55f3cb2b6ed0_0, 0, 32;
    %pushi/vec4 31, 0, 32;
    %store/vec4 v0x55f3cb31acb0_0, 0, 32;
    %pushi/vec4 5, 0, 4;
    %store/vec4 v0x55f3cb31ae50_0, 0, 4;
    %fork TD_tb_alu.check, S_0x55f3cb2b6cf0;
    %join;
    %pushi/vec4 4294967295, 0, 32;
    %store/vec4 v0x55f3cb2b6ed0_0, 0, 32;
    %pushi/vec4 1, 0, 32;
    %store/vec4 v0x55f3cb31acb0_0, 0, 32;
    %pushi/vec4 8, 0, 4;
    %store/vec4 v0x55f3cb31ae50_0, 0, 4;
    %fork TD_tb_alu.check, S_0x55f3cb2b6cf0;
    %join;
    %pushi/vec4 4294967295, 0, 32;
    %store/vec4 v0x55f3cb2b6ed0_0, 0, 32;
    %pushi/vec4 1, 0, 32;
    %store/vec4 v0x55f3cb31acb0_0, 0, 32;
    %pushi/vec4 9, 0, 4;
    %store/vec4 v0x55f3cb31ae50_0, 0, 4;
    %fork TD_tb_alu.check, S_0x55f3cb2b6cf0;
    %join;
    %pushi/vec4 0, 0, 32;
    %store/vec4 v0x55f3cb31c110_0, 0, 32;
T_3.0 ;
    %load/vec4 v0x55f3cb31c110_0;
    %cmpi/s 200, 0, 32;
    %jmp/0xz T_3.1, 5;
    %load/vec4 v0x55f3cb31c2d0_0;
    %muli 1664525, 0, 32;
    %addi 1013904223, 0, 32;
    %store/vec4 v0x55f3cb31c2d0_0, 0, 32;
    %load/vec4 v0x55f3cb31c2d0_0;
    %store/vec4 v0x55f3cb2b6ed0_0, 0, 32;
    %load/vec4 v0x55f3cb31c2d0_0;
    %pushi/vec4 2779096485, 0, 32;
    %xor;
    %store/vec4 v0x55f3cb31acb0_0, 0, 32;
    %load/vec4 v0x55f3cb31c110_0;
    %pushi/vec4 10, 0, 32;
    %mod/s;
    %pad/s 4;
    %store/vec4 v0x55f3cb31ae50_0, 0, 4;
    %fork TD_tb_alu.check, S_0x55f3cb2b6cf0;
    %join;
    %load/vec4 v0x55f3cb31c110_0;
    %addi 1, 0, 32;
    %store/vec4 v0x55f3cb31c110_0, 0, 32;
    %jmp T_3.0;
T_3.1 ;
    %vpi_call/w 3 74 "$display", "PASS tb_alu" {0 0 0};
    %vpi_call/w 3 75 "$finish" {0 0 0};
    %end;
    .thread T_3;
# The file index is used to find the file name in the following table.
:file_names 5;
    "N/A";
    "<interactive>";
    "-";
    "tb/tb_alu.v";
    "rtl/alu.v";
