#! /usr/bin/vvp
:ivl_version "11.0 (stable)";
:ivl_delay_selection "TYPICAL";
:vpi_time_precision + 0;
:vpi_module "/usr/lib/x86_64-linux-gnu/ivl/system.vpi";
:vpi_module "/usr/lib/x86_64-linux-gnu/ivl/vhdl_sys.vpi";
:vpi_module "/usr/lib/x86_64-linux-gnu/ivl/vhdl_textio.vpi";
:vpi_module "/usr/lib/x86_64-linux-gnu/ivl/v2005_math.vpi";
:vpi_module "/usr/lib/x86_64-linux-gnu/ivl/va_math.vpi";
:vpi_module "/usr/lib/x86_64-linux-gnu/ivl/v2009.vpi";
S_0x5782ccf6b680 .scope package, "$unit" "$unit" 2 1;
 .timescale 0 0;
S_0x5782ccf6b810 .scope module, "tb_branch_cmp" "tb_branch_cmp" 3 1;
 .timescale 0 0;
v0x5782ccf8e8d0_0 .var "funct3", 2 0;
v0x5782ccf8e9b0_0 .var "rs1", 31 0;
v0x5782ccf8ea80_0 .var "rs2", 31 0;
v0x5782ccf8eb80_0 .net "take", 0 0, v0x5782ccf8e760_0;  1 drivers
S_0x5782ccf2fcf0 .scope task, "check" "check" 3 8, 3 8 0, S_0x5782ccf6b810;
 .timescale 0 0;
v0x5782ccf417e0_0 .var "a", 31 0;
v0x5782ccf41bd0_0 .var "b", 31 0;
v0x5782ccf8dfc0_0 .var "exp", 0 0;
v0x5782ccf8e060_0 .var "f3", 2 0;
v0x5782ccf8e140_0 .var "name", 255 0;
TD_tb_branch_cmp.check ;
    %load/vec4 v0x5782ccf8e060_0;
    %store/vec4 v0x5782ccf8e8d0_0, 0, 3;
    %load/vec4 v0x5782ccf417e0_0;
    %store/vec4 v0x5782ccf8e9b0_0, 0, 32;
    %load/vec4 v0x5782ccf41bd0_0;
    %store/vec4 v0x5782ccf8ea80_0, 0, 32;
    %delay 1, 0;
    %load/vec4 v0x5782ccf8eb80_0;
    %load/vec4 v0x5782ccf8dfc0_0;
    %cmp/ne;
    %jmp/0xz  T_0.0, 6;
    %vpi_call/w 3 17 "$display", "FAIL %s f3=%b rs1=%h rs2=%h got=%b exp=%b", v0x5782ccf8e140_0, v0x5782ccf8e060_0, v0x5782ccf417e0_0, v0x5782ccf41bd0_0, v0x5782ccf8eb80_0, v0x5782ccf8dfc0_0 {0 0 0};
    %vpi_call/w 3 18 "$finish" {0 0 0};
    %jmp T_0.1;
T_0.0 ;
    %vpi_call/w 3 20 "$display", "PASS %s", v0x5782ccf8e140_0 {0 0 0};
T_0.1 ;
    %end;
S_0x5782ccf8e270 .scope module, "dut" "branch_cmp" 3 6, 4 1 0, S_0x5782ccf6b810;
 .timescale 0 0;
    .port_info 0 /INPUT 3 "funct3";
    .port_info 1 /INPUT 32 "rs1";
    .port_info 2 /INPUT 32 "rs2";
    .port_info 3 /OUTPUT 1 "take";
v0x5782ccf8e490_0 .net "funct3", 2 0, v0x5782ccf8e8d0_0;  1 drivers
v0x5782ccf8e590_0 .net "rs1", 31 0, v0x5782ccf8e9b0_0;  1 drivers
v0x5782ccf8e670_0 .net "rs2", 31 0, v0x5782ccf8ea80_0;  1 drivers
v0x5782ccf8e760_0 .var "take", 0 0;
E_0x5782ccf30360 .event edge, v0x5782ccf8e490_0, v0x5782ccf8e590_0, v0x5782ccf8e670_0;
    .scope S_0x5782ccf8e270;
T_1 ;
    %wait E_0x5782ccf30360;
    %load/vec4 v0x5782ccf8e490_0;
    %dup/vec4;
    %pushi/vec4 0, 0, 3;
    %cmp/u;
    %jmp/1 T_1.0, 6;
    %dup/vec4;
    %pushi/vec4 1, 0, 3;
    %cmp/u;
    %jmp/1 T_1.1, 6;
    %dup/vec4;
    %pushi/vec4 4, 0, 3;
    %cmp/u;
    %jmp/1 T_1.2, 6;
    %dup/vec4;
    %pushi/vec4 5, 0, 3;
    %cmp/u;
    %jmp/1 T_1.3, 6;
    %dup/vec4;
    %pushi/vec4 6, 0, 3;
    %cmp/u;
    %jmp/1 T_1.4, 6;
    %dup/vec4;
    %pushi/vec4 7, 0, 3;
    %cmp/u;
    %jmp/1 T_1.5, 6;
    %pushi/vec4 0, 0, 1;
    %store/vec4 v0x5782ccf8e760_0, 0, 1;
    %jmp T_1.7;
T_1.0 ;
    %load/vec4 v0x5782ccf8e590_0;
    %load/vec4 v0x5782ccf8e670_0;
    %cmp/e;
    %flag_get/vec4 4;
    %store/vec4 v0x5782ccf8e760_0, 0, 1;
    %jmp T_1.7;
T_1.1 ;
    %load/vec4 v0x5782ccf8e590_0;
    %load/vec4 v0x5782ccf8e670_0;
    %cmp/ne;
    %flag_get/vec4 4;
    %store/vec4 v0x5782ccf8e760_0, 0, 1;
    %jmp T_1.7;
T_1.2 ;
    %load/vec4 v0x5782ccf8e590_0;
    %load/vec4 v0x5782ccf8e670_0;
    %cmp/s;
    %flag_get/vec4 5;
    %store/vec4 v0x5782ccf8e760_0, 0, 1;
    %jmp T_1.7;
T_1.3 ;
    %load/vec4 v0x5782ccf8e670_0;
    %load/vec4 v0x5782ccf8e590_0;
    %cmp/s;
    %flag_get/vec4 4;
    %flag_get/vec4 5;
    %or;
    %store/vec4 v0x5782ccf8e760_0, 0, 1;
    %jmp T_1.7;
T_1.4 ;
    %load/vec4 v0x5782ccf8e590_0;
    %load/vec4 v0x5782ccf8e670_0;
    %cmp/u;
    %flag_get/vec4 5;
    %store/vec4 v0x5782ccf8e760_0, 0, 1;
    %jmp T_1.7;
T_1.5 ;
    %load/vec4 v0x5782ccf8e670_0;
    %load/vec4 v0x5782ccf8e590_0;
    %cmp/u;
    %flag_get/vec4 4;
    %flag_get/vec4 5;
    %or;
    %store/vec4 v0x5782ccf8e760_0, 0, 1;
    %jmp T_1.7;
T_1.7 ;
    %pop/vec4 1;
    %jmp T_1;
    .thread T_1, $push;
    .scope S_0x5782ccf6b810;
T_2 ;
    %pushi/vec4 0, 0, 3;
    %store/vec4 v0x5782ccf8e060_0, 0, 3;
    %pushi/vec4 5, 0, 32;
    %store/vec4 v0x5782ccf417e0_0, 0, 32;
    %pushi/vec4 5, 0, 32;
    %store/vec4 v0x5782ccf41bd0_0, 0, 32;
    %pushi/vec4 1, 0, 1;
    %store/vec4 v0x5782ccf8dfc0_0, 0, 1;
    %pushi/vec4 0, 0, 32; draw_string_vec4
    %pushi/vec4 0, 0, 32; draw_string_vec4
    %concat/vec4; draw_string_vec4
    %pushi/vec4 0, 0, 32; draw_string_vec4
    %concat/vec4; draw_string_vec4
    %pushi/vec4 0, 0, 32; draw_string_vec4
    %concat/vec4; draw_string_vec4
    %pushi/vec4 0, 0, 32; draw_string_vec4
    %concat/vec4; draw_string_vec4
    %pushi/vec4 0, 0, 32; draw_string_vec4
    %concat/vec4; draw_string_vec4
    %pushi/vec4 1111839008, 0, 32; draw_string_vec4
    %concat/vec4; draw_string_vec4
    %pushi/vec4 1953658213, 0, 32; draw_string_vec4
    %concat/vec4; draw_string_vec4
    %store/vec4 v0x5782ccf8e140_0, 0, 256;
    %fork TD_tb_branch_cmp.check, S_0x5782ccf2fcf0;
    %join;
    %pushi/vec4 0, 0, 3;
    %store/vec4 v0x5782ccf8e060_0, 0, 3;
    %pushi/vec4 5, 0, 32;
    %store/vec4 v0x5782ccf417e0_0, 0, 32;
    %pushi/vec4 6, 0, 32;
    %store/vec4 v0x5782ccf41bd0_0, 0, 32;
    %pushi/vec4 0, 0, 1;
    %store/vec4 v0x5782ccf8dfc0_0, 0, 1;
    %pushi/vec4 0, 0, 32; draw_string_vec4
    %pushi/vec4 0, 0, 32; draw_string_vec4
    %concat/vec4; draw_string_vec4
    %pushi/vec4 0, 0, 32; draw_string_vec4
    %concat/vec4; draw_string_vec4
    %pushi/vec4 0, 0, 32; draw_string_vec4
    %concat/vec4; draw_string_vec4
    %pushi/vec4 0, 0, 32; draw_string_vec4
    %concat/vec4; draw_string_vec4
    %pushi/vec4 66, 0, 32; draw_string_vec4
    %concat/vec4; draw_string_vec4
    %pushi/vec4 1162944614, 0, 32; draw_string_vec4
    %concat/vec4; draw_string_vec4
    %pushi/vec4 1634497381, 0, 32; draw_string_vec4
    %concat/vec4; draw_string_vec4
    %store/vec4 v0x5782ccf8e140_0, 0, 256;
    %fork TD_tb_branch_cmp.check, S_0x5782ccf2fcf0;
    %join;
    %pushi/vec4 1, 0, 3;
    %store/vec4 v0x5782ccf8e060_0, 0, 3;
    %pushi/vec4 5, 0, 32;
    %store/vec4 v0x5782ccf417e0_0, 0, 32;
    %pushi/vec4 6, 0, 32;
    %store/vec4 v0x5782ccf41bd0_0, 0, 32;
    %pushi/vec4 1, 0, 1;
    %store/vec4 v0x5782ccf8dfc0_0, 0, 1;
    %pushi/vec4 0, 0, 32; draw_string_vec4
    %pushi/vec4 0, 0, 32; draw_string_vec4
    %concat/vec4; draw_string_vec4
    %pushi/vec4 0, 0, 32; draw_string_vec4
    %concat/vec4; draw_string_vec4
    %pushi/vec4 0, 0, 32; draw_string_vec4
    %concat/vec4; draw_string_vec4
    %pushi/vec4 0, 0, 32; draw_string_vec4
    %concat/vec4; draw_string_vec4
    %pushi/vec4 0, 0, 32; draw_string_vec4
    %concat/vec4; draw_string_vec4
    %pushi/vec4 1112425760, 0, 32; draw_string_vec4
    %concat/vec4; draw_string_vec4
    %pushi/vec4 1953658213, 0, 32; draw_string_vec4
    %concat/vec4; draw_string_vec4
    %store/vec4 v0x5782ccf8e140_0, 0, 256;
    %fork TD_tb_branch_cmp.check, S_0x5782ccf2fcf0;
    %join;
    %pushi/vec4 1, 0, 3;
    %store/vec4 v0x5782ccf8e060_0, 0, 3;
    %pushi/vec4 5, 0, 32;
    %store/vec4 v0x5782ccf417e0_0, 0, 32;
    %pushi/vec4 5, 0, 32;
    %store/vec4 v0x5782ccf41bd0_0, 0, 32;
    %pushi/vec4 0, 0, 1;
    %store/vec4 v0x5782ccf8dfc0_0, 0, 1;
    %pushi/vec4 0, 0, 32; draw_string_vec4
    %pushi/vec4 0, 0, 32; draw_string_vec4
    %concat/vec4; draw_string_vec4
    %pushi/vec4 0, 0, 32; draw_string_vec4
    %concat/vec4; draw_string_vec4
    %pushi/vec4 0, 0, 32; draw_string_vec4
    %concat/vec4; draw_string_vec4
    %pushi/vec4 0, 0, 32; draw_string_vec4
    %concat/vec4; draw_string_vec4
    %pushi/vec4 66, 0, 32; draw_string_vec4
    %concat/vec4; draw_string_vec4
    %pushi/vec4 1313153126, 0, 32; draw_string_vec4
    %concat/vec4; draw_string_vec4
    %pushi/vec4 1634497381, 0, 32; draw_string_vec4
    %concat/vec4; draw_string_vec4
    %store/vec4 v0x5782ccf8e140_0, 0, 256;
    %fork TD_tb_branch_cmp.check, S_0x5782ccf2fcf0;
    %join;
    %pushi/vec4 4, 0, 3;
    %store/vec4 v0x5782ccf8e060_0, 0, 3;
    %pushi/vec4 4294967295, 0, 32;
    %store/vec4 v0x5782ccf417e0_0, 0, 32;
    %pushi/vec4 1, 0, 32;
    %store/vec4 v0x5782ccf41bd0_0, 0, 32;
    %pushi/vec4 1, 0, 1;
    %store/vec4 v0x5782ccf8dfc0_0, 0, 1;
    %pushi/vec4 0, 0, 32; draw_string_vec4
    %pushi/vec4 0, 0, 32; draw_string_vec4
    %concat/vec4; draw_string_vec4
    %pushi/vec4 0, 0, 32; draw_string_vec4
    %concat/vec4; draw_string_vec4
    %pushi/vec4 4344916, 0, 32; draw_string_vec4
    %concat/vec4; draw_string_vec4
    %pushi/vec4 544434535, 0, 32; draw_string_vec4
    %concat/vec4; draw_string_vec4
    %pushi/vec4 1852138528, 0, 32; draw_string_vec4
    %concat/vec4; draw_string_vec4
    %pushi/vec4 674050336, 0, 32; draw_string_vec4
    %concat/vec4; draw_string_vec4
    %pushi/vec4 1008742697, 0, 32; draw_string_vec4
    %concat/vec4; draw_string_vec4
    %store/vec4 v0x5782ccf8e140_0, 0, 256;
    %fork TD_tb_branch_cmp.check, S_0x5782ccf2fcf0;
    %join;
    %pushi/vec4 5, 0, 3;
    %store/vec4 v0x5782ccf8e060_0, 0, 3;
    %pushi/vec4 4294967295, 0, 32;
    %store/vec4 v0x5782ccf417e0_0, 0, 32;
    %pushi/vec4 1, 0, 32;
    %store/vec4 v0x5782ccf41bd0_0, 0, 32;
    %pushi/vec4 0, 0, 1;
    %store/vec4 v0x5782ccf8dfc0_0, 0, 1;
    %pushi/vec4 0, 0, 32; draw_string_vec4
    %pushi/vec4 16967, 0, 32; draw_string_vec4
    %concat/vec4; draw_string_vec4
    %pushi/vec4 1159754601, 0, 32; draw_string_vec4
    %concat/vec4; draw_string_vec4
    %pushi/vec4 1735288164, 0, 32; draw_string_vec4
    %concat/vec4; draw_string_vec4
    %pushi/vec4 539503921, 0, 32; draw_string_vec4
    %concat/vec4; draw_string_vec4
    %pushi/vec4 540949792, 0, 32; draw_string_vec4
    %concat/vec4; draw_string_vec4
    %pushi/vec4 824778854, 0, 32; draw_string_vec4
    %concat/vec4; draw_string_vec4
    %pushi/vec4 1634497381, 0, 32; draw_string_vec4
    %concat/vec4; draw_string_vec4
    %store/vec4 v0x5782ccf8e140_0, 0, 256;
    %fork TD_tb_branch_cmp.check, S_0x5782ccf2fcf0;
    %join;
    %pushi/vec4 4, 0, 3;
    %store/vec4 v0x5782ccf8e060_0, 0, 3;
    %pushi/vec4 2147483648, 0, 32;
    %store/vec4 v0x5782ccf417e0_0, 0, 32;
    %pushi/vec4 0, 0, 32;
    %store/vec4 v0x5782ccf41bd0_0, 0, 32;
    %pushi/vec4 1, 0, 1;
    %store/vec4 v0x5782ccf8dfc0_0, 0, 1;
    %pushi/vec4 0, 0, 32; draw_string_vec4
    %pushi/vec4 0, 0, 32; draw_string_vec4
    %concat/vec4; draw_string_vec4
    %pushi/vec4 4344916, 0, 32; draw_string_vec4
    %concat/vec4; draw_string_vec4
    %pushi/vec4 544434535, 0, 32; draw_string_vec4
    %concat/vec4; draw_string_vec4
    %pushi/vec4 1852138528, 0, 32; draw_string_vec4
    %concat/vec4; draw_string_vec4
    %pushi/vec4 678259054, 0, 32; draw_string_vec4
    %concat/vec4; draw_string_vec4
    %pushi/vec4 1768846368, 0, 32; draw_string_vec4
    %concat/vec4; draw_string_vec4
    %pushi/vec4 1008742441, 0, 32; draw_string_vec4
    %concat/vec4; draw_string_vec4
    %store/vec4 v0x5782ccf8e140_0, 0, 256;
    %fork TD_tb_branch_cmp.check, S_0x5782ccf2fcf0;
    %join;
    %pushi/vec4 5, 0, 3;
    %store/vec4 v0x5782ccf8e060_0, 0, 3;
    %pushi/vec4 0, 0, 32;
    %store/vec4 v0x5782ccf417e0_0, 0, 32;
    %pushi/vec4 2147483648, 0, 32;
    %store/vec4 v0x5782ccf41bd0_0, 0, 32;
    %pushi/vec4 1, 0, 1;
    %store/vec4 v0x5782ccf8dfc0_0, 0, 1;
    %pushi/vec4 0, 0, 32; draw_string_vec4
    %pushi/vec4 0, 0, 32; draw_string_vec4
    %concat/vec4; draw_string_vec4
    %pushi/vec4 1111967008, 0, 32; draw_string_vec4
    %concat/vec4; draw_string_vec4
    %pushi/vec4 1936287598, 0, 32; draw_string_vec4
    %concat/vec4; draw_string_vec4
    %pushi/vec4 1701060648, 0, 32; draw_string_vec4
    %concat/vec4; draw_string_vec4
    %pushi/vec4 807419453, 0, 32; draw_string_vec4
    %concat/vec4; draw_string_vec4
    %pushi/vec4 544041326, 0, 32; draw_string_vec4
    %concat/vec4; draw_string_vec4
    %pushi/vec4 1768846377, 0, 32; draw_string_vec4
    %concat/vec4; draw_string_vec4
    %store/vec4 v0x5782ccf8e140_0, 0, 256;
    %fork TD_tb_branch_cmp.check, S_0x5782ccf2fcf0;
    %join;
    %pushi/vec4 6, 0, 3;
    %store/vec4 v0x5782ccf8e060_0, 0, 3;
    %pushi/vec4 4294967295, 0, 32;
    %store/vec4 v0x5782ccf417e0_0, 0, 32;
    %pushi/vec4 1, 0, 32;
    %store/vec4 v0x5782ccf41bd0_0, 0, 32;
    %pushi/vec4 0, 0, 1;
    %store/vec4 v0x5782ccf8dfc0_0, 0, 1;
    %pushi/vec4 66, 0, 32; draw_string_vec4
    %pushi/vec4 1280595232, 0, 32; draw_string_vec4
    %concat/vec4; draw_string_vec4
    %pushi/vec4 1970172777, 0, 32; draw_string_vec4
    %concat/vec4; draw_string_vec4
    %pushi/vec4 1735288164, 0, 32; draw_string_vec4
    %concat/vec4; draw_string_vec4
    %pushi/vec4 539520353, 0, 32; draw_string_vec4
    %concat/vec4; draw_string_vec4
    %pushi/vec4 2015378464, 0, 32; draw_string_vec4
    %concat/vec4; draw_string_vec4
    %pushi/vec4 824778854, 0, 32; draw_string_vec4
    %concat/vec4; draw_string_vec4
    %pushi/vec4 1634497381, 0, 32; draw_string_vec4
    %concat/vec4; draw_string_vec4
    %store/vec4 v0x5782ccf8e140_0, 0, 256;
    %fork TD_tb_branch_cmp.check, S_0x5782ccf2fcf0;
    %join;
    %pushi/vec4 7, 0, 3;
    %store/vec4 v0x5782ccf8e060_0, 0, 3;
    %pushi/vec4 4294967295, 0, 32;
    %store/vec4 v0x5782ccf417e0_0, 0, 32;
    %pushi/vec4 1, 0, 32;
    %store/vec4 v0x5782ccf41bd0_0, 0, 32;
    %pushi/vec4 1, 0, 1;
    %store/vec4 v0x5782ccf8dfc0_0, 0, 1;
    %pushi/vec4 66, 0, 32; draw_string_vec4
    %pushi/vec4 1195726112, 0, 32; draw_string_vec4
    %concat/vec4; draw_string_vec4
    %pushi/vec4 1970172777, 0, 32; draw_string_vec4
    %concat/vec4; draw_string_vec4
    %pushi/vec4 1735288164, 0, 32; draw_string_vec4
    %concat/vec4; draw_string_vec4
    %pushi/vec4 539520353, 0, 32; draw_string_vec4
    %concat/vec4; draw_string_vec4
    %pushi/vec4 2015379005, 0, 32; draw_string_vec4
    %concat/vec4; draw_string_vec4
    %pushi/vec4 540092704, 0, 32; draw_string_vec4
    %concat/vec4; draw_string_vec4
    %pushi/vec4 1953658213, 0, 32; draw_string_vec4
    %concat/vec4; draw_string_vec4
    %store/vec4 v0x5782ccf8e140_0, 0, 256;
    %fork TD_tb_branch_cmp.check, S_0x5782ccf2fcf0;
    %join;
    %pushi/vec4 6, 0, 3;
    %store/vec4 v0x5782ccf8e060_0, 0, 3;
    %pushi/vec4 0, 0, 32;
    %store/vec4 v0x5782ccf417e0_0, 0, 32;
    %pushi/vec4 2147483648, 0, 32;
    %store/vec4 v0x5782ccf41bd0_0, 0, 32;
    %pushi/vec4 1, 0, 1;
    %store/vec4 v0x5782ccf8dfc0_0, 0, 1;
    %pushi/vec4 16972, 0, 32; draw_string_vec4
    %pushi/vec4 1414865013, 0, 32; draw_string_vec4
    %concat/vec4; draw_string_vec4
    %pushi/vec4 1853057383, 0, 32; draw_string_vec4
    %concat/vec4; draw_string_vec4
    %pushi/vec4 1852138528, 0, 32; draw_string_vec4
    %concat/vec4; draw_string_vec4
    %pushi/vec4 674242620, 0, 32; draw_string_vec4
    %concat/vec4; draw_string_vec4
    %pushi/vec4 540047416, 0, 32; draw_string_vec4
    %concat/vec4; draw_string_vec4
    %pushi/vec4 808464432, 0, 32; draw_string_vec4
    %concat/vec4; draw_string_vec4
    %pushi/vec4 808464425, 0, 32; draw_string_vec4
    %concat/vec4; draw_string_vec4
    %store/vec4 v0x5782ccf8e140_0, 0, 256;
    %fork TD_tb_branch_cmp.check, S_0x5782ccf2fcf0;
    %join;
    %pushi/vec4 7, 0, 3;
    %store/vec4 v0x5782ccf8e060_0, 0, 3;
    %pushi/vec4 0, 0, 32;
    %store/vec4 v0x5782ccf417e0_0, 0, 32;
    %pushi/vec4 2147483648, 0, 32;
    %store/vec4 v0x5782ccf41bd0_0, 0, 32;
    %pushi/vec4 0, 0, 1;
    %store/vec4 v0x5782ccf8dfc0_0, 0, 1;
    %pushi/vec4 3940345554, 0, 33;
    %concati/vec4 3470576328, 0, 32;
    %concati/vec4 2158018688, 0, 33;
    %concati/vec4 4176773313, 0, 32;
    %concati/vec4 3772825792, 0, 32;
    %concati/vec4 3233857728, 0, 32;
    %concati/vec4 3232006553, 0, 32;
    %concati/vec4 560755557, 0, 30;
    %store/vec4 v0x5782ccf8e140_0, 0, 256;
    %fork TD_tb_branch_cmp.check, S_0x5782ccf2fcf0;
    %join;
    %vpi_call/w 3 47 "$display", "ALL BRANCH_CMP TESTS PASSED" {0 0 0};
    %vpi_call/w 3 48 "$finish" {0 0 0};
    %end;
    .thread T_2;
# The file index is used to find the file name in the following table.
:file_names 5;
    "N/A";
    "<interactive>";
    "-";
    "tb/tb_branch_cmp.v";
    "rtl/branch_cmp.v";
