#! /usr/bin/vvp
:ivl_version "11.0 (stable)";
:ivl_delay_selection "TYPICAL";
:vpi_time_precision + 0;
:vpi_module "/usr/lib/x86_64-linux-gnu/ivl/system.vpi";
:vpi_module "/usr/lib/x86_64-linux-gnu/ivl/vhdl_sys.vpi";
:vpi_module "/usr/lib/x86_64-linux-gnu/ivl/vhdl_textio.vpi";
:vpi_module "/usr/lib/x86_64-linux-gnu/ivl/v2005_math.vpi";
:vpi_module "/usr/lib/x86_64-linux-gnu/ivl/va_math.vpi";
:vpi_module "/usr/lib/x86_64-linux-gnu/ivl/v2009.vpi";
S_0x58145cb18e00 .scope package, "$unit" "$unit" 2 1;
 .timescale 0 0;
S_0x58145cb76f20 .scope module, "tb_cpu_smoke" "tb_cpu_smoke" 3 1;
 .timescale 0 0;
v0x58145cb9fdf0_0 .var "clk", 0 0;
v0x58145cb9feb0_0 .net "halted", 0 0, v0x58145cb9ea60_0;  1 drivers
v0x58145cb9ff70_0 .var "rst_n", 0 0;
v0x58145cba0070_0 .net "tohost", 31 0, v0x58145cb9fa30_0;  1 drivers
S_0x58145cb79170 .scope module, "dut" "cpu_top" 3 7, 4 1 0, S_0x58145cb76f20;
 .timescale 0 0;
    .port_info 0 /INPUT 1 "clk";
    .port_info 1 /INPUT 1 "rst_n";
    .port_info 2 /OUTPUT 1 "halted";
    .port_info 3 /OUTPUT 32 "tohost";
P_0x58145cb580f0 .param/l "TOHOST_ADDR" 1 4 9, C4<00000000000000000000000100000000>;
L_0x58145cbb3af0 .functor NOT 1, v0x58145cb9ea60_0, C4<0>, C4<0>, C4<0>;
L_0x58145cbb3bb0 .functor AND 1, v0x58145cb97c80_0, L_0x58145cbb3af0, C4<1>, C4<1>;
L_0x58145cbb4a80 .functor AND 1, v0x58145cb97ae0_0, L_0x58145cbb4910, C4<1>, C4<1>;
L_0x58145cbb4b90 .functor NOT 1, v0x58145cb9ea60_0, C4<0>, C4<0>, C4<0>;
L_0x58145cbb4c00 .functor AND 1, v0x58145cb97ae0_0, L_0x58145cbb4b90, C4<1>, C4<1>;
L_0x58145cbb4cc0 .functor NOT 1, L_0x58145cbb4a80, C4<0>, C4<0>, C4<0>;
L_0x58145cbb4dc0 .functor AND 1, L_0x58145cbb4c00, L_0x58145cbb4cc0, C4<1>, C4<1>;
L_0x7e1744bc1330 .functor BUFT 1, C4<00000000000000000000000100000000>, C4<0>, C4<0>, C4<0>;
v0x58145cb9dd70_0 .net/2u *"_ivl_14", 31 0, L_0x7e1744bc1330;  1 drivers
v0x58145cb9de70_0 .net *"_ivl_16", 0 0, L_0x58145cbb4910;  1 drivers
v0x58145cb9df30_0 .net *"_ivl_20", 0 0, L_0x58145cbb4b90;  1 drivers
v0x58145cb9dff0_0 .net *"_ivl_22", 0 0, L_0x58145cbb4c00;  1 drivers
v0x58145cb9e0d0_0 .net *"_ivl_24", 0 0, L_0x58145cbb4cc0;  1 drivers
v0x58145cb9e200_0 .net *"_ivl_8", 0 0, L_0x58145cbb3af0;  1 drivers
v0x58145cb9e2e0_0 .net "alu_b", 31 0, L_0x58145cbb4690;  1 drivers
v0x58145cb9e3a0_0 .net "alu_op", 3 0, v0x58145cb7d230_0;  1 drivers
v0x58145cb9e490_0 .net "alu_src_imm", 0 0, v0x58145cb723e0_0;  1 drivers
v0x58145cb9e530_0 .net "alu_y", 31 0, v0x58145cb9db10_0;  1 drivers
v0x58145cb9e5d0_0 .net "alu_zero", 0 0, L_0x58145cbb47d0;  1 drivers
v0x58145cb9e670_0 .net "branch", 0 0, v0x58145cb97270_0;  1 drivers
v0x58145cb9e760_0 .net "clk", 0 0, v0x58145cb9fdf0_0;  1 drivers
v0x58145cb9e850_0 .net "dmem_rdata", 31 0, L_0x58145cbb51f0;  1 drivers
v0x58145cb9e8f0_0 .net "dmem_we_actual", 0 0, L_0x58145cbb4dc0;  1 drivers
v0x58145cb9e990_0 .net "funct3", 2 0, L_0x58145cba0690;  1 drivers
v0x58145cb9ea60_0 .var "halted", 0 0;
v0x58145cb9ec10_0 .net "imm", 31 0, v0x58145cb9a330_0;  1 drivers
v0x58145cb9ed00_0 .net "instr", 31 0, L_0x58145cba04a0;  1 drivers
v0x58145cb9edc0_0 .net "jal", 0 0, v0x58145cb978a0_0;  1 drivers
v0x58145cb9eeb0_0 .net "jalr", 0 0, v0x58145cb97960_0;  1 drivers
v0x58145cb9efa0_0 .net "mem_we", 0 0, v0x58145cb97ae0_0;  1 drivers
v0x58145cb9f040_0 .var "pc", 31 0;
v0x58145cb9f130_0 .net "pc_next_val", 31 0, v0x58145cb9bac0_0;  1 drivers
v0x58145cb9f1f0_0 .net "rd", 4 0, L_0x58145cba05a0;  1 drivers
v0x58145cb9f290_0 .net "reg_we", 0 0, v0x58145cb97c80_0;  1 drivers
v0x58145cb9f330_0 .net "reg_we_actual", 0 0, L_0x58145cbb3bb0;  1 drivers
v0x58145cb9f400_0 .net "rs1", 4 0, L_0x58145cba0780;  1 drivers
v0x58145cb9f4d0_0 .net "rs1_val", 31 0, L_0x58145cbb3fe0;  1 drivers
v0x58145cb9f570_0 .net "rs2", 4 0, L_0x58145cba0870;  1 drivers
v0x58145cb9f640_0 .net "rs2_val", 31 0, L_0x58145cbb4470;  1 drivers
v0x58145cb9f6e0_0 .net "rst_n", 0 0, v0x58145cb9ff70_0;  1 drivers
v0x58145cb9f780_0 .net "take_branch", 0 0, v0x58145cb43450_0;  1 drivers
v0x58145cb9fa30_0 .var "tohost", 31 0;
v0x58145cb9fb10_0 .net "tohost_hit", 0 0, L_0x58145cbb4a80;  1 drivers
v0x58145cb9fbd0_0 .var "wb_data", 31 0;
v0x58145cb9fc90_0 .net "wb_sel", 1 0, v0x58145cb97e20_0;  1 drivers
E_0x58145cb4e0c0/0 .event negedge, v0x58145cb9f6e0_0;
E_0x58145cb4e0c0/1 .event posedge, v0x58145cb98650_0;
E_0x58145cb4e0c0 .event/or E_0x58145cb4e0c0/0, E_0x58145cb4e0c0/1;
E_0x58145cb4e540/0 .event edge, v0x58145cb97e20_0, v0x58145cb98570_0, v0x58145cb98900_0, v0x58145cb9af10_0;
E_0x58145cb4e540/1 .event edge, v0x58145cb9a330_0;
E_0x58145cb4e540 .event/or E_0x58145cb4e540/0, E_0x58145cb4e540/1;
L_0x58145cba05a0 .part L_0x58145cba04a0, 7, 5;
L_0x58145cba0690 .part L_0x58145cba04a0, 12, 3;
L_0x58145cba0780 .part L_0x58145cba04a0, 15, 5;
L_0x58145cba0870 .part L_0x58145cba04a0, 20, 5;
L_0x58145cbb4690 .functor MUXZ 32, L_0x58145cbb4470, v0x58145cb9a330_0, v0x58145cb723e0_0, C4<>;
L_0x58145cbb4910 .cmp/eq 32, v0x58145cb9db10_0, L_0x7e1744bc1330;
S_0x58145cb77cc0 .scope module, "bc" "branch_cmp" 4 86, 5 1 0, S_0x58145cb79170;
 .timescale 0 0;
    .port_info 0 /INPUT 3 "funct3";
    .port_info 1 /INPUT 32 "rs1";
    .port_info 2 /INPUT 32 "rs2";
    .port_info 3 /OUTPUT 1 "take";
v0x58145cb220f0_0 .net "funct3", 2 0, L_0x58145cba0690;  alias, 1 drivers
v0x58145cb24aa0_0 .net "rs1", 31 0, L_0x58145cbb3fe0;  alias, 1 drivers
v0x58145cb2a840_0 .net "rs2", 31 0, L_0x58145cbb4470;  alias, 1 drivers
v0x58145cb43450_0 .var "take", 0 0;
E_0x58145cb4e980 .event edge, v0x58145cb220f0_0, v0x58145cb24aa0_0, v0x58145cb2a840_0;
S_0x58145cb96510 .scope module, "dec" "decode" 4 37, 6 1 0, S_0x58145cb79170;
 .timescale 0 0;
    .port_info 0 /INPUT 32 "instr";
    .port_info 1 /OUTPUT 1 "reg_we";
    .port_info 2 /OUTPUT 1 "mem_we";
    .port_info 3 /OUTPUT 1 "mem_re";
    .port_info 4 /OUTPUT 1 "alu_src_imm";
    .port_info 5 /OUTPUT 2 "wb_sel";
    .port_info 6 /OUTPUT 1 "branch";
    .port_info 7 /OUTPUT 1 "jal";
    .port_info 8 /OUTPUT 1 "jalr";
    .port_info 9 /OUTPUT 4 "alu_op";
P_0x58145cb96710 .param/l "ALU_ADD" 1 6 15, C4<0000>;
P_0x58145cb96750 .param/l "ALU_AND" 1 6 17, C4<0010>;
P_0x58145cb96790 .param/l "ALU_OR" 1 6 18, C4<0011>;
P_0x58145cb967d0 .param/l "ALU_SLL" 1 6 20, C4<0101>;
P_0x58145cb96810 .param/l "ALU_SLT" 1 6 23, C4<1000>;
P_0x58145cb96850 .param/l "ALU_SLTU" 1 6 24, C4<1001>;
P_0x58145cb96890 .param/l "ALU_SRA" 1 6 22, C4<0111>;
P_0x58145cb968d0 .param/l "ALU_SRL" 1 6 21, C4<0110>;
P_0x58145cb96910 .param/l "ALU_SUB" 1 6 16, C4<0001>;
P_0x58145cb96950 .param/l "ALU_XOR" 1 6 19, C4<0100>;
P_0x58145cb96990 .param/l "WB_ALU" 1 6 27, C4<00>;
P_0x58145cb969d0 .param/l "WB_IMM_U" 1 6 30, C4<11>;
P_0x58145cb96a10 .param/l "WB_MEM" 1 6 28, C4<01>;
P_0x58145cb96a50 .param/l "WB_PC4" 1 6 29, C4<10>;
v0x58145cb7d230_0 .var "alu_op", 3 0;
v0x58145cb723e0_0 .var "alu_src_imm", 0 0;
v0x58145cb97270_0 .var "branch", 0 0;
v0x58145cb97310_0 .net "funct3", 2 0, L_0x58145cba0a30;  1 drivers
v0x58145cb973f0_0 .net "funct7", 6 0, L_0x58145cba0ad0;  1 drivers
v0x58145cb97520_0 .net "imm12", 11 0, L_0x58145cba0c40;  1 drivers
v0x58145cb97600_0 .net "imm5", 4 0, L_0x58145cba0dc0;  1 drivers
v0x58145cb976e0_0 .net "imm7", 6 0, L_0x58145cba0ce0;  1 drivers
v0x58145cb977c0_0 .net "instr", 31 0, L_0x58145cba04a0;  alias, 1 drivers
v0x58145cb978a0_0 .var "jal", 0 0;
v0x58145cb97960_0 .var "jalr", 0 0;
v0x58145cb97a20_0 .var "mem_re", 0 0;
v0x58145cb97ae0_0 .var "mem_we", 0 0;
v0x58145cb97ba0_0 .net "opcode", 6 0, L_0x58145cba0990;  1 drivers
v0x58145cb97c80_0 .var "reg_we", 0 0;
v0x58145cb97d40_0 .net "shamt", 4 0, L_0x58145cba0b70;  1 drivers
v0x58145cb97e20_0 .var "wb_sel", 1 0;
E_0x58145cb4ee00 .event edge, v0x58145cb97ba0_0, v0x58145cb97310_0, v0x58145cb973f0_0, v0x58145cb97520_0;
L_0x58145cba0990 .part L_0x58145cba04a0, 0, 7;
L_0x58145cba0a30 .part L_0x58145cba04a0, 12, 3;
L_0x58145cba0ad0 .part L_0x58145cba04a0, 25, 7;
L_0x58145cba0b70 .part L_0x58145cba04a0, 20, 5;
L_0x58145cba0c40 .part L_0x58145cba04a0, 20, 12;
L_0x58145cba0ce0 .part L_0x58145cba04a0, 25, 7;
L_0x58145cba0dc0 .part L_0x58145cba04a0, 7, 5;
S_0x58145cb980a0 .scope module, "dm" "dmem" 4 98, 7 1 0, S_0x58145cb79170;
 .timescale 0 0;
    .port_info 0 /INPUT 1 "clk";
    .port_info 1 /INPUT 1 "we";
    .port_info 2 /INPUT 32 "addr";
    .port_info 3 /INPUT 32 "wdata";
    .port_info 4 /OUTPUT 32 "rdata";
L_0x58145cbb51f0 .functor BUFZ 32, L_0x58145cbb4fc0, C4<00000000000000000000000000000000>, C4<00000000000000000000000000000000>, C4<00000000000000000000000000000000>;
v0x58145cb982d0_0 .net *"_ivl_2", 31 0, L_0x58145cbb4fc0;  1 drivers
v0x58145cb983d0_0 .net *"_ivl_4", 11 0, L_0x58145cbb5060;  1 drivers
L_0x7e1744bc1378 .functor BUFT 1, C4<00>, C4<0>, C4<0>, C4<0>;
v0x58145cb984b0_0 .net *"_ivl_7", 1 0, L_0x7e1744bc1378;  1 drivers
v0x58145cb98570_0 .net "addr", 31 0, v0x58145cb9db10_0;  alias, 1 drivers
v0x58145cb98650_0 .net "clk", 0 0, v0x58145cb9fdf0_0;  alias, 1 drivers
v0x58145cb98760_0 .net "idx", 9 0, L_0x58145cbb4f20;  1 drivers
v0x58145cb98840 .array "ram", 1023 0, 31 0;
v0x58145cb98900_0 .net "rdata", 31 0, L_0x58145cbb51f0;  alias, 1 drivers
v0x58145cb989e0_0 .net "wdata", 31 0, L_0x58145cbb4470;  alias, 1 drivers
v0x58145cb98aa0_0 .net "we", 0 0, L_0x58145cbb4dc0;  alias, 1 drivers
E_0x58145cb4f050 .event posedge, v0x58145cb98650_0;
L_0x58145cbb4f20 .part v0x58145cb9db10_0, 2, 10;
L_0x58145cbb4fc0 .array/port v0x58145cb98840, L_0x58145cbb5060;
L_0x58145cbb5060 .concat [ 10 2 0 0], L_0x58145cbb4f20, L_0x7e1744bc1378;
S_0x58145cb98be0 .scope module, "ig" "immgen" 4 51, 8 1 0, S_0x58145cb79170;
 .timescale 0 0;
    .port_info 0 /INPUT 32 "instr";
    .port_info 1 /OUTPUT 32 "imm";
v0x58145cb98e30_0 .net *"_ivl_11", 0 0, L_0x58145cba17b0;  1 drivers
v0x58145cb98f30_0 .net *"_ivl_12", 19 0, L_0x58145cba1890;  1 drivers
v0x58145cb99010_0 .net *"_ivl_15", 6 0, L_0x58145cba1c40;  1 drivers
v0x58145cb990d0_0 .net *"_ivl_17", 4 0, L_0x58145cba1d30;  1 drivers
v0x58145cb991b0_0 .net *"_ivl_21", 0 0, L_0x58145cba1fd0;  1 drivers
v0x58145cb992e0_0 .net *"_ivl_22", 18 0, L_0x58145cba2070;  1 drivers
v0x58145cb993c0_0 .net *"_ivl_25", 0 0, L_0x58145cba2440;  1 drivers
v0x58145cb994a0_0 .net *"_ivl_27", 0 0, L_0x58145cba24e0;  1 drivers
v0x58145cb99580_0 .net *"_ivl_29", 5 0, L_0x58145cba2600;  1 drivers
v0x58145cb996f0_0 .net *"_ivl_3", 0 0, L_0x58145cba1110;  1 drivers
v0x58145cb997d0_0 .net *"_ivl_31", 3 0, L_0x58145cba26d0;  1 drivers
L_0x7e1744bc1060 .functor BUFT 1, C4<0>, C4<0>, C4<0>, C4<0>;
v0x58145cb998b0_0 .net/2u *"_ivl_32", 0 0, L_0x7e1744bc1060;  1 drivers
v0x58145cb99990_0 .net *"_ivl_37", 19 0, L_0x58145cba2ac0;  1 drivers
L_0x7e1744bc10a8 .functor BUFT 1, C4<000000000000>, C4<0>, C4<0>, C4<0>;
v0x58145cb99a70_0 .net/2u *"_ivl_38", 11 0, L_0x7e1744bc10a8;  1 drivers
v0x58145cb99b50_0 .net *"_ivl_4", 19 0, L_0x58145cba11e0;  1 drivers
v0x58145cb99c30_0 .net *"_ivl_43", 0 0, L_0x58145cbb2d50;  1 drivers
v0x58145cb99d10_0 .net *"_ivl_44", 10 0, L_0x58145cba2b60;  1 drivers
v0x58145cb99df0_0 .net *"_ivl_47", 0 0, L_0x58145cbb2ef0;  1 drivers
v0x58145cb99ed0_0 .net *"_ivl_49", 7 0, L_0x58145cbb3050;  1 drivers
v0x58145cb99fb0_0 .net *"_ivl_51", 0 0, L_0x58145cbb30f0;  1 drivers
v0x58145cb9a090_0 .net *"_ivl_53", 9 0, L_0x58145cbb3260;  1 drivers
L_0x7e1744bc10f0 .functor BUFT 1, C4<0>, C4<0>, C4<0>, C4<0>;
v0x58145cb9a170_0 .net/2u *"_ivl_54", 0 0, L_0x7e1744bc10f0;  1 drivers
v0x58145cb9a250_0 .net *"_ivl_7", 11 0, L_0x58145cba15c0;  1 drivers
v0x58145cb9a330_0 .var "imm", 31 0;
v0x58145cb9a410_0 .net "imm_b", 31 0, L_0x58145cba2860;  1 drivers
v0x58145cb9a4f0_0 .net "imm_i", 31 0, L_0x58145cba1690;  1 drivers
v0x58145cb9a5d0_0 .net "imm_j", 31 0, L_0x58145cbb3770;  1 drivers
v0x58145cb9a6b0_0 .net "imm_s", 31 0, L_0x58145cba1dd0;  1 drivers
v0x58145cb9a790_0 .net "imm_u", 31 0, L_0x58145cbb2c10;  1 drivers
v0x58145cb9a870_0 .net "instr", 31 0, L_0x58145cba04a0;  alias, 1 drivers
v0x58145cb9a930_0 .net "opcode", 6 0, L_0x58145cba0e60;  1 drivers
E_0x58145cb98d90/0 .event edge, v0x58145cb9a930_0, v0x58145cb9a4f0_0, v0x58145cb9a6b0_0, v0x58145cb9a410_0;
E_0x58145cb98d90/1 .event edge, v0x58145cb9a790_0, v0x58145cb9a5d0_0;
E_0x58145cb98d90 .event/or E_0x58145cb98d90/0, E_0x58145cb98d90/1;
L_0x58145cba0e60 .part L_0x58145cba04a0, 0, 7;
L_0x58145cba1110 .part L_0x58145cba04a0, 31, 1;
LS_0x58145cba11e0_0_0 .concat [ 1 1 1 1], L_0x58145cba1110, L_0x58145cba1110, L_0x58145cba1110, L_0x58145cba1110;
LS_0x58145cba11e0_0_4 .concat [ 1 1 1 1], L_0x58145cba1110, L_0x58145cba1110, L_0x58145cba1110, L_0x58145cba1110;
LS_0x58145cba11e0_0_8 .concat [ 1 1 1 1], L_0x58145cba1110, L_0x58145cba1110, L_0x58145cba1110, L_0x58145cba1110;
LS_0x58145cba11e0_0_12 .concat [ 1 1 1 1], L_0x58145cba1110, L_0x58145cba1110, L_0x58145cba1110, L_0x58145cba1110;
LS_0x58145cba11e0_0_16 .concat [ 1 1 1 1], L_0x58145cba1110, L_0x58145cba1110, L_0x58145cba1110, L_0x58145cba1110;
LS_0x58145cba11e0_1_0 .concat [ 4 4 4 4], LS_0x58145cba11e0_0_0, LS_0x58145cba11e0_0_4, LS_0x58145cba11e0_0_8, LS_0x58145cba11e0_0_12;
LS_0x58145cba11e0_1_4 .concat [ 4 0 0 0], LS_0x58145cba11e0_0_16;
L_0x58145cba11e0 .concat [ 16 4 0 0], LS_0x58145cba11e0_1_0, LS_0x58145cba11e0_1_4;
L_0x58145cba15c0 .part L_0x58145cba04a0, 20, 12;
L_0x58145cba1690 .concat [ 12 20 0 0], L_0x58145cba15c0, L_0x58145cba11e0;
L_0x58145cba17b0 .part L_0x58145cba04a0, 31, 1;
LS_0x58145cba1890_0_0 .concat [ 1 1 1 1], L_0x58145cba17b0, L_0x58145cba17b0, L_0x58145cba17b0, L_0x58145cba17b0;
LS_0x58145cba1890_0_4 .concat [ 1 1 1 1], L_0x58145cba17b0, L_0x58145cba17b0, L_0x58145cba17b0, L_0x58145cba17b0;
LS_0x58145cba1890_0_8 .concat [ 1 1 1 1], L_0x58145cba17b0, L_0x58145cba17b0, L_0x58145cba17b0, L_0x58145cba17b0;
LS_0x58145cba1890_0_12 .concat [ 1 1 1 1], L_0x58145cba17b0, L_0x58145cba17b0, L_0x58145cba17b0, L_0x58145cba17b0;
LS_0x58145cba1890_0_16 .concat [ 1 1 1 1], L_0x58145cba17b0, L_0x58145cba17b0, L_0x58145cba17b0, L_0x58145cba17b0;
LS_0x58145cba1890_1_0 .concat [ 4 4 4 4], LS_0x58145cba1890_0_0, LS_0x58145cba1890_0_4, LS_0x58145cba1890_0_8, LS_0x58145cba1890_0_12;
LS_0x58145cba1890_1_4 .concat [ 4 0 0 0], LS_0x58145cba1890_0_16;
L_0x58145cba1890 .concat [ 16 4 0 0], LS_0x58145cba1890_1_0, LS_0x58145cba1890_1_4;
L_0x58145cba1c40 .part L_0x58145cba04a0, 25, 7;
L_0x58145cba1d30 .part L_0x58145cba04a0, 7, 5;
L_0x58145cba1dd0 .concat [ 5 7 20 0], L_0x58145cba1d30, L_0x58145cba1c40, L_0x58145cba1890;
L_0x58145cba1fd0 .part L_0x58145cba04a0, 31, 1;
LS_0x58145cba2070_0_0 .concat [ 1 1 1 1], L_0x58145cba1fd0, L_0x58145cba1fd0, L_0x58145cba1fd0, L_0x58145cba1fd0;
LS_0x58145cba2070_0_4 .concat [ 1 1 1 1], L_0x58145cba1fd0, L_0x58145cba1fd0, L_0x58145cba1fd0, L_0x58145cba1fd0;
LS_0x58145cba2070_0_8 .concat [ 1 1 1 1], L_0x58145cba1fd0, L_0x58145cba1fd0, L_0x58145cba1fd0, L_0x58145cba1fd0;
LS_0x58145cba2070_0_12 .concat [ 1 1 1 1], L_0x58145cba1fd0, L_0x58145cba1fd0, L_0x58145cba1fd0, L_0x58145cba1fd0;
LS_0x58145cba2070_0_16 .concat [ 1 1 1 0], L_0x58145cba1fd0, L_0x58145cba1fd0, L_0x58145cba1fd0;
LS_0x58145cba2070_1_0 .concat [ 4 4 4 4], LS_0x58145cba2070_0_0, LS_0x58145cba2070_0_4, LS_0x58145cba2070_0_8, LS_0x58145cba2070_0_12;
LS_0x58145cba2070_1_4 .concat [ 3 0 0 0], LS_0x58145cba2070_0_16;
L_0x58145cba2070 .concat [ 16 3 0 0], LS_0x58145cba2070_1_0, LS_0x58145cba2070_1_4;
L_0x58145cba2440 .part L_0x58145cba04a0, 31, 1;
L_0x58145cba24e0 .part L_0x58145cba04a0, 7, 1;
L_0x58145cba2600 .part L_0x58145cba04a0, 25, 6;
L_0x58145cba26d0 .part L_0x58145cba04a0, 8, 4;
LS_0x58145cba2860_0_0 .concat [ 1 4 6 1], L_0x7e1744bc1060, L_0x58145cba26d0, L_0x58145cba2600, L_0x58145cba24e0;
LS_0x58145cba2860_0_4 .concat [ 1 19 0 0], L_0x58145cba2440, L_0x58145cba2070;
L_0x58145cba2860 .concat [ 12 20 0 0], LS_0x58145cba2860_0_0, LS_0x58145cba2860_0_4;
L_0x58145cba2ac0 .part L_0x58145cba04a0, 12, 20;
L_0x58145cbb2c10 .concat [ 12 20 0 0], L_0x7e1744bc10a8, L_0x58145cba2ac0;
L_0x58145cbb2d50 .part L_0x58145cba04a0, 31, 1;
LS_0x58145cba2b60_0_0 .concat [ 1 1 1 1], L_0x58145cbb2d50, L_0x58145cbb2d50, L_0x58145cbb2d50, L_0x58145cbb2d50;
LS_0x58145cba2b60_0_4 .concat [ 1 1 1 1], L_0x58145cbb2d50, L_0x58145cbb2d50, L_0x58145cbb2d50, L_0x58145cbb2d50;
LS_0x58145cba2b60_0_8 .concat [ 1 1 1 0], L_0x58145cbb2d50, L_0x58145cbb2d50, L_0x58145cbb2d50;
L_0x58145cba2b60 .concat [ 4 4 3 0], LS_0x58145cba2b60_0_0, LS_0x58145cba2b60_0_4, LS_0x58145cba2b60_0_8;
L_0x58145cbb2ef0 .part L_0x58145cba04a0, 31, 1;
L_0x58145cbb3050 .part L_0x58145cba04a0, 12, 8;
L_0x58145cbb30f0 .part L_0x58145cba04a0, 20, 1;
L_0x58145cbb3260 .part L_0x58145cba04a0, 21, 10;
LS_0x58145cbb3770_0_0 .concat [ 1 10 1 8], L_0x7e1744bc10f0, L_0x58145cbb3260, L_0x58145cbb30f0, L_0x58145cbb3050;
LS_0x58145cbb3770_0_4 .concat [ 1 11 0 0], L_0x58145cbb2ef0, L_0x58145cba2b60;
L_0x58145cbb3770 .concat [ 20 12 0 0], LS_0x58145cbb3770_0_0, LS_0x58145cbb3770_0_4;
S_0x58145cb9aa50 .scope module, "im" "imem" 4 16, 9 1 0, S_0x58145cb79170;
 .timescale 0 0;
    .port_info 0 /INPUT 32 "addr";
    .port_info 1 /OUTPUT 32 "instr";
L_0x58145cba04a0 .functor BUFZ 32, L_0x58145cba0210, C4<00000000000000000000000000000000>, C4<00000000000000000000000000000000>, C4<00000000000000000000000000000000>;
v0x58145cb9ac70_0 .net *"_ivl_2", 31 0, L_0x58145cba0210;  1 drivers
v0x58145cb9ad70_0 .net *"_ivl_4", 11 0, L_0x58145cba0310;  1 drivers
L_0x7e1744bc1018 .functor BUFT 1, C4<00>, C4<0>, C4<0>, C4<0>;
v0x58145cb9ae50_0 .net *"_ivl_7", 1 0, L_0x7e1744bc1018;  1 drivers
v0x58145cb9af10_0 .net "addr", 31 0, v0x58145cb9f040_0;  1 drivers
v0x58145cb9aff0_0 .net "idx", 9 0, L_0x58145cba0140;  1 drivers
v0x58145cb9b120_0 .net "instr", 31 0, L_0x58145cba04a0;  alias, 1 drivers
v0x58145cb9b230 .array "rom", 1023 0, 31 0;
L_0x58145cba0140 .part v0x58145cb9f040_0, 2, 10;
L_0x58145cba0210 .array/port v0x58145cb9b230, L_0x58145cba0310;
L_0x58145cba0310 .concat [ 10 2 0 0], L_0x58145cba0140, L_0x7e1744bc1018;
S_0x58145cb9b350 .scope module, "pn" "pc_next" 4 108, 10 1 0, S_0x58145cb79170;
 .timescale 0 0;
    .port_info 0 /INPUT 32 "pc";
    .port_info 1 /INPUT 32 "rs1";
    .port_info 2 /INPUT 32 "imm";
    .port_info 3 /INPUT 1 "branch";
    .port_info 4 /INPUT 1 "jal";
    .port_info 5 /INPUT 1 "jalr";
    .port_info 6 /INPUT 1 "take_branch";
    .port_info 7 /OUTPUT 32 "pc_next";
v0x58145cb9b6d0_0 .net "branch", 0 0, v0x58145cb97270_0;  alias, 1 drivers
v0x58145cb9b790_0 .net "imm", 31 0, v0x58145cb9a330_0;  alias, 1 drivers
v0x58145cb9b830_0 .net "jal", 0 0, v0x58145cb978a0_0;  alias, 1 drivers
v0x58145cb9b900_0 .net "jalr", 0 0, v0x58145cb97960_0;  alias, 1 drivers
v0x58145cb9b9d0_0 .net "pc", 31 0, v0x58145cb9f040_0;  alias, 1 drivers
v0x58145cb9bac0_0 .var "pc_next", 31 0;
v0x58145cb9bb60_0 .net "rs1", 31 0, L_0x58145cbb3fe0;  alias, 1 drivers
v0x58145cb9bc30_0 .net "take_branch", 0 0, v0x58145cb43450_0;  alias, 1 drivers
E_0x58145cb9b650/0 .event edge, v0x58145cb97960_0, v0x58145cb24aa0_0, v0x58145cb9a330_0, v0x58145cb978a0_0;
E_0x58145cb9b650/1 .event edge, v0x58145cb9af10_0, v0x58145cb97270_0, v0x58145cb43450_0;
E_0x58145cb9b650 .event/or E_0x58145cb9b650/0, E_0x58145cb9b650/1;
S_0x58145cb9bdf0 .scope module, "rf" "regfile" 4 61, 11 1 0, S_0x58145cb79170;
 .timescale 0 0;
    .port_info 0 /INPUT 1 "clk";
    .port_info 1 /INPUT 1 "we";
    .port_info 2 /INPUT 5 "rs1";
    .port_info 3 /INPUT 5 "rs2";
    .port_info 4 /INPUT 5 "rd";
    .port_info 5 /INPUT 32 "wd";
    .port_info 6 /OUTPUT 32 "rd1";
    .port_info 7 /OUTPUT 32 "rd2";
L_0x7e1744bc1138 .functor BUFT 1, C4<00000>, C4<0>, C4<0>, C4<0>;
v0x58145cb9c0a0_0 .net/2u *"_ivl_0", 4 0, L_0x7e1744bc1138;  1 drivers
L_0x7e1744bc11c8 .functor BUFT 1, C4<00>, C4<0>, C4<0>, C4<0>;
v0x58145cb9c1a0_0 .net *"_ivl_11", 1 0, L_0x7e1744bc11c8;  1 drivers
L_0x7e1744bc1210 .functor BUFT 1, C4<00000>, C4<0>, C4<0>, C4<0>;
v0x58145cb9c280_0 .net/2u *"_ivl_14", 4 0, L_0x7e1744bc1210;  1 drivers
v0x58145cb9c370_0 .net *"_ivl_16", 0 0, L_0x58145cbb4170;  1 drivers
L_0x7e1744bc1258 .functor BUFT 1, C4<00000000000000000000000000000000>, C4<0>, C4<0>, C4<0>;
v0x58145cb9c430_0 .net/2u *"_ivl_18", 31 0, L_0x7e1744bc1258;  1 drivers
v0x58145cb9c560_0 .net *"_ivl_2", 0 0, L_0x58145cbb3d60;  1 drivers
v0x58145cb9c620_0 .net *"_ivl_20", 31 0, L_0x58145cbb4260;  1 drivers
v0x58145cb9c700_0 .net *"_ivl_22", 6 0, L_0x58145cbb4340;  1 drivers
L_0x7e1744bc12a0 .functor BUFT 1, C4<00>, C4<0>, C4<0>, C4<0>;
v0x58145cb9c7e0_0 .net *"_ivl_25", 1 0, L_0x7e1744bc12a0;  1 drivers
L_0x7e1744bc1180 .functor BUFT 1, C4<00000000000000000000000000000000>, C4<0>, C4<0>, C4<0>;
v0x58145cb9c8c0_0 .net/2u *"_ivl_4", 31 0, L_0x7e1744bc1180;  1 drivers
v0x58145cb9c9a0_0 .net *"_ivl_6", 31 0, L_0x58145cbb3e50;  1 drivers
v0x58145cb9ca80_0 .net *"_ivl_8", 6 0, L_0x58145cbb3ef0;  1 drivers
v0x58145cb9cb60_0 .net "clk", 0 0, v0x58145cb9fdf0_0;  alias, 1 drivers
v0x58145cb9cc00_0 .net "rd", 4 0, L_0x58145cba05a0;  alias, 1 drivers
v0x58145cb9ccc0_0 .net "rd1", 31 0, L_0x58145cbb3fe0;  alias, 1 drivers
v0x58145cb9cd80_0 .net "rd2", 31 0, L_0x58145cbb4470;  alias, 1 drivers
v0x58145cb9ce90_0 .net "rs1", 4 0, L_0x58145cba0780;  alias, 1 drivers
v0x58145cb9d080_0 .net "rs2", 4 0, L_0x58145cba0870;  alias, 1 drivers
v0x58145cb9d160_0 .net "wd", 31 0, v0x58145cb9fbd0_0;  1 drivers
v0x58145cb9d240_0 .net "we", 0 0, L_0x58145cbb3bb0;  alias, 1 drivers
v0x58145cb9d300 .array "x", 0 31, 31 0;
L_0x58145cbb3d60 .cmp/eq 5, L_0x58145cba0780, L_0x7e1744bc1138;
L_0x58145cbb3e50 .array/port v0x58145cb9d300, L_0x58145cbb3ef0;
L_0x58145cbb3ef0 .concat [ 5 2 0 0], L_0x58145cba0780, L_0x7e1744bc11c8;
L_0x58145cbb3fe0 .functor MUXZ 32, L_0x58145cbb3e50, L_0x7e1744bc1180, L_0x58145cbb3d60, C4<>;
L_0x58145cbb4170 .cmp/eq 5, L_0x58145cba0870, L_0x7e1744bc1210;
L_0x58145cbb4260 .array/port v0x58145cb9d300, L_0x58145cbb4340;
L_0x58145cbb4340 .concat [ 5 2 0 0], L_0x58145cba0870, L_0x7e1744bc12a0;
L_0x58145cbb4470 .functor MUXZ 32, L_0x58145cbb4260, L_0x7e1744bc1258, L_0x58145cbb4170, C4<>;
S_0x58145cb9d510 .scope module, "ualu" "alu" 4 77, 12 1 0, S_0x58145cb79170;
 .timescale 0 0;
    .port_info 0 /INPUT 32 "a";
    .port_info 1 /INPUT 32 "b";
    .port_info 2 /INPUT 4 "op";
    .port_info 3 /OUTPUT 32 "y";
    .port_info 4 /OUTPUT 1 "zero";
L_0x7e1744bc12e8 .functor BUFT 1, C4<00000000000000000000000000000000>, C4<0>, C4<0>, C4<0>;
v0x58145cb9d7a0_0 .net/2u *"_ivl_0", 31 0, L_0x7e1744bc12e8;  1 drivers
v0x58145cb9d8a0_0 .net "a", 31 0, L_0x58145cbb3fe0;  alias, 1 drivers
v0x58145cb9d960_0 .net "b", 31 0, L_0x58145cbb4690;  alias, 1 drivers
v0x58145cb9da20_0 .net "op", 3 0, v0x58145cb7d230_0;  alias, 1 drivers
v0x58145cb9db10_0 .var "y", 31 0;
v0x58145cb9dc00_0 .net "zero", 0 0, L_0x58145cbb47d0;  alias, 1 drivers
E_0x58145cb9d720 .event edge, v0x58145cb7d230_0, v0x58145cb24aa0_0, v0x58145cb9d960_0;
L_0x58145cbb47d0 .cmp/eq 32, v0x58145cb9db10_0, L_0x7e1744bc12e8;
    .scope S_0x58145cb9aa50;
T_0 ;
    %vpi_call/w 9 12 "$readmemh", "tests/prog.hex", v0x58145cb9b230 {0 0 0};
    %end;
    .thread T_0;
    .scope S_0x58145cb96510;
T_1 ;
    %wait E_0x58145cb4ee00;
    %pushi/vec4 0, 0, 1;
    %store/vec4 v0x58145cb97c80_0, 0, 1;
    %pushi/vec4 0, 0, 1;
    %store/vec4 v0x58145cb97ae0_0, 0, 1;
    %pushi/vec4 0, 0, 1;
    %store/vec4 v0x58145cb97a20_0, 0, 1;
    %pushi/vec4 0, 0, 1;
    %store/vec4 v0x58145cb723e0_0, 0, 1;
    %pushi/vec4 0, 0, 2;
    %store/vec4 v0x58145cb97e20_0, 0, 2;
    %pushi/vec4 0, 0, 1;
    %store/vec4 v0x58145cb97270_0, 0, 1;
    %pushi/vec4 0, 0, 1;
    %store/vec4 v0x58145cb978a0_0, 0, 1;
    %pushi/vec4 0, 0, 1;
    %store/vec4 v0x58145cb97960_0, 0, 1;
    %pushi/vec4 0, 0, 4;
    %store/vec4 v0x58145cb7d230_0, 0, 4;
    %load/vec4 v0x58145cb97ba0_0;
    %dup/vec4;
    %pushi/vec4 51, 0, 7;
    %cmp/u;
    %jmp/1 T_1.0, 6;
    %dup/vec4;
    %pushi/vec4 19, 0, 7;
    %cmp/u;
    %jmp/1 T_1.1, 6;
    %dup/vec4;
    %pushi/vec4 3, 0, 7;
    %cmp/u;
    %jmp/1 T_1.2, 6;
    %dup/vec4;
    %pushi/vec4 35, 0, 7;
    %cmp/u;
    %jmp/1 T_1.3, 6;
    %dup/vec4;
    %pushi/vec4 99, 0, 7;
    %cmp/u;
    %jmp/1 T_1.4, 6;
    %dup/vec4;
    %pushi/vec4 111, 0, 7;
    %cmp/u;
    %jmp/1 T_1.5, 6;
    %dup/vec4;
    %pushi/vec4 103, 0, 7;
    %cmp/u;
    %jmp/1 T_1.6, 6;
    %dup/vec4;
    %pushi/vec4 55, 0, 7;
    %cmp/u;
    %jmp/1 T_1.7, 6;
    %dup/vec4;
    %pushi/vec4 23, 0, 7;
    %cmp/u;
    %jmp/1 T_1.8, 6;
    %jmp T_1.10;
T_1.0 ;
    %pushi/vec4 1, 0, 1;
    %store/vec4 v0x58145cb97c80_0, 0, 1;
    %pushi/vec4 0, 0, 1;
    %store/vec4 v0x58145cb723e0_0, 0, 1;
    %pushi/vec4 0, 0, 2;
    %store/vec4 v0x58145cb97e20_0, 0, 2;
    %pushi/vec4 0, 0, 1;
    %store/vec4 v0x58145cb97ae0_0, 0, 1;
    %pushi/vec4 0, 0, 1;
    %store/vec4 v0x58145cb97a20_0, 0, 1;
    %pushi/vec4 0, 0, 1;
    %store/vec4 v0x58145cb97270_0, 0, 1;
    %pushi/vec4 0, 0, 1;
    %store/vec4 v0x58145cb978a0_0, 0, 1;
    %pushi/vec4 0, 0, 1;
    %store/vec4 v0x58145cb97960_0, 0, 1;
    %load/vec4 v0x58145cb97310_0;
    %dup/vec4;
    %pushi/vec4 0, 0, 3;
    %cmp/u;
    %jmp/1 T_1.11, 6;
    %dup/vec4;
    %pushi/vec4 7, 0, 3;
    %cmp/u;
    %jmp/1 T_1.12, 6;
    %dup/vec4;
    %pushi/vec4 6, 0, 3;
    %cmp/u;
    %jmp/1 T_1.13, 6;
    %dup/vec4;
    %pushi/vec4 4, 0, 3;
    %cmp/u;
    %jmp/1 T_1.14, 6;
    %dup/vec4;
    %pushi/vec4 1, 0, 3;
    %cmp/u;
    %jmp/1 T_1.15, 6;
    %dup/vec4;
    %pushi/vec4 5, 0, 3;
    %cmp/u;
    %jmp/1 T_1.16, 6;
    %dup/vec4;
    %pushi/vec4 2, 0, 3;
    %cmp/u;
    %jmp/1 T_1.17, 6;
    %dup/vec4;
    %pushi/vec4 3, 0, 3;
    %cmp/u;
    %jmp/1 T_1.18, 6;
    %pushi/vec4 0, 0, 4;
    %store/vec4 v0x58145cb7d230_0, 0, 4;
    %jmp T_1.20;
T_1.11 ;
    %load/vec4 v0x58145cb973f0_0;
    %cmpi/e 32, 0, 7;
    %flag_mov 8, 4;
    %jmp/0 T_1.21, 8;
    %pushi/vec4 1, 0, 4;
    %jmp/1 T_1.22, 8;
T_1.21 ; End of true expr.
    %pushi/vec4 0, 0, 4;
    %jmp/0 T_1.22, 8;
 ; End of false expr.
    %blend;
T_1.22;
    %store/vec4 v0x58145cb7d230_0, 0, 4;
    %jmp T_1.20;
T_1.12 ;
    %pushi/vec4 2, 0, 4;
    %store/vec4 v0x58145cb7d230_0, 0, 4;
    %jmp T_1.20;
T_1.13 ;
    %pushi/vec4 3, 0, 4;
    %store/vec4 v0x58145cb7d230_0, 0, 4;
    %jmp T_1.20;
T_1.14 ;
    %pushi/vec4 4, 0, 4;
    %store/vec4 v0x58145cb7d230_0, 0, 4;
    %jmp T_1.20;
T_1.15 ;
    %pushi/vec4 5, 0, 4;
    %store/vec4 v0x58145cb7d230_0, 0, 4;
    %jmp T_1.20;
T_1.16 ;
    %load/vec4 v0x58145cb973f0_0;
    %cmpi/e 32, 0, 7;
    %flag_mov 8, 4;
    %jmp/0 T_1.23, 8;
    %pushi/vec4 7, 0, 4;
    %jmp/1 T_1.24, 8;
T_1.23 ; End of true expr.
    %pushi/vec4 6, 0, 4;
    %jmp/0 T_1.24, 8;
 ; End of false expr.
    %blend;
T_1.24;
    %store/vec4 v0x58145cb7d230_0, 0, 4;
    %jmp T_1.20;
T_1.17 ;
    %pushi/vec4 8, 0, 4;
    %store/vec4 v0x58145cb7d230_0, 0, 4;
    %jmp T_1.20;
T_1.18 ;
    %pushi/vec4 9, 0, 4;
    %store/vec4 v0x58145cb7d230_0, 0, 4;
    %jmp T_1.20;
T_1.20 ;
    %pop/vec4 1;
    %jmp T_1.10;
T_1.1 ;
    %pushi/vec4 1, 0, 1;
    %store/vec4 v0x58145cb97c80_0, 0, 1;
    %pushi/vec4 1, 0, 1;
    %store/vec4 v0x58145cb723e0_0, 0, 1;
    %pushi/vec4 0, 0, 2;
    %store/vec4 v0x58145cb97e20_0, 0, 2;
    %load/vec4 v0x58145cb97310_0;
    %dup/vec4;
    %pushi/vec4 0, 0, 3;
    %cmp/u;
    %jmp/1 T_1.25, 6;
    %dup/vec4;
    %pushi/vec4 7, 0, 3;
    %cmp/u;
    %jmp/1 T_1.26, 6;
    %dup/vec4;
    %pushi/vec4 6, 0, 3;
    %cmp/u;
    %jmp/1 T_1.27, 6;
    %dup/vec4;
    %pushi/vec4 4, 0, 3;
    %cmp/u;
    %jmp/1 T_1.28, 6;
    %dup/vec4;
    %pushi/vec4 2, 0, 3;
    %cmp/u;
    %jmp/1 T_1.29, 6;
    %dup/vec4;
    %pushi/vec4 3, 0, 3;
    %cmp/u;
    %jmp/1 T_1.30, 6;
    %dup/vec4;
    %pushi/vec4 1, 0, 3;
    %cmp/u;
    %jmp/1 T_1.31, 6;
    %dup/vec4;
    %pushi/vec4 5, 0, 3;
    %cmp/u;
    %jmp/1 T_1.32, 6;
    %pushi/vec4 0, 0, 4;
    %store/vec4 v0x58145cb7d230_0, 0, 4;
    %jmp T_1.34;
T_1.25 ;
    %pushi/vec4 0, 0, 4;
    %store/vec4 v0x58145cb7d230_0, 0, 4;
    %jmp T_1.34;
T_1.26 ;
    %pushi/vec4 2, 0, 4;
    %store/vec4 v0x58145cb7d230_0, 0, 4;
    %jmp T_1.34;
T_1.27 ;
    %pushi/vec4 3, 0, 4;
    %store/vec4 v0x58145cb7d230_0, 0, 4;
    %jmp T_1.34;
T_1.28 ;
    %pushi/vec4 4, 0, 4;
    %store/vec4 v0x58145cb7d230_0, 0, 4;
    %jmp T_1.34;
T_1.29 ;
    %pushi/vec4 8, 0, 4;
    %store/vec4 v0x58145cb7d230_0, 0, 4;
    %jmp T_1.34;
T_1.30 ;
    %pushi/vec4 9, 0, 4;
    %store/vec4 v0x58145cb7d230_0, 0, 4;
    %jmp T_1.34;
T_1.31 ;
    %pushi/vec4 5, 0, 4;
    %store/vec4 v0x58145cb7d230_0, 0, 4;
    %jmp T_1.34;
T_1.32 ;
    %load/vec4 v0x58145cb97520_0;
    %parti/s 7, 5, 4;
    %cmpi/e 32, 0, 7;
    %jmp/0xz  T_1.35, 4;
    %pushi/vec4 7, 0, 4;
    %store/vec4 v0x58145cb7d230_0, 0, 4;
    %jmp T_1.36;
T_1.35 ;
    %pushi/vec4 6, 0, 4;
    %store/vec4 v0x58145cb7d230_0, 0, 4;
T_1.36 ;
    %jmp T_1.34;
T_1.34 ;
    %pop/vec4 1;
    %jmp T_1.10;
T_1.2 ;
    %pushi/vec4 1, 0, 1;
    %store/vec4 v0x58145cb97c80_0, 0, 1;
    %pushi/vec4 1, 0, 1;
    %store/vec4 v0x58145cb97a20_0, 0, 1;
    %pushi/vec4 0, 0, 1;
    %store/vec4 v0x58145cb97ae0_0, 0, 1;
    %pushi/vec4 1, 0, 1;
    %store/vec4 v0x58145cb723e0_0, 0, 1;
    %pushi/vec4 0, 0, 4;
    %store/vec4 v0x58145cb7d230_0, 0, 4;
    %pushi/vec4 1, 0, 2;
    %store/vec4 v0x58145cb97e20_0, 0, 2;
    %jmp T_1.10;
T_1.3 ;
    %pushi/vec4 0, 0, 1;
    %store/vec4 v0x58145cb97c80_0, 0, 1;
    %pushi/vec4 1, 0, 1;
    %store/vec4 v0x58145cb97ae0_0, 0, 1;
    %pushi/vec4 0, 0, 1;
    %store/vec4 v0x58145cb97a20_0, 0, 1;
    %pushi/vec4 1, 0, 1;
    %store/vec4 v0x58145cb723e0_0, 0, 1;
    %pushi/vec4 0, 0, 4;
    %store/vec4 v0x58145cb7d230_0, 0, 4;
    %pushi/vec4 0, 0, 2;
    %store/vec4 v0x58145cb97e20_0, 0, 2;
    %jmp T_1.10;
T_1.4 ;
    %pushi/vec4 1, 0, 1;
    %store/vec4 v0x58145cb97270_0, 0, 1;
    %pushi/vec4 0, 0, 1;
    %store/vec4 v0x58145cb97c80_0, 0, 1;
    %pushi/vec4 0, 0, 1;
    %store/vec4 v0x58145cb97ae0_0, 0, 1;
    %pushi/vec4 0, 0, 1;
    %store/vec4 v0x58145cb97a20_0, 0, 1;
    %pushi/vec4 0, 0, 1;
    %store/vec4 v0x58145cb723e0_0, 0, 1;
    %pushi/vec4 0, 0, 2;
    %store/vec4 v0x58145cb97e20_0, 0, 2;
    %pushi/vec4 1, 0, 4;
    %store/vec4 v0x58145cb7d230_0, 0, 4;
    %jmp T_1.10;
T_1.5 ;
    %pushi/vec4 1, 0, 1;
    %store/vec4 v0x58145cb978a0_0, 0, 1;
    %pushi/vec4 1, 0, 1;
    %store/vec4 v0x58145cb97c80_0, 0, 1;
    %pushi/vec4 2, 0, 2;
    %store/vec4 v0x58145cb97e20_0, 0, 2;
    %pushi/vec4 0, 0, 1;
    %store/vec4 v0x58145cb97ae0_0, 0, 1;
    %pushi/vec4 0, 0, 1;
    %store/vec4 v0x58145cb97a20_0, 0, 1;
    %pushi/vec4 0, 0, 1;
    %store/vec4 v0x58145cb97270_0, 0, 1;
    %pushi/vec4 0, 0, 1;
    %store/vec4 v0x58145cb723e0_0, 0, 1;
    %jmp T_1.10;
T_1.6 ;
    %pushi/vec4 1, 0, 1;
    %store/vec4 v0x58145cb97960_0, 0, 1;
    %pushi/vec4 1, 0, 1;
    %store/vec4 v0x58145cb97c80_0, 0, 1;
    %pushi/vec4 2, 0, 2;
    %store/vec4 v0x58145cb97e20_0, 0, 2;
    %pushi/vec4 1, 0, 1;
    %store/vec4 v0x58145cb723e0_0, 0, 1;
    %pushi/vec4 0, 0, 4;
    %store/vec4 v0x58145cb7d230_0, 0, 4;
    %jmp T_1.10;
T_1.7 ;
    %pushi/vec4 1, 0, 1;
    %store/vec4 v0x58145cb97c80_0, 0, 1;
    %pushi/vec4 3, 0, 2;
    %store/vec4 v0x58145cb97e20_0, 0, 2;
    %jmp T_1.10;
T_1.8 ;
    %pushi/vec4 1, 0, 1;
    %store/vec4 v0x58145cb97c80_0, 0, 1;
    %pushi/vec4 1, 0, 1;
    %store/vec4 v0x58145cb723e0_0, 0, 1;
    %pushi/vec4 0, 0, 4;
    %store/vec4 v0x58145cb7d230_0, 0, 4;
    %pushi/vec4 0, 0, 2;
    %store/vec4 v0x58145cb97e20_0, 0, 2;
    %jmp T_1.10;
T_1.10 ;
    %pop/vec4 1;
    %jmp T_1;
    .thread T_1, $push;
    .scope S_0x58145cb98be0;
T_2 ;
    %wait E_0x58145cb98d90;
    %load/vec4 v0x58145cb9a930_0;
    %dup/vec4;
    %pushi/vec4 19, 0, 7;
    %cmp/u;
    %jmp/1 T_2.0, 6;
    %dup/vec4;
    %pushi/vec4 3, 0, 7;
    %cmp/u;
    %jmp/1 T_2.1, 6;
    %dup/vec4;
    %pushi/vec4 103, 0, 7;
    %cmp/u;
    %jmp/1 T_2.2, 6;
    %dup/vec4;
    %pushi/vec4 35, 0, 7;
    %cmp/u;
    %jmp/1 T_2.3, 6;
    %dup/vec4;
    %pushi/vec4 99, 0, 7;
    %cmp/u;
    %jmp/1 T_2.4, 6;
    %dup/vec4;
    %pushi/vec4 55, 0, 7;
    %cmp/u;
    %jmp/1 T_2.5, 6;
    %dup/vec4;
    %pushi/vec4 23, 0, 7;
    %cmp/u;
    %jmp/1 T_2.6, 6;
    %dup/vec4;
    %pushi/vec4 111, 0, 7;
    %cmp/u;
    %jmp/1 T_2.7, 6;
    %load/vec4 v0x58145cb9a4f0_0;
    %store/vec4 v0x58145cb9a330_0, 0, 32;
    %jmp T_2.9;
T_2.0 ;
    %load/vec4 v0x58145cb9a4f0_0;
    %store/vec4 v0x58145cb9a330_0, 0, 32;
    %jmp T_2.9;
T_2.1 ;
    %load/vec4 v0x58145cb9a4f0_0;
    %store/vec4 v0x58145cb9a330_0, 0, 32;
    %jmp T_2.9;
T_2.2 ;
    %load/vec4 v0x58145cb9a4f0_0;
    %store/vec4 v0x58145cb9a330_0, 0, 32;
    %jmp T_2.9;
T_2.3 ;
    %load/vec4 v0x58145cb9a6b0_0;
    %store/vec4 v0x58145cb9a330_0, 0, 32;
    %jmp T_2.9;
T_2.4 ;
    %load/vec4 v0x58145cb9a410_0;
    %store/vec4 v0x58145cb9a330_0, 0, 32;
    %jmp T_2.9;
T_2.5 ;
    %load/vec4 v0x58145cb9a790_0;
    %store/vec4 v0x58145cb9a330_0, 0, 32;
    %jmp T_2.9;
T_2.6 ;
    %load/vec4 v0x58145cb9a790_0;
    %store/vec4 v0x58145cb9a330_0, 0, 32;
    %jmp T_2.9;
T_2.7 ;
    %load/vec4 v0x58145cb9a5d0_0;
    %store/vec4 v0x58145cb9a330_0, 0, 32;
    %jmp T_2.9;
T_2.9 ;
    %pop/vec4 1;
    %jmp T_2;
    .thread T_2, $push;
    .scope S_0x58145cb9bdf0;
T_3 ;
    %wait E_0x58145cb4f050;
    %load/vec4 v0x58145cb9d240_0;
    %load/vec4 v0x58145cb9cc00_0;
    %pushi/vec4 0, 0, 5;
    %cmp/ne;
    %flag_get/vec4 4;
    %and;
    %flag_set/vec4 8;
    %jmp/0xz  T_3.0, 8;
    %load/vec4 v0x58145cb9d160_0;
    %load/vec4 v0x58145cb9cc00_0;
    %pad/u 7;
    %ix/vec4 3;
    %ix/load 4, 0, 0; Constant delay
    %assign/vec4/a/d v0x58145cb9d300, 0, 4;
T_3.0 ;
    %jmp T_3;
    .thread T_3;
    .scope S_0x58145cb9d510;
T_4 ;
    %wait E_0x58145cb9d720;
    %load/vec4 v0x58145cb9da20_0;
    %dup/vec4;
    %pushi/vec4 0, 0, 4;
    %cmp/u;
    %jmp/1 T_4.0, 6;
    %dup/vec4;
    %pushi/vec4 1, 0, 4;
    %cmp/u;
    %jmp/1 T_4.1, 6;
    %dup/vec4;
    %pushi/vec4 2, 0, 4;
    %cmp/u;
    %jmp/1 T_4.2, 6;
    %dup/vec4;
    %pushi/vec4 3, 0, 4;
    %cmp/u;
    %jmp/1 T_4.3, 6;
    %dup/vec4;
    %pushi/vec4 4, 0, 4;
    %cmp/u;
    %jmp/1 T_4.4, 6;
    %dup/vec4;
    %pushi/vec4 5, 0, 4;
    %cmp/u;
    %jmp/1 T_4.5, 6;
    %dup/vec4;
    %pushi/vec4 6, 0, 4;
    %cmp/u;
    %jmp/1 T_4.6, 6;
    %dup/vec4;
    %pushi/vec4 7, 0, 4;
    %cmp/u;
    %jmp/1 T_4.7, 6;
    %dup/vec4;
    %pushi/vec4 8, 0, 4;
    %cmp/u;
    %jmp/1 T_4.8, 6;
    %dup/vec4;
    %pushi/vec4 9, 0, 4;
    %cmp/u;
    %jmp/1 T_4.9, 6;
    %pushi/vec4 0, 0, 32;
    %store/vec4 v0x58145cb9db10_0, 0, 32;
    %jmp T_4.11;
T_4.0 ;
    %load/vec4 v0x58145cb9d8a0_0;
    %load/vec4 v0x58145cb9d960_0;
    %add;
    %store/vec4 v0x58145cb9db10_0, 0, 32;
    %jmp T_4.11;
T_4.1 ;
    %load/vec4 v0x58145cb9d8a0_0;
    %load/vec4 v0x58145cb9d960_0;
    %sub;
    %store/vec4 v0x58145cb9db10_0, 0, 32;
    %jmp T_4.11;
T_4.2 ;
    %load/vec4 v0x58145cb9d8a0_0;
    %load/vec4 v0x58145cb9d960_0;
    %and;
    %store/vec4 v0x58145cb9db10_0, 0, 32;
    %jmp T_4.11;
T_4.3 ;
    %load/vec4 v0x58145cb9d8a0_0;
    %load/vec4 v0x58145cb9d960_0;
    %or;
    %store/vec4 v0x58145cb9db10_0, 0, 32;
    %jmp T_4.11;
T_4.4 ;
    %load/vec4 v0x58145cb9d8a0_0;
    %load/vec4 v0x58145cb9d960_0;
    %xor;
    %store/vec4 v0x58145cb9db10_0, 0, 32;
    %jmp T_4.11;
T_4.5 ;
    %load/vec4 v0x58145cb9d8a0_0;
    %load/vec4 v0x58145cb9d960_0;
    %parti/s 5, 0, 2;
    %ix/vec4 4;
    %shiftl 4;
    %store/vec4 v0x58145cb9db10_0, 0, 32;
    %jmp T_4.11;
T_4.6 ;
    %load/vec4 v0x58145cb9d8a0_0;
    %load/vec4 v0x58145cb9d960_0;
    %parti/s 5, 0, 2;
    %ix/vec4 4;
    %shiftr 4;
    %store/vec4 v0x58145cb9db10_0, 0, 32;
    %jmp T_4.11;
T_4.7 ;
    %load/vec4 v0x58145cb9d8a0_0;
    %load/vec4 v0x58145cb9d960_0;
    %parti/s 5, 0, 2;
    %ix/vec4 4;
    %shiftr/s 4;
    %store/vec4 v0x58145cb9db10_0, 0, 32;
    %jmp T_4.11;
T_4.8 ;
    %load/vec4 v0x58145cb9d8a0_0;
    %load/vec4 v0x58145cb9d960_0;
    %cmp/s;
    %flag_mov 8, 5;
    %jmp/0 T_4.12, 8;
    %pushi/vec4 1, 0, 32;
    %jmp/1 T_4.13, 8;
T_4.12 ; End of true expr.
    %pushi/vec4 0, 0, 32;
    %jmp/0 T_4.13, 8;
 ; End of false expr.
    %blend;
T_4.13;
    %store/vec4 v0x58145cb9db10_0, 0, 32;
    %jmp T_4.11;
T_4.9 ;
    %load/vec4 v0x58145cb9d8a0_0;
    %load/vec4 v0x58145cb9d960_0;
    %cmp/u;
    %flag_mov 8, 5;
    %jmp/0 T_4.14, 8;
    %pushi/vec4 1, 0, 32;
    %jmp/1 T_4.15, 8;
T_4.14 ; End of true expr.
    %pushi/vec4 0, 0, 32;
    %jmp/0 T_4.15, 8;
 ; End of false expr.
    %blend;
T_4.15;
    %store/vec4 v0x58145cb9db10_0, 0, 32;
    %jmp T_4.11;
T_4.11 ;
    %pop/vec4 1;
    %jmp T_4;
    .thread T_4, $push;
    .scope S_0x58145cb77cc0;
T_5 ;
    %wait E_0x58145cb4e980;
    %load/vec4 v0x58145cb220f0_0;
    %dup/vec4;
    %pushi/vec4 0, 0, 3;
    %cmp/u;
    %jmp/1 T_5.0, 6;
    %dup/vec4;
    %pushi/vec4 1, 0, 3;
    %cmp/u;
    %jmp/1 T_5.1, 6;
    %dup/vec4;
    %pushi/vec4 4, 0, 3;
    %cmp/u;
    %jmp/1 T_5.2, 6;
    %dup/vec4;
    %pushi/vec4 5, 0, 3;
    %cmp/u;
    %jmp/1 T_5.3, 6;
    %dup/vec4;
    %pushi/vec4 6, 0, 3;
    %cmp/u;
    %jmp/1 T_5.4, 6;
    %dup/vec4;
    %pushi/vec4 7, 0, 3;
    %cmp/u;
    %jmp/1 T_5.5, 6;
    %pushi/vec4 0, 0, 1;
    %store/vec4 v0x58145cb43450_0, 0, 1;
    %jmp T_5.7;
T_5.0 ;
    %load/vec4 v0x58145cb24aa0_0;
    %load/vec4 v0x58145cb2a840_0;
    %cmp/e;
    %flag_get/vec4 4;
    %store/vec4 v0x58145cb43450_0, 0, 1;
    %jmp T_5.7;
T_5.1 ;
    %load/vec4 v0x58145cb24aa0_0;
    %load/vec4 v0x58145cb2a840_0;
    %cmp/ne;
    %flag_get/vec4 4;
    %store/vec4 v0x58145cb43450_0, 0, 1;
    %jmp T_5.7;
T_5.2 ;
    %load/vec4 v0x58145cb24aa0_0;
    %load/vec4 v0x58145cb2a840_0;
    %cmp/s;
    %flag_get/vec4 5;
    %store/vec4 v0x58145cb43450_0, 0, 1;
    %jmp T_5.7;
T_5.3 ;
    %load/vec4 v0x58145cb2a840_0;
    %load/vec4 v0x58145cb24aa0_0;
    %cmp/s;
    %flag_get/vec4 4;
    %flag_get/vec4 5;
    %or;
    %store/vec4 v0x58145cb43450_0, 0, 1;
    %jmp T_5.7;
T_5.4 ;
    %load/vec4 v0x58145cb24aa0_0;
    %load/vec4 v0x58145cb2a840_0;
    %cmp/u;
    %flag_get/vec4 5;
    %store/vec4 v0x58145cb43450_0, 0, 1;
    %jmp T_5.7;
T_5.5 ;
    %load/vec4 v0x58145cb2a840_0;
    %load/vec4 v0x58145cb24aa0_0;
    %cmp/u;
    %flag_get/vec4 4;
    %flag_get/vec4 5;
    %or;
    %store/vec4 v0x58145cb43450_0, 0, 1;
    %jmp T_5.7;
T_5.7 ;
    %pop/vec4 1;
    %jmp T_5;
    .thread T_5, $push;
    .scope S_0x58145cb980a0;
T_6 ;
    %wait E_0x58145cb4f050;
    %load/vec4 v0x58145cb98aa0_0;
    %flag_set/vec4 8;
    %jmp/0xz  T_6.0, 8;
    %load/vec4 v0x58145cb989e0_0;
    %load/vec4 v0x58145cb98760_0;
    %pad/u 12;
    %ix/vec4 3;
    %ix/load 4, 0, 0; Constant delay
    %assign/vec4/a/d v0x58145cb98840, 0, 4;
T_6.0 ;
    %jmp T_6;
    .thread T_6;
    .scope S_0x58145cb9b350;
T_7 ;
    %wait E_0x58145cb9b650;
    %load/vec4 v0x58145cb9b900_0;
    %flag_set/vec4 8;
    %jmp/0xz  T_7.0, 8;
    %load/vec4 v0x58145cb9bb60_0;
    %load/vec4 v0x58145cb9b790_0;
    %add;
    %pushi/vec4 4294967294, 0, 32;
    %and;
    %store/vec4 v0x58145cb9bac0_0, 0, 32;
    %jmp T_7.1;
T_7.0 ;
    %load/vec4 v0x58145cb9b830_0;
    %flag_set/vec4 8;
    %jmp/0xz  T_7.2, 8;
    %load/vec4 v0x58145cb9b9d0_0;
    %load/vec4 v0x58145cb9b790_0;
    %add;
    %store/vec4 v0x58145cb9bac0_0, 0, 32;
    %jmp T_7.3;
T_7.2 ;
    %load/vec4 v0x58145cb9b6d0_0;
    %load/vec4 v0x58145cb9bc30_0;
    %and;
    %flag_set/vec4 8;
    %jmp/0xz  T_7.4, 8;
    %load/vec4 v0x58145cb9b9d0_0;
    %load/vec4 v0x58145cb9b790_0;
    %add;
    %store/vec4 v0x58145cb9bac0_0, 0, 32;
    %jmp T_7.5;
T_7.4 ;
    %load/vec4 v0x58145cb9b9d0_0;
    %addi 4, 0, 32;
    %store/vec4 v0x58145cb9bac0_0, 0, 32;
T_7.5 ;
T_7.3 ;
T_7.1 ;
    %jmp T_7;
    .thread T_7, $push;
    .scope S_0x58145cb79170;
T_8 ;
    %wait E_0x58145cb4e540;
    %load/vec4 v0x58145cb9fc90_0;
    %dup/vec4;
    %pushi/vec4 0, 0, 2;
    %cmp/u;
    %jmp/1 T_8.0, 6;
    %dup/vec4;
    %pushi/vec4 1, 0, 2;
    %cmp/u;
    %jmp/1 T_8.1, 6;
    %dup/vec4;
    %pushi/vec4 2, 0, 2;
    %cmp/u;
    %jmp/1 T_8.2, 6;
    %dup/vec4;
    %pushi/vec4 3, 0, 2;
    %cmp/u;
    %jmp/1 T_8.3, 6;
    %pushi/vec4 0, 0, 32;
    %store/vec4 v0x58145cb9fbd0_0, 0, 32;
    %jmp T_8.5;
T_8.0 ;
    %load/vec4 v0x58145cb9e530_0;
    %store/vec4 v0x58145cb9fbd0_0, 0, 32;
    %jmp T_8.5;
T_8.1 ;
    %load/vec4 v0x58145cb9e850_0;
    %store/vec4 v0x58145cb9fbd0_0, 0, 32;
    %jmp T_8.5;
T_8.2 ;
    %load/vec4 v0x58145cb9f040_0;
    %addi 4, 0, 32;
    %store/vec4 v0x58145cb9fbd0_0, 0, 32;
    %jmp T_8.5;
T_8.3 ;
    %load/vec4 v0x58145cb9ec10_0;
    %store/vec4 v0x58145cb9fbd0_0, 0, 32;
    %jmp T_8.5;
T_8.5 ;
    %pop/vec4 1;
    %jmp T_8;
    .thread T_8, $push;
    .scope S_0x58145cb79170;
T_9 ;
    %wait E_0x58145cb4e0c0;
    %load/vec4 v0x58145cb9f6e0_0;
    %nor/r;
    %flag_set/vec4 8;
    %jmp/0xz  T_9.0, 8;
    %pushi/vec4 0, 0, 32;
    %assign/vec4 v0x58145cb9f040_0, 0;
    %pushi/vec4 0, 0, 1;
    %assign/vec4 v0x58145cb9ea60_0, 0;
    %pushi/vec4 0, 0, 32;
    %assign/vec4 v0x58145cb9fa30_0, 0;
    %jmp T_9.1;
T_9.0 ;
    %load/vec4 v0x58145cb9ea60_0;
    %nor/r;
    %flag_set/vec4 8;
    %jmp/0xz  T_9.2, 8;
    %load/vec4 v0x58145cb9f130_0;
    %assign/vec4 v0x58145cb9f040_0, 0;
T_9.2 ;
    %load/vec4 v0x58145cb9fb10_0;
    %load/vec4 v0x58145cb9ea60_0;
    %nor/r;
    %and;
    %flag_set/vec4 8;
    %jmp/0xz  T_9.4, 8;
    %pushi/vec4 1, 0, 1;
    %assign/vec4 v0x58145cb9ea60_0, 0;
    %load/vec4 v0x58145cb9f640_0;
    %assign/vec4 v0x58145cb9fa30_0, 0;
T_9.4 ;
T_9.1 ;
    %jmp T_9;
    .thread T_9;
    .scope S_0x58145cb76f20;
T_10 ;
    %pushi/vec4 0, 0, 1;
    %store/vec4 v0x58145cb9fdf0_0, 0, 1;
    %end;
    .thread T_10;
    .scope S_0x58145cb76f20;
T_11 ;
    %delay 1, 0;
    %load/vec4 v0x58145cb9fdf0_0;
    %inv;
    %store/vec4 v0x58145cb9fdf0_0, 0, 1;
    %jmp T_11;
    .thread T_11;
    .scope S_0x58145cb76f20;
T_12 ;
    %pushi/vec4 0, 0, 1;
    %store/vec4 v0x58145cb9ff70_0, 0, 1;
    %delay 5, 0;
    %pushi/vec4 1, 0, 1;
    %store/vec4 v0x58145cb9ff70_0, 0, 1;
    %pushi/vec4 200, 0, 32;
T_12.0 %dup/vec4;
    %pushi/vec4 0, 0, 32;
    %cmp/s;
    %jmp/1xz T_12.1, 5;
    %jmp/1 T_12.1, 4;
    %pushi/vec4 1, 0, 32;
    %sub;
    %wait E_0x58145cb4f050;
    %load/vec4 v0x58145cb9feb0_0;
    %flag_set/vec4 8;
    %jmp/0xz  T_12.2, 8;
    %vpi_call/w 3 21 "$display", "HALTED tohost=%0d (0x%08h)", v0x58145cba0070_0, v0x58145cba0070_0 {0 0 0};
    %load/vec4 v0x58145cba0070_0;
    %cmpi/e 12, 0, 32;
    %jmp/0xz  T_12.4, 4;
    %vpi_call/w 3 22 "$display", "PASS tb_cpu_smoke" {0 0 0};
    %jmp T_12.5;
T_12.4 ;
    %vpi_call/w 3 23 "$display", "FAIL tb_cpu_smoke" {0 0 0};
T_12.5 ;
    %vpi_call/w 3 24 "$finish" {0 0 0};
T_12.2 ;
    %jmp T_12.0;
T_12.1 ;
    %pop/vec4 1;
    %vpi_call/w 3 28 "$display", "TIMEOUT tb_cpu_smoke" {0 0 0};
    %vpi_call/w 3 29 "$finish" {0 0 0};
    %end;
    .thread T_12;
# The file index is used to find the file name in the following table.
:file_names 13;
    "N/A";
    "<interactive>";
    "-";
    "tb/tb_cpu_smoke.v";
    "rtl/cpu_top.v";
    "rtl/branch_cmp.v";
    "rtl/decode.v";
    "rtl/dmem.v";
    "rtl/immgen.v";
    "rtl/imem.v";
    "rtl/pc_next.v";
    "rtl/regfile.v";
    "rtl/alu.v";
