#! /usr/bin/vvp
:ivl_version "11.0 (stable)";
:ivl_delay_selection "TYPICAL";
:vpi_time_precision + 0;
:vpi_module "/usr/lib/x86_64-linux-gnu/ivl/system.vpi";
:vpi_module "/usr/lib/x86_64-linux-gnu/ivl/vhdl_sys.vpi";
:vpi_module "/usr/lib/x86_64-linux-gnu/ivl/vhdl_textio.vpi";
:vpi_module "/usr/lib/x86_64-linux-gnu/ivl/v2005_math.vpi";
:vpi_module "/usr/lib/x86_64-linux-gnu/ivl/va_math.vpi";
:vpi_module "/usr/lib/x86_64-linux-gnu/ivl/v2009.vpi";
S_0x5b772c6811c0 .scope package, "$unit" "$unit" 2 1;
 .timescale 0 0;
S_0x5b772c681350 .scope module, "tb_dmem" "tb_dmem" 3 1;
 .timescale 0 0;
v0x5b772c69da00_0 .var "addr", 31 0;
v0x5b772c69dae0_0 .var "clk", 0 0;
v0x5b772c69db80_0 .net "rdata", 31 0, L_0x5b772c6708f0;  1 drivers
v0x5b772c69dc80_0 .var "wdata", 31 0;
v0x5b772c69dd50_0 .var "we", 0 0;
S_0x5b772c645cf0 .scope module, "dut" "dmem" 3 8, 4 1 0, S_0x5b772c681350;
 .timescale 0 0;
    .port_info 0 /INPUT 1 "clk";
    .port_info 1 /INPUT 1 "we";
    .port_info 2 /INPUT 32 "addr";
    .port_info 3 /INPUT 32 "wdata";
    .port_info 4 /OUTPUT 32 "rdata";
L_0x5b772c6708f0 .functor BUFZ 32, L_0x5b772c69df60, C4<00000000000000000000000000000000>, C4<00000000000000000000000000000000>, C4<00000000000000000000000000000000>;
v0x5b772c670a50_0 .net *"_ivl_2", 31 0, L_0x5b772c69df60;  1 drivers
v0x5b772c671180_0 .net *"_ivl_4", 11 0, L_0x5b772c69e030;  1 drivers
L_0x7d24d541b018 .functor BUFT 1, C4<00>, C4<0>, C4<0>, C4<0>;
v0x5b772c671ec0_0 .net *"_ivl_7", 1 0, L_0x7d24d541b018;  1 drivers
v0x5b772c671f60_0 .net "addr", 31 0, v0x5b772c69da00_0;  1 drivers
v0x5b772c69d000_0 .net "clk", 0 0, v0x5b772c69dae0_0;  1 drivers
v0x5b772c69d110_0 .net "idx", 9 0, L_0x5b772c69de40;  1 drivers
v0x5b772c69d1f0 .array "ram", 1023 0, 31 0;
v0x5b772c69d2b0_0 .net "rdata", 31 0, L_0x5b772c6708f0;  alias, 1 drivers
v0x5b772c69d390_0 .net "wdata", 31 0, v0x5b772c69dc80_0;  1 drivers
v0x5b772c69d470_0 .net "we", 0 0, v0x5b772c69dd50_0;  1 drivers
E_0x5b772c680180 .event posedge, v0x5b772c69d000_0;
L_0x5b772c69de40 .part v0x5b772c69da00_0, 2, 10;
L_0x5b772c69df60 .array/port v0x5b772c69d1f0, L_0x5b772c69e030;
L_0x5b772c69e030 .concat [ 10 2 0 0], L_0x5b772c69de40, L_0x7d24d541b018;
S_0x5b772c69d5d0 .scope task, "rd_expect" "rd_expect" 3 13, 3 13 0, S_0x5b772c681350;
 .timescale 0 0;
v0x5b772c69d780_0 .var "a", 31 0;
v0x5b772c69d860_0 .var "exp", 31 0;
v0x5b772c69d940_0 .var "name", 255 0;
TD_tb_dmem.rd_expect ;
    %pushi/vec4 0, 0, 1;
    %store/vec4 v0x5b772c69dd50_0, 0, 1;
    %load/vec4 v0x5b772c69d780_0;
    %store/vec4 v0x5b772c69da00_0, 0, 32;
    %delay 2, 0;
    %load/vec4 v0x5b772c69db80_0;
    %load/vec4 v0x5b772c69d860_0;
    %cmp/ne;
    %jmp/0xz  T_0.0, 6;
    %vpi_call/w 3 22 "$display", "FAIL %s addr=%h got=%h exp=%h", v0x5b772c69d940_0, v0x5b772c69d780_0, v0x5b772c69db80_0, v0x5b772c69d860_0 {0 0 0};
    %vpi_call/w 3 23 "$finish" {0 0 0};
    %jmp T_0.1;
T_0.0 ;
    %vpi_call/w 3 25 "$display", "PASS %s", v0x5b772c69d940_0 {0 0 0};
T_0.1 ;
    %end;
    .scope S_0x5b772c645cf0;
T_1 ;
    %wait E_0x5b772c680180;
    %load/vec4 v0x5b772c69d470_0;
    %flag_set/vec4 8;
    %jmp/0xz  T_1.0, 8;
    %load/vec4 v0x5b772c69d390_0;
    %load/vec4 v0x5b772c69d110_0;
    %pad/u 12;
    %ix/vec4 3;
    %ix/load 4, 0, 0; Constant delay
    %assign/vec4/a/d v0x5b772c69d1f0, 0, 4;
T_1.0 ;
    %jmp T_1;
    .thread T_1;
    .scope S_0x5b772c681350;
T_2 ;
    %pushi/vec4 0, 0, 1;
    %store/vec4 v0x5b772c69dae0_0, 0, 1;
    %end;
    .thread T_2;
    .scope S_0x5b772c681350;
T_3 ;
    %delay 1, 0;
    %load/vec4 v0x5b772c69dae0_0;
    %inv;
    %store/vec4 v0x5b772c69dae0_0, 0, 1;
    %jmp T_3;
    .thread T_3;
    .scope S_0x5b772c681350;
T_4 ;
    %vpi_call/w 3 31 "$display", "Starting DMEM Tests..." {0 0 0};
    %pushi/vec4 0, 0, 1;
    %store/vec4 v0x5b772c69dd50_0, 0, 1;
    %pushi/vec4 0, 0, 32;
    %store/vec4 v0x5b772c69da00_0, 0, 32;
    %pushi/vec4 0, 0, 32;
    %store/vec4 v0x5b772c69dc80_0, 0, 32;
    %delay 2, 0;
    %pushi/vec4 1, 0, 1;
    %store/vec4 v0x5b772c69dd50_0, 0, 1;
    %pushi/vec4 0, 0, 32;
    %store/vec4 v0x5b772c69da00_0, 0, 32;
    %pushi/vec4 3735928559, 0, 32;
    %store/vec4 v0x5b772c69dc80_0, 0, 32;
    %wait E_0x5b772c680180;
    %delay 1, 0;
    %pushi/vec4 0, 0, 1;
    %store/vec4 v0x5b772c69dd50_0, 0, 1;
    %pushi/vec4 1, 0, 1;
    %store/vec4 v0x5b772c69dd50_0, 0, 1;
    %pushi/vec4 4, 0, 32;
    %store/vec4 v0x5b772c69da00_0, 0, 32;
    %pushi/vec4 305419896, 0, 32;
    %store/vec4 v0x5b772c69dc80_0, 0, 32;
    %wait E_0x5b772c680180;
    %delay 1, 0;
    %pushi/vec4 0, 0, 1;
    %store/vec4 v0x5b772c69dd50_0, 0, 1;
    %pushi/vec4 0, 0, 32;
    %store/vec4 v0x5b772c69d780_0, 0, 32;
    %pushi/vec4 3735928559, 0, 32;
    %store/vec4 v0x5b772c69d860_0, 0, 32;
    %pushi/vec4 0, 0, 32; draw_string_vec4
    %pushi/vec4 0, 0, 32; draw_string_vec4
    %concat/vec4; draw_string_vec4
    %pushi/vec4 0, 0, 32; draw_string_vec4
    %concat/vec4; draw_string_vec4
    %pushi/vec4 0, 0, 32; draw_string_vec4
    %concat/vec4; draw_string_vec4
    %pushi/vec4 0, 0, 32; draw_string_vec4
    %concat/vec4; draw_string_vec4
    %pushi/vec4 0, 0, 32; draw_string_vec4
    %concat/vec4; draw_string_vec4
    %pushi/vec4 7497057, 0, 32; draw_string_vec4
    %concat/vec4; draw_string_vec4
    %pushi/vec4 1679835184, 0, 32; draw_string_vec4
    %concat/vec4; draw_string_vec4
    %store/vec4 v0x5b772c69d940_0, 0, 256;
    %fork TD_tb_dmem.rd_expect, S_0x5b772c69d5d0;
    %join;
    %pushi/vec4 4, 0, 32;
    %store/vec4 v0x5b772c69d780_0, 0, 32;
    %pushi/vec4 305419896, 0, 32;
    %store/vec4 v0x5b772c69d860_0, 0, 32;
    %pushi/vec4 0, 0, 32; draw_string_vec4
    %pushi/vec4 0, 0, 32; draw_string_vec4
    %concat/vec4; draw_string_vec4
    %pushi/vec4 0, 0, 32; draw_string_vec4
    %concat/vec4; draw_string_vec4
    %pushi/vec4 0, 0, 32; draw_string_vec4
    %concat/vec4; draw_string_vec4
    %pushi/vec4 0, 0, 32; draw_string_vec4
    %concat/vec4; draw_string_vec4
    %pushi/vec4 0, 0, 32; draw_string_vec4
    %concat/vec4; draw_string_vec4
    %pushi/vec4 7497057, 0, 32; draw_string_vec4
    %concat/vec4; draw_string_vec4
    %pushi/vec4 1679835188, 0, 32; draw_string_vec4
    %concat/vec4; draw_string_vec4
    %store/vec4 v0x5b772c69d940_0, 0, 256;
    %fork TD_tb_dmem.rd_expect, S_0x5b772c69d5d0;
    %join;
    %vpi_call/w 3 49 "$display", "ALL DMEM TESTS PASSED" {0 0 0};
    %vpi_call/w 3 50 "$finish" {0 0 0};
    %end;
    .thread T_4;
# The file index is used to find the file name in the following table.
:file_names 5;
    "N/A";
    "<interactive>";
    "-";
    "tb/tb_dmem.v";
    "rtl/dmem.v";
