#! /usr/bin/vvp
:ivl_version "11.0 (stable)";
:ivl_delay_selection "TYPICAL";
:vpi_time_precision + 0;
:vpi_module "/usr/lib/x86_64-linux-gnu/ivl/system.vpi";
:vpi_module "/usr/lib/x86_64-linux-gnu/ivl/vhdl_sys.vpi";
:vpi_module "/usr/lib/x86_64-linux-gnu/ivl/vhdl_textio.vpi";
:vpi_module "/usr/lib/x86_64-linux-gnu/ivl/v2005_math.vpi";
:vpi_module "/usr/lib/x86_64-linux-gnu/ivl/va_math.vpi";
:vpi_module "/usr/lib/x86_64-linux-gnu/ivl/v2009.vpi";
S_0x574987830010 .scope package, "$unit" "$unit" 2 1;
 .timescale 0 0;
S_0x5749878176e0 .scope module, "tb_decode" "tb_decode" 3 1;
 .timescale 0 0;
v0x574987867b40_0 .net "alu_op", 3 0, v0x5749878662b0_0;  1 drivers
v0x574987867c50_0 .net "alu_src_imm", 0 0, v0x5749878663b0_0;  1 drivers
v0x574987867d20_0 .net "branch", 0 0, v0x574987866470_0;  1 drivers
v0x574987867e20_0 .var "instr", 31 0;
v0x574987867ef0_0 .net "jal", 0 0, v0x574987866aa0_0;  1 drivers
v0x574987867f90_0 .net "jalr", 0 0, v0x574987866b60_0;  1 drivers
v0x574987868060_0 .net "mem_re", 0 0, v0x574987866c20_0;  1 drivers
v0x574987868130_0 .net "mem_we", 0 0, v0x574987866ce0_0;  1 drivers
v0x574987868200_0 .net "reg_we", 0 0, v0x574987866e80_0;  1 drivers
v0x5749878682d0_0 .net "wb_sel", 1 0, v0x574987867020_0;  1 drivers
S_0x574987817870 .scope function.vec4.s32, "B" "B" 3 56, 3 56 0, S_0x5749878176e0;
 .timescale 0 0;
; Variable B is vec4 return value of scope S_0x574987817870
v0x574987830890_0 .var "f3", 2 0;
v0x574987863d40_0 .var "opc", 6 0;
TD_tb_decode.B ;
    %pushi/vec4 0, 0, 1;
    %concati/vec4 0, 0, 6;
    %concati/vec4 2, 0, 5;
    %concati/vec4 1, 0, 5;
    %load/vec4 v0x574987830890_0;
    %concat/vec4; draw_concat_vec4
    %concati/vec4 0, 0, 4;
    %concati/vec4 0, 0, 1;
    %load/vec4 v0x574987863d40_0;
    %concat/vec4; draw_concat_vec4
    %ret/vec4 0, 0, 32;  Assign to B (store_vec4_to_lval)
    %end;
S_0x574987863e00 .scope function.vec4.s32, "I" "I" 3 48, 3 48 0, S_0x5749878176e0;
 .timescale 0 0;
; Variable I is vec4 return value of scope S_0x574987863e00
v0x5749878640e0_0 .var "f3", 2 0;
v0x5749878641c0_0 .var "imm12", 11 0;
v0x574987864280_0 .var "opc", 6 0;
TD_tb_decode.I ;
    %load/vec4 v0x5749878641c0_0;
    %concati/vec4 1, 0, 5;
    %load/vec4 v0x5749878640e0_0;
    %concat/vec4; draw_concat_vec4
    %concati/vec4 3, 0, 5;
    %load/vec4 v0x574987864280_0;
    %concat/vec4; draw_concat_vec4
    %ret/vec4 0, 0, 32;  Assign to I (store_vec4_to_lval)
    %end;
S_0x574987864360 .scope function.vec4.s32, "J" "J" 3 67, 3 67 0, S_0x5749878176e0;
 .timescale 0 0;
; Variable J is vec4 return value of scope S_0x574987864360
v0x574987864620_0 .var "opc", 6 0;
TD_tb_decode.J ;
    %pushi/vec4 0, 0, 1;
    %concati/vec4 0, 0, 8;
    %concati/vec4 0, 0, 1;
    %concati/vec4 0, 0, 10;
    %concati/vec4 3, 0, 5;
    %load/vec4 v0x574987864620_0;
    %concat/vec4; draw_concat_vec4
    %ret/vec4 0, 0, 32;  Assign to J (store_vec4_to_lval)
    %end;
S_0x574987864700 .scope function.vec4.s32, "R" "R" 3 44, 3 44 0, S_0x5749878176e0;
 .timescale 0 0;
; Variable R is vec4 return value of scope S_0x574987864700
v0x5749878649e0_0 .var "f3", 2 0;
v0x574987864ac0_0 .var "f7", 6 0;
v0x574987864b80_0 .var "opc", 6 0;
TD_tb_decode.R ;
    %load/vec4 v0x574987864ac0_0;
    %concati/vec4 2, 0, 5;
    %concati/vec4 1, 0, 5;
    %load/vec4 v0x5749878649e0_0;
    %concat/vec4; draw_concat_vec4
    %concati/vec4 3, 0, 5;
    %load/vec4 v0x574987864b80_0;
    %concat/vec4; draw_concat_vec4
    %ret/vec4 0, 0, 32;  Assign to R (store_vec4_to_lval)
    %end;
S_0x574987864c60 .scope function.vec4.s32, "S" "S" 3 52, 3 52 0, S_0x5749878176e0;
 .timescale 0 0;
; Variable S is vec4 return value of scope S_0x574987864c60
v0x574987864f90_0 .var "f3", 2 0;
v0x574987865070_0 .var "imm12", 11 0;
v0x574987865130_0 .var "opc", 6 0;
TD_tb_decode.S ;
    %load/vec4 v0x574987865070_0;
    %parti/s 7, 5, 4;
    %concati/vec4 2, 0, 5;
    %concati/vec4 1, 0, 5;
    %load/vec4 v0x574987864f90_0;
    %concat/vec4; draw_concat_vec4
    %load/vec4 v0x574987865070_0;
    %parti/s 5, 0, 2;
    %concat/vec4; draw_concat_vec4
    %load/vec4 v0x574987865130_0;
    %concat/vec4; draw_concat_vec4
    %ret/vec4 0, 0, 32;  Assign to S (store_vec4_to_lval)
    %end;
S_0x574987865210 .scope function.vec4.s32, "U" "U" 3 63, 3 63 0, S_0x5749878176e0;
 .timescale 0 0;
; Variable U is vec4 return value of scope S_0x574987865210
v0x5749878654f0_0 .var "opc", 6 0;
TD_tb_decode.U ;
    %pushi/vec4 703710, 0, 20;
    %concati/vec4 3, 0, 5;
    %load/vec4 v0x5749878654f0_0;
    %concat/vec4; draw_concat_vec4
    %ret/vec4 0, 0, 32;  Assign to U (store_vec4_to_lval)
    %end;
S_0x5749878655d0 .scope module, "dut" "decode" 3 8, 4 1 0, S_0x5749878176e0;
 .timescale 0 0;
    .port_info 0 /INPUT 32 "instr";
    .port_info 1 /OUTPUT 1 "reg_we";
    .port_info 2 /OUTPUT 1 "mem_we";
    .port_info 3 /OUTPUT 1 "mem_re";
    .port_info 4 /OUTPUT 1 "alu_src_imm";
    .port_info 5 /OUTPUT 2 "wb_sel";
    .port_info 6 /OUTPUT 1 "branch";
    .port_info 7 /OUTPUT 1 "jal";
    .port_info 8 /OUTPUT 1 "jalr";
    .port_info 9 /OUTPUT 4 "alu_op";
P_0x5749878657b0 .param/l "ALU_ADD" 1 4 15, C4<0000>;
P_0x5749878657f0 .param/l "ALU_AND" 1 4 17, C4<0010>;
P_0x574987865830 .param/l "ALU_OR" 1 4 18, C4<0011>;
P_0x574987865870 .param/l "ALU_SLL" 1 4 20, C4<0101>;
P_0x5749878658b0 .param/l "ALU_SLT" 1 4 23, C4<1000>;
P_0x5749878658f0 .param/l "ALU_SLTU" 1 4 24, C4<1001>;
P_0x574987865930 .param/l "ALU_SRA" 1 4 22, C4<0111>;
P_0x574987865970 .param/l "ALU_SRL" 1 4 21, C4<0110>;
P_0x5749878659b0 .param/l "ALU_SUB" 1 4 16, C4<0001>;
P_0x5749878659f0 .param/l "ALU_XOR" 1 4 19, C4<0100>;
P_0x574987865a30 .param/l "WB_ALU" 1 4 27, C4<00>;
P_0x574987865a70 .param/l "WB_IMM_U" 1 4 30, C4<11>;
P_0x574987865ab0 .param/l "WB_MEM" 1 4 28, C4<01>;
P_0x574987865af0 .param/l "WB_PC4" 1 4 29, C4<10>;
v0x5749878662b0_0 .var "alu_op", 3 0;
v0x5749878663b0_0 .var "alu_src_imm", 0 0;
v0x574987866470_0 .var "branch", 0 0;
v0x574987866510_0 .net "funct3", 2 0, L_0x574987868470;  1 drivers
v0x5749878665f0_0 .net "funct7", 6 0, L_0x574987868510;  1 drivers
v0x574987866720_0 .net "imm12", 11 0, L_0x574987868770;  1 drivers
v0x574987866800_0 .net "imm5", 4 0, L_0x574987868950;  1 drivers
v0x5749878668e0_0 .net "imm7", 6 0, L_0x574987868840;  1 drivers
v0x5749878669c0_0 .net "instr", 31 0, v0x574987867e20_0;  1 drivers
v0x574987866aa0_0 .var "jal", 0 0;
v0x574987866b60_0 .var "jalr", 0 0;
v0x574987866c20_0 .var "mem_re", 0 0;
v0x574987866ce0_0 .var "mem_we", 0 0;
v0x574987866da0_0 .net "opcode", 6 0, L_0x5749878683a0;  1 drivers
v0x574987866e80_0 .var "reg_we", 0 0;
v0x574987866f40_0 .net "shamt", 4 0, L_0x574987868670;  1 drivers
v0x574987867020_0 .var "wb_sel", 1 0;
E_0x574987807f00 .event edge, v0x574987866da0_0, v0x574987866510_0, v0x5749878665f0_0, v0x574987866720_0;
L_0x5749878683a0 .part v0x574987867e20_0, 0, 7;
L_0x574987868470 .part v0x574987867e20_0, 12, 3;
L_0x574987868510 .part v0x574987867e20_0, 25, 7;
L_0x574987868670 .part v0x574987867e20_0, 20, 5;
L_0x574987868770 .part v0x574987867e20_0, 20, 12;
L_0x574987868840 .part v0x574987867e20_0, 25, 7;
L_0x574987868950 .part v0x574987867e20_0, 7, 5;
S_0x5749878672a0 .scope task, "expect1" "expect1" 3 21, 3 21 0, S_0x5749878176e0;
 .timescale 0 0;
v0x574987867430_0 .var "exp", 0 0;
v0x574987867510_0 .var "got", 0 0;
v0x5749878675d0_0 .var "name", 255 0;
TD_tb_decode.expect1 ;
    %load/vec4 v0x574987867510_0;
    %load/vec4 v0x574987867430_0;
    %cmp/ne;
    %jmp/0xz  T_6.0, 6;
    %vpi_call/w 3 26 "$display", "FAIL %s got=%b exp=%b instr=%h", v0x5749878675d0_0, v0x574987867510_0, v0x574987867430_0, v0x574987867e20_0 {0 0 0};
    %vpi_call/w 3 27 "$finish" {0 0 0};
T_6.0 ;
    %end;
S_0x574987867690 .scope task, "expectN" "expectN" 3 32, 3 32 0, S_0x5749878176e0;
 .timescale 0 0;
v0x574987867870_0 .var "exp", 31 0;
v0x574987867970_0 .var "got", 31 0;
v0x574987867a50_0 .var "name", 255 0;
TD_tb_decode.expectN ;
    %load/vec4 v0x574987867970_0;
    %load/vec4 v0x574987867870_0;
    %cmp/ne;
    %jmp/0xz  T_7.2, 6;
    %vpi_call/w 3 37 "$display", "FAIL %s got=%h exp=%h instr=%h", v0x574987867a50_0, v0x574987867970_0, v0x574987867870_0, v0x574987867e20_0 {0 0 0};
    %vpi_call/w 3 38 "$finish" {0 0 0};
T_7.2 ;
    %end;
    .scope S_0x5749878655d0;
T_8 ;
    %wait E_0x574987807f00;
    %pushi/vec4 0, 0, 1;
    %store/vec4 v0x574987866e80_0, 0, 1;
    %pushi/vec4 0, 0, 1;
    %store/vec4 v0x574987866ce0_0, 0, 1;
    %pushi/vec4 0, 0, 1;
    %store/vec4 v0x574987866c20_0, 0, 1;
    %pushi/vec4 0, 0, 1;
    %store/vec4 v0x5749878663b0_0, 0, 1;
    %pushi/vec4 0, 0, 2;
    %store/vec4 v0x574987867020_0, 0, 2;
    %pushi/vec4 0, 0, 1;
    %store/vec4 v0x574987866470_0, 0, 1;
    %pushi/vec4 0, 0, 1;
    %store/vec4 v0x574987866aa0_0, 0, 1;
    %pushi/vec4 0, 0, 1;
    %store/vec4 v0x574987866b60_0, 0, 1;
    %pushi/vec4 0, 0, 4;
    %store/vec4 v0x5749878662b0_0, 0, 4;
    %load/vec4 v0x574987866da0_0;
    %dup/vec4;
    %pushi/vec4 51, 0, 7;
    %cmp/u;
    %jmp/1 T_8.0, 6;
    %dup/vec4;
    %pushi/vec4 19, 0, 7;
    %cmp/u;
    %jmp/1 T_8.1, 6;
    %dup/vec4;
    %pushi/vec4 3, 0, 7;
    %cmp/u;
    %jmp/1 T_8.2, 6;
    %dup/vec4;
    %pushi/vec4 35, 0, 7;
    %cmp/u;
    %jmp/1 T_8.3, 6;
    %dup/vec4;
    %pushi/vec4 99, 0, 7;
    %cmp/u;
    %jmp/1 T_8.4, 6;
    %dup/vec4;
    %pushi/vec4 111, 0, 7;
    %cmp/u;
    %jmp/1 T_8.5, 6;
    %dup/vec4;
    %pushi/vec4 103, 0, 7;
    %cmp/u;
    %jmp/1 T_8.6, 6;
    %dup/vec4;
    %pushi/vec4 55, 0, 7;
    %cmp/u;
    %jmp/1 T_8.7, 6;
    %dup/vec4;
    %pushi/vec4 23, 0, 7;
    %cmp/u;
    %jmp/1 T_8.8, 6;
    %jmp T_8.10;
T_8.0 ;
    %pushi/vec4 1, 0, 1;
    %store/vec4 v0x574987866e80_0, 0, 1;
    %pushi/vec4 0, 0, 1;
    %store/vec4 v0x5749878663b0_0, 0, 1;
    %pushi/vec4 0, 0, 2;
    %store/vec4 v0x574987867020_0, 0, 2;
    %pushi/vec4 0, 0, 1;
    %store/vec4 v0x574987866ce0_0, 0, 1;
    %pushi/vec4 0, 0, 1;
    %store/vec4 v0x574987866c20_0, 0, 1;
    %pushi/vec4 0, 0, 1;
    %store/vec4 v0x574987866470_0, 0, 1;
    %pushi/vec4 0, 0, 1;
    %store/vec4 v0x574987866aa0_0, 0, 1;
    %pushi/vec4 0, 0, 1;
    %store/vec4 v0x574987866b60_0, 0, 1;
    %load/vec4 v0x574987866510_0;
    %dup/vec4;
    %pushi/vec4 0, 0, 3;
    %cmp/u;
    %jmp/1 T_8.11, 6;
    %dup/vec4;
    %pushi/vec4 7, 0, 3;
    %cmp/u;
    %jmp/1 T_8.12, 6;
    %dup/vec4;
    %pushi/vec4 6, 0, 3;
    %cmp/u;
    %jmp/1 T_8.13, 6;
    %dup/vec4;
    %pushi/vec4 4, 0, 3;
    %cmp/u;
    %jmp/1 T_8.14, 6;
    %dup/vec4;
    %pushi/vec4 1, 0, 3;
    %cmp/u;
    %jmp/1 T_8.15, 6;
    %dup/vec4;
    %pushi/vec4 5, 0, 3;
    %cmp/u;
    %jmp/1 T_8.16, 6;
    %dup/vec4;
    %pushi/vec4 2, 0, 3;
    %cmp/u;
    %jmp/1 T_8.17, 6;
    %dup/vec4;
    %pushi/vec4 3, 0, 3;
    %cmp/u;
    %jmp/1 T_8.18, 6;
    %pushi/vec4 0, 0, 4;
    %store/vec4 v0x5749878662b0_0, 0, 4;
    %jmp T_8.20;
T_8.11 ;
    %load/vec4 v0x5749878665f0_0;
    %cmpi/e 32, 0, 7;
    %flag_mov 8, 4;
    %jmp/0 T_8.21, 8;
    %pushi/vec4 1, 0, 4;
    %jmp/1 T_8.22, 8;
T_8.21 ; End of true expr.
    %pushi/vec4 0, 0, 4;
    %jmp/0 T_8.22, 8;
 ; End of false expr.
    %blend;
T_8.22;
    %store/vec4 v0x5749878662b0_0, 0, 4;
    %jmp T_8.20;
T_8.12 ;
    %pushi/vec4 2, 0, 4;
    %store/vec4 v0x5749878662b0_0, 0, 4;
    %jmp T_8.20;
T_8.13 ;
    %pushi/vec4 3, 0, 4;
    %store/vec4 v0x5749878662b0_0, 0, 4;
    %jmp T_8.20;
T_8.14 ;
    %pushi/vec4 4, 0, 4;
    %store/vec4 v0x5749878662b0_0, 0, 4;
    %jmp T_8.20;
T_8.15 ;
    %pushi/vec4 5, 0, 4;
    %store/vec4 v0x5749878662b0_0, 0, 4;
    %jmp T_8.20;
T_8.16 ;
    %load/vec4 v0x5749878665f0_0;
    %cmpi/e 32, 0, 7;
    %flag_mov 8, 4;
    %jmp/0 T_8.23, 8;
    %pushi/vec4 7, 0, 4;
    %jmp/1 T_8.24, 8;
T_8.23 ; End of true expr.
    %pushi/vec4 6, 0, 4;
    %jmp/0 T_8.24, 8;
 ; End of false expr.
    %blend;
T_8.24;
    %store/vec4 v0x5749878662b0_0, 0, 4;
    %jmp T_8.20;
T_8.17 ;
    %pushi/vec4 8, 0, 4;
    %store/vec4 v0x5749878662b0_0, 0, 4;
    %jmp T_8.20;
T_8.18 ;
    %pushi/vec4 9, 0, 4;
    %store/vec4 v0x5749878662b0_0, 0, 4;
    %jmp T_8.20;
T_8.20 ;
    %pop/vec4 1;
    %jmp T_8.10;
T_8.1 ;
    %pushi/vec4 1, 0, 1;
    %store/vec4 v0x574987866e80_0, 0, 1;
    %pushi/vec4 1, 0, 1;
    %store/vec4 v0x5749878663b0_0, 0, 1;
    %pushi/vec4 0, 0, 2;
    %store/vec4 v0x574987867020_0, 0, 2;
    %load/vec4 v0x574987866510_0;
    %dup/vec4;
    %pushi/vec4 0, 0, 3;
    %cmp/u;
    %jmp/1 T_8.25, 6;
    %dup/vec4;
    %pushi/vec4 7, 0, 3;
    %cmp/u;
    %jmp/1 T_8.26, 6;
    %dup/vec4;
    %pushi/vec4 6, 0, 3;
    %cmp/u;
    %jmp/1 T_8.27, 6;
    %dup/vec4;
    %pushi/vec4 4, 0, 3;
    %cmp/u;
    %jmp/1 T_8.28, 6;
    %dup/vec4;
    %pushi/vec4 2, 0, 3;
    %cmp/u;
    %jmp/1 T_8.29, 6;
    %dup/vec4;
    %pushi/vec4 3, 0, 3;
    %cmp/u;
    %jmp/1 T_8.30, 6;
    %dup/vec4;
    %pushi/vec4 1, 0, 3;
    %cmp/u;
    %jmp/1 T_8.31, 6;
    %dup/vec4;
    %pushi/vec4 5, 0, 3;
    %cmp/u;
    %jmp/1 T_8.32, 6;
    %pushi/vec4 0, 0, 4;
    %store/vec4 v0x5749878662b0_0, 0, 4;
    %jmp T_8.34;
T_8.25 ;
    %pushi/vec4 0, 0, 4;
    %store/vec4 v0x5749878662b0_0, 0, 4;
    %jmp T_8.34;
T_8.26 ;
    %pushi/vec4 2, 0, 4;
    %store/vec4 v0x5749878662b0_0, 0, 4;
    %jmp T_8.34;
T_8.27 ;
    %pushi/vec4 3, 0, 4;
    %store/vec4 v0x5749878662b0_0, 0, 4;
    %jmp T_8.34;
T_8.28 ;
    %pushi/vec4 4, 0, 4;
    %store/vec4 v0x5749878662b0_0, 0, 4;
    %jmp T_8.34;
T_8.29 ;
    %pushi/vec4 8, 0, 4;
    %store/vec4 v0x5749878662b0_0, 0, 4;
    %jmp T_8.34;
T_8.30 ;
    %pushi/vec4 9, 0, 4;
    %store/vec4 v0x5749878662b0_0, 0, 4;
    %jmp T_8.34;
T_8.31 ;
    %pushi/vec4 5, 0, 4;
    %store/vec4 v0x5749878662b0_0, 0, 4;
    %jmp T_8.34;
T_8.32 ;
    %load/vec4 v0x574987866720_0;
    %parti/s 7, 5, 4;
    %cmpi/e 32, 0, 7;
    %jmp/0xz  T_8.35, 4;
    %pushi/vec4 7, 0, 4;
    %store/vec4 v0x5749878662b0_0, 0, 4;
    %jmp T_8.36;
T_8.35 ;
    %pushi/vec4 6, 0, 4;
    %store/vec4 v0x5749878662b0_0, 0, 4;
T_8.36 ;
    %jmp T_8.34;
T_8.34 ;
    %pop/vec4 1;
    %jmp T_8.10;
T_8.2 ;
    %pushi/vec4 1, 0, 1;
    %store/vec4 v0x574987866e80_0, 0, 1;
    %pushi/vec4 1, 0, 1;
    %store/vec4 v0x574987866c20_0, 0, 1;
    %pushi/vec4 0, 0, 1;
    %store/vec4 v0x574987866ce0_0, 0, 1;
    %pushi/vec4 1, 0, 1;
    %store/vec4 v0x5749878663b0_0, 0, 1;
    %pushi/vec4 0, 0, 4;
    %store/vec4 v0x5749878662b0_0, 0, 4;
    %pushi/vec4 1, 0, 2;
    %store/vec4 v0x574987867020_0, 0, 2;
    %jmp T_8.10;
T_8.3 ;
    %pushi/vec4 0, 0, 1;
    %store/vec4 v0x574987866e80_0, 0, 1;
    %pushi/vec4 1, 0, 1;
    %store/vec4 v0x574987866ce0_0, 0, 1;
    %pushi/vec4 0, 0, 1;
    %store/vec4 v0x574987866c20_0, 0, 1;
    %pushi/vec4 1, 0, 1;
    %store/vec4 v0x5749878663b0_0, 0, 1;
    %pushi/vec4 0, 0, 4;
    %store/vec4 v0x5749878662b0_0, 0, 4;
    %pushi/vec4 0, 0, 2;
    %store/vec4 v0x574987867020_0, 0, 2;
    %jmp T_8.10;
T_8.4 ;
    %pushi/vec4 1, 0, 1;
    %store/vec4 v0x574987866470_0, 0, 1;
    %pushi/vec4 0, 0, 1;
    %store/vec4 v0x574987866e80_0, 0, 1;
    %pushi/vec4 0, 0, 1;
    %store/vec4 v0x574987866ce0_0, 0, 1;
    %pushi/vec4 0, 0, 1;
    %store/vec4 v0x574987866c20_0, 0, 1;
    %pushi/vec4 0, 0, 1;
    %store/vec4 v0x5749878663b0_0, 0, 1;
    %pushi/vec4 0, 0, 2;
    %store/vec4 v0x574987867020_0, 0, 2;
    %pushi/vec4 1, 0, 4;
    %store/vec4 v0x5749878662b0_0, 0, 4;
    %jmp T_8.10;
T_8.5 ;
    %pushi/vec4 1, 0, 1;
    %store/vec4 v0x574987866aa0_0, 0, 1;
    %pushi/vec4 1, 0, 1;
    %store/vec4 v0x574987866e80_0, 0, 1;
    %pushi/vec4 2, 0, 2;
    %store/vec4 v0x574987867020_0, 0, 2;
    %pushi/vec4 0, 0, 1;
    %store/vec4 v0x574987866ce0_0, 0, 1;
    %pushi/vec4 0, 0, 1;
    %store/vec4 v0x574987866c20_0, 0, 1;
    %pushi/vec4 0, 0, 1;
    %store/vec4 v0x574987866470_0, 0, 1;
    %pushi/vec4 0, 0, 1;
    %store/vec4 v0x5749878663b0_0, 0, 1;
    %jmp T_8.10;
T_8.6 ;
    %pushi/vec4 1, 0, 1;
    %store/vec4 v0x574987866b60_0, 0, 1;
    %pushi/vec4 1, 0, 1;
    %store/vec4 v0x574987866e80_0, 0, 1;
    %pushi/vec4 2, 0, 2;
    %store/vec4 v0x574987867020_0, 0, 2;
    %pushi/vec4 1, 0, 1;
    %store/vec4 v0x5749878663b0_0, 0, 1;
    %pushi/vec4 0, 0, 4;
    %store/vec4 v0x5749878662b0_0, 0, 4;
    %jmp T_8.10;
T_8.7 ;
    %pushi/vec4 1, 0, 1;
    %store/vec4 v0x574987866e80_0, 0, 1;
    %pushi/vec4 3, 0, 2;
    %store/vec4 v0x574987867020_0, 0, 2;
    %jmp T_8.10;
T_8.8 ;
    %pushi/vec4 1, 0, 1;
    %store/vec4 v0x574987866e80_0, 0, 1;
    %pushi/vec4 1, 0, 1;
    %store/vec4 v0x5749878663b0_0, 0, 1;
    %pushi/vec4 0, 0, 4;
    %store/vec4 v0x5749878662b0_0, 0, 4;
    %pushi/vec4 0, 0, 2;
    %store/vec4 v0x574987867020_0, 0, 2;
    %jmp T_8.10;
T_8.10 ;
    %pop/vec4 1;
    %jmp T_8;
    .thread T_8, $push;
    .scope S_0x5749878176e0;
T_9 ;
    %pushi/vec4 51, 0, 7;
    %pushi/vec4 0, 0, 3;
    %pushi/vec4 0, 0, 7;
    %store/vec4 v0x574987864ac0_0, 0, 7;
    %store/vec4 v0x5749878649e0_0, 0, 3;
    %store/vec4 v0x574987864b80_0, 0, 7;
    %callf/vec4 TD_tb_decode.R, S_0x574987864700;
    %store/vec4 v0x574987867e20_0, 0, 32;
    %delay 1, 0;
    %load/vec4 v0x574987868200_0;
    %store/vec4 v0x574987867510_0, 0, 1;
    %pushi/vec4 1, 0, 1;
    %store/vec4 v0x574987867430_0, 0, 1;
    %pushi/vec4 0, 0, 32; draw_string_vec4
    %pushi/vec4 0, 0, 32; draw_string_vec4
    %concat/vec4; draw_string_vec4
    %pushi/vec4 0, 0, 32; draw_string_vec4
    %concat/vec4; draw_string_vec4
    %pushi/vec4 0, 0, 32; draw_string_vec4
    %concat/vec4; draw_string_vec4
    %pushi/vec4 0, 0, 32; draw_string_vec4
    %concat/vec4; draw_string_vec4
    %pushi/vec4 1377845572, 0, 32; draw_string_vec4
    %concat/vec4; draw_string_vec4
    %pushi/vec4 1142977125, 0, 32; draw_string_vec4
    %concat/vec4; draw_string_vec4
    %pushi/vec4 1734309733, 0, 32; draw_string_vec4
    %concat/vec4; draw_string_vec4
    %store/vec4 v0x5749878675d0_0, 0, 256;
    %fork TD_tb_decode.expect1, S_0x5749878672a0;
    %join;
    %load/vec4 v0x574987867c50_0;
    %store/vec4 v0x574987867510_0, 0, 1;
    %pushi/vec4 0, 0, 1;
    %store/vec4 v0x574987867430_0, 0, 1;
    %pushi/vec4 0, 0, 32; draw_string_vec4
    %pushi/vec4 0, 0, 32; draw_string_vec4
    %concat/vec4; draw_string_vec4
    %pushi/vec4 0, 0, 32; draw_string_vec4
    %concat/vec4; draw_string_vec4
    %pushi/vec4 82, 0, 32; draw_string_vec4
    %concat/vec4; draw_string_vec4
    %pushi/vec4 541148228, 0, 32; draw_string_vec4
    %concat/vec4; draw_string_vec4
    %pushi/vec4 543255669, 0, 32; draw_string_vec4
    %concat/vec4; draw_string_vec4
    %pushi/vec4 1601401443, 0, 32; draw_string_vec4
    %concat/vec4; draw_string_vec4
    %pushi/vec4 1600744813, 0, 32; draw_string_vec4
    %concat/vec4; draw_string_vec4
    %store/vec4 v0x5749878675d0_0, 0, 256;
    %fork TD_tb_decode.expect1, S_0x5749878672a0;
    %join;
    %load/vec4 v0x574987867b40_0;
    %pad/u 32;
    %store/vec4 v0x574987867970_0, 0, 32;
    %pushi/vec4 0, 0, 32;
    %store/vec4 v0x574987867870_0, 0, 32;
    %pushi/vec4 0, 0, 32; draw_string_vec4
    %pushi/vec4 0, 0, 32; draw_string_vec4
    %concat/vec4; draw_string_vec4
    %pushi/vec4 0, 0, 32; draw_string_vec4
    %concat/vec4; draw_string_vec4
    %pushi/vec4 0, 0, 32; draw_string_vec4
    %concat/vec4; draw_string_vec4
    %pushi/vec4 0, 0, 32; draw_string_vec4
    %concat/vec4; draw_string_vec4
    %pushi/vec4 1377845572, 0, 32; draw_string_vec4
    %concat/vec4; draw_string_vec4
    %pushi/vec4 1142972780, 0, 32; draw_string_vec4
    %concat/vec4; draw_string_vec4
    %pushi/vec4 1969188720, 0, 32; draw_string_vec4
    %concat/vec4; draw_string_vec4
    %store/vec4 v0x574987867a50_0, 0, 256;
    %fork TD_tb_decode.expectN, S_0x574987867690;
    %join;
    %load/vec4 v0x5749878682d0_0;
    %pad/u 32;
    %store/vec4 v0x574987867970_0, 0, 32;
    %pushi/vec4 0, 0, 32;
    %store/vec4 v0x574987867870_0, 0, 32;
    %pushi/vec4 0, 0, 32; draw_string_vec4
    %pushi/vec4 0, 0, 32; draw_string_vec4
    %concat/vec4; draw_string_vec4
    %pushi/vec4 0, 0, 32; draw_string_vec4
    %concat/vec4; draw_string_vec4
    %pushi/vec4 0, 0, 32; draw_string_vec4
    %concat/vec4; draw_string_vec4
    %pushi/vec4 0, 0, 32; draw_string_vec4
    %concat/vec4; draw_string_vec4
    %pushi/vec4 1377845572, 0, 32; draw_string_vec4
    %concat/vec4; draw_string_vec4
    %pushi/vec4 1142978402, 0, 32; draw_string_vec4
    %concat/vec4; draw_string_vec4
    %pushi/vec4 1601398124, 0, 32; draw_string_vec4
    %concat/vec4; draw_string_vec4
    %store/vec4 v0x574987867a50_0, 0, 256;
    %fork TD_tb_decode.expectN, S_0x574987867690;
    %join;
    %pushi/vec4 51, 0, 7;
    %pushi/vec4 0, 0, 3;
    %pushi/vec4 32, 0, 7;
    %store/vec4 v0x574987864ac0_0, 0, 7;
    %store/vec4 v0x5749878649e0_0, 0, 3;
    %store/vec4 v0x574987864b80_0, 0, 7;
    %callf/vec4 TD_tb_decode.R, S_0x574987864700;
    %store/vec4 v0x574987867e20_0, 0, 32;
    %delay 1, 0;
    %load/vec4 v0x574987867b40_0;
    %pad/u 32;
    %store/vec4 v0x574987867970_0, 0, 32;
    %pushi/vec4 1, 0, 32;
    %store/vec4 v0x574987867870_0, 0, 32;
    %pushi/vec4 0, 0, 32; draw_string_vec4
    %pushi/vec4 0, 0, 32; draw_string_vec4
    %concat/vec4; draw_string_vec4
    %pushi/vec4 0, 0, 32; draw_string_vec4
    %concat/vec4; draw_string_vec4
    %pushi/vec4 0, 0, 32; draw_string_vec4
    %concat/vec4; draw_string_vec4
    %pushi/vec4 0, 0, 32; draw_string_vec4
    %concat/vec4; draw_string_vec4
    %pushi/vec4 1377850197, 0, 32; draw_string_vec4
    %concat/vec4; draw_string_vec4
    %pushi/vec4 1109418348, 0, 32; draw_string_vec4
    %concat/vec4; draw_string_vec4
    %pushi/vec4 1969188720, 0, 32; draw_string_vec4
    %concat/vec4; draw_string_vec4
    %store/vec4 v0x574987867a50_0, 0, 256;
    %fork TD_tb_decode.expectN, S_0x574987867690;
    %join;
    %pushi/vec4 19, 0, 7;
    %pushi/vec4 0, 0, 3;
    %pushi/vec4 16, 0, 12;
    %store/vec4 v0x5749878641c0_0, 0, 12;
    %store/vec4 v0x5749878640e0_0, 0, 3;
    %store/vec4 v0x574987864280_0, 0, 7;
    %callf/vec4 TD_tb_decode.I, S_0x574987863e00;
    %store/vec4 v0x574987867e20_0, 0, 32;
    %delay 1, 0;
    %load/vec4 v0x574987868200_0;
    %store/vec4 v0x574987867510_0, 0, 1;
    %pushi/vec4 1, 0, 1;
    %store/vec4 v0x574987867430_0, 0, 1;
    %pushi/vec4 0, 0, 32; draw_string_vec4
    %pushi/vec4 0, 0, 32; draw_string_vec4
    %concat/vec4; draw_string_vec4
    %pushi/vec4 0, 0, 32; draw_string_vec4
    %concat/vec4; draw_string_vec4
    %pushi/vec4 0, 0, 32; draw_string_vec4
    %concat/vec4; draw_string_vec4
    %pushi/vec4 73, 0, 32; draw_string_vec4
    %concat/vec4; draw_string_vec4
    %pushi/vec4 541148228, 0, 32; draw_string_vec4
    %concat/vec4; draw_string_vec4
    %pushi/vec4 1226863205, 0, 32; draw_string_vec4
    %concat/vec4; draw_string_vec4
    %pushi/vec4 1734309733, 0, 32; draw_string_vec4
    %concat/vec4; draw_string_vec4
    %store/vec4 v0x5749878675d0_0, 0, 256;
    %fork TD_tb_decode.expect1, S_0x5749878672a0;
    %join;
    %load/vec4 v0x574987867c50_0;
    %store/vec4 v0x574987867510_0, 0, 1;
    %pushi/vec4 1, 0, 1;
    %store/vec4 v0x574987867430_0, 0, 1;
    %pushi/vec4 0, 0, 32; draw_string_vec4
    %pushi/vec4 0, 0, 32; draw_string_vec4
    %concat/vec4; draw_string_vec4
    %pushi/vec4 0, 0, 32; draw_string_vec4
    %concat/vec4; draw_string_vec4
    %pushi/vec4 18720, 0, 32; draw_string_vec4
    %concat/vec4; draw_string_vec4
    %pushi/vec4 1094992969, 0, 32; draw_string_vec4
    %concat/vec4; draw_string_vec4
    %pushi/vec4 543255669, 0, 32; draw_string_vec4
    %concat/vec4; draw_string_vec4
    %pushi/vec4 1601401443, 0, 32; draw_string_vec4
    %concat/vec4; draw_string_vec4
    %pushi/vec4 1600744813, 0, 32; draw_string_vec4
    %concat/vec4; draw_string_vec4
    %store/vec4 v0x5749878675d0_0, 0, 256;
    %fork TD_tb_decode.expect1, S_0x5749878672a0;
    %join;
    %load/vec4 v0x574987867b40_0;
    %pad/u 32;
    %store/vec4 v0x574987867970_0, 0, 32;
    %pushi/vec4 0, 0, 32;
    %store/vec4 v0x574987867870_0, 0, 32;
    %pushi/vec4 0, 0, 32; draw_string_vec4
    %pushi/vec4 0, 0, 32; draw_string_vec4
    %concat/vec4; draw_string_vec4
    %pushi/vec4 0, 0, 32; draw_string_vec4
    %concat/vec4; draw_string_vec4
    %pushi/vec4 0, 0, 32; draw_string_vec4
    %concat/vec4; draw_string_vec4
    %pushi/vec4 73, 0, 32; draw_string_vec4
    %concat/vec4; draw_string_vec4
    %pushi/vec4 541148228, 0, 32; draw_string_vec4
    %concat/vec4; draw_string_vec4
    %pushi/vec4 1226858860, 0, 32; draw_string_vec4
    %concat/vec4; draw_string_vec4
    %pushi/vec4 1969188720, 0, 32; draw_string_vec4
    %concat/vec4; draw_string_vec4
    %store/vec4 v0x574987867a50_0, 0, 256;
    %fork TD_tb_decode.expectN, S_0x574987867690;
    %join;
    %load/vec4 v0x5749878682d0_0;
    %pad/u 32;
    %store/vec4 v0x574987867970_0, 0, 32;
    %pushi/vec4 0, 0, 32;
    %store/vec4 v0x574987867870_0, 0, 32;
    %pushi/vec4 0, 0, 32; draw_string_vec4
    %pushi/vec4 0, 0, 32; draw_string_vec4
    %concat/vec4; draw_string_vec4
    %pushi/vec4 0, 0, 32; draw_string_vec4
    %concat/vec4; draw_string_vec4
    %pushi/vec4 0, 0, 32; draw_string_vec4
    %concat/vec4; draw_string_vec4
    %pushi/vec4 73, 0, 32; draw_string_vec4
    %concat/vec4; draw_string_vec4
    %pushi/vec4 541148228, 0, 32; draw_string_vec4
    %concat/vec4; draw_string_vec4
    %pushi/vec4 1226864482, 0, 32; draw_string_vec4
    %concat/vec4; draw_string_vec4
    %pushi/vec4 1601398124, 0, 32; draw_string_vec4
    %concat/vec4; draw_string_vec4
    %store/vec4 v0x574987867a50_0, 0, 256;
    %fork TD_tb_decode.expectN, S_0x574987867690;
    %join;
    %pushi/vec4 19, 0, 7;
    %pushi/vec4 5, 0, 3;
    %pushi/vec4 1027, 0, 12;
    %store/vec4 v0x5749878641c0_0, 0, 12;
    %store/vec4 v0x5749878640e0_0, 0, 3;
    %store/vec4 v0x574987864280_0, 0, 7;
    %callf/vec4 TD_tb_decode.I, S_0x574987863e00;
    %store/vec4 v0x574987867e20_0, 0, 32;
    %delay 1, 0;
    %load/vec4 v0x574987867b40_0;
    %pad/u 32;
    %store/vec4 v0x574987867970_0, 0, 32;
    %pushi/vec4 7, 0, 32;
    %store/vec4 v0x574987867870_0, 0, 32;
    %pushi/vec4 0, 0, 32; draw_string_vec4
    %pushi/vec4 0, 0, 32; draw_string_vec4
    %concat/vec4; draw_string_vec4
    %pushi/vec4 0, 0, 32; draw_string_vec4
    %concat/vec4; draw_string_vec4
    %pushi/vec4 0, 0, 32; draw_string_vec4
    %concat/vec4; draw_string_vec4
    %pushi/vec4 73, 0, 32; draw_string_vec4
    %concat/vec4; draw_string_vec4
    %pushi/vec4 542331457, 0, 32; draw_string_vec4
    %concat/vec4; draw_string_vec4
    %pushi/vec4 1226858860, 0, 32; draw_string_vec4
    %concat/vec4; draw_string_vec4
    %pushi/vec4 1969188720, 0, 32; draw_string_vec4
    %concat/vec4; draw_string_vec4
    %store/vec4 v0x574987867a50_0, 0, 256;
    %fork TD_tb_decode.expectN, S_0x574987867690;
    %join;
    %pushi/vec4 3, 0, 7;
    %pushi/vec4 2, 0, 3;
    %pushi/vec4 0, 0, 12;
    %store/vec4 v0x5749878641c0_0, 0, 12;
    %store/vec4 v0x5749878640e0_0, 0, 3;
    %store/vec4 v0x574987864280_0, 0, 7;
    %callf/vec4 TD_tb_decode.I, S_0x574987863e00;
    %store/vec4 v0x574987867e20_0, 0, 32;
    %delay 1, 0;
    %load/vec4 v0x574987868200_0;
    %store/vec4 v0x574987867510_0, 0, 1;
    %pushi/vec4 1, 0, 1;
    %store/vec4 v0x574987867430_0, 0, 1;
    %pushi/vec4 0, 0, 32; draw_string_vec4
    %pushi/vec4 0, 0, 32; draw_string_vec4
    %concat/vec4; draw_string_vec4
    %pushi/vec4 0, 0, 32; draw_string_vec4
    %concat/vec4; draw_string_vec4
    %pushi/vec4 0, 0, 32; draw_string_vec4
    %concat/vec4; draw_string_vec4
    %pushi/vec4 0, 0, 32; draw_string_vec4
    %concat/vec4; draw_string_vec4
    %pushi/vec4 76, 0, 32; draw_string_vec4
    %concat/vec4; draw_string_vec4
    %pushi/vec4 1461744229, 0, 32; draw_string_vec4
    %concat/vec4; draw_string_vec4
    %pushi/vec4 1734309733, 0, 32; draw_string_vec4
    %concat/vec4; draw_string_vec4
    %store/vec4 v0x5749878675d0_0, 0, 256;
    %fork TD_tb_decode.expect1, S_0x5749878672a0;
    %join;
    %load/vec4 v0x574987868060_0;
    %store/vec4 v0x574987867510_0, 0, 1;
    %pushi/vec4 1, 0, 1;
    %store/vec4 v0x574987867430_0, 0, 1;
    %pushi/vec4 0, 0, 32; draw_string_vec4
    %pushi/vec4 0, 0, 32; draw_string_vec4
    %concat/vec4; draw_string_vec4
    %pushi/vec4 0, 0, 32; draw_string_vec4
    %concat/vec4; draw_string_vec4
    %pushi/vec4 0, 0, 32; draw_string_vec4
    %concat/vec4; draw_string_vec4
    %pushi/vec4 0, 0, 32; draw_string_vec4
    %concat/vec4; draw_string_vec4
    %pushi/vec4 76, 0, 32; draw_string_vec4
    %concat/vec4; draw_string_vec4
    %pushi/vec4 1461742949, 0, 32; draw_string_vec4
    %concat/vec4; draw_string_vec4
    %pushi/vec4 1834971749, 0, 32; draw_string_vec4
    %concat/vec4; draw_string_vec4
    %store/vec4 v0x5749878675d0_0, 0, 256;
    %fork TD_tb_decode.expect1, S_0x5749878672a0;
    %join;
    %load/vec4 v0x5749878682d0_0;
    %pad/u 32;
    %store/vec4 v0x574987867970_0, 0, 32;
    %pushi/vec4 1, 0, 32;
    %store/vec4 v0x574987867870_0, 0, 32;
    %pushi/vec4 0, 0, 32; draw_string_vec4
    %pushi/vec4 0, 0, 32; draw_string_vec4
    %concat/vec4; draw_string_vec4
    %pushi/vec4 0, 0, 32; draw_string_vec4
    %concat/vec4; draw_string_vec4
    %pushi/vec4 0, 0, 32; draw_string_vec4
    %concat/vec4; draw_string_vec4
    %pushi/vec4 76, 0, 32; draw_string_vec4
    %concat/vec4; draw_string_vec4
    %pushi/vec4 1461745506, 0, 32; draw_string_vec4
    %concat/vec4; draw_string_vec4
    %pushi/vec4 1601398124, 0, 32; draw_string_vec4
    %concat/vec4; draw_string_vec4
    %pushi/vec4 1028474189, 0, 32; draw_string_vec4
    %concat/vec4; draw_string_vec4
    %store/vec4 v0x574987867a50_0, 0, 256;
    %fork TD_tb_decode.expectN, S_0x574987867690;
    %join;
    %load/vec4 v0x574987867b40_0;
    %pad/u 32;
    %store/vec4 v0x574987867970_0, 0, 32;
    %pushi/vec4 0, 0, 32;
    %store/vec4 v0x574987867870_0, 0, 32;
    %pushi/vec4 0, 0, 32; draw_string_vec4
    %pushi/vec4 0, 0, 32; draw_string_vec4
    %concat/vec4; draw_string_vec4
    %pushi/vec4 0, 0, 32; draw_string_vec4
    %concat/vec4; draw_string_vec4
    %pushi/vec4 1280778357, 0, 32; draw_string_vec4
    %concat/vec4; draw_string_vec4
    %pushi/vec4 1936028448, 0, 32; draw_string_vec4
    %concat/vec4; draw_string_vec4
    %pushi/vec4 1094992928, 0, 32; draw_string_vec4
    %concat/vec4; draw_string_vec4
    %pushi/vec4 1718579744, 0, 32; draw_string_vec4
    %concat/vec4; draw_string_vec4
    %pushi/vec4 1633969266, 0, 32; draw_string_vec4
    %concat/vec4; draw_string_vec4
    %store/vec4 v0x574987867a50_0, 0, 256;
    %fork TD_tb_decode.expectN, S_0x574987867690;
    %join;
    %load/vec4 v0x574987867c50_0;
    %store/vec4 v0x574987867510_0, 0, 1;
    %pushi/vec4 1, 0, 1;
    %store/vec4 v0x574987867430_0, 0, 1;
    %pushi/vec4 0, 0, 32; draw_string_vec4
    %pushi/vec4 0, 0, 32; draw_string_vec4
    %concat/vec4; draw_string_vec4
    %pushi/vec4 0, 0, 32; draw_string_vec4
    %concat/vec4; draw_string_vec4
    %pushi/vec4 0, 0, 32; draw_string_vec4
    %concat/vec4; draw_string_vec4
    %pushi/vec4 19543, 0, 32; draw_string_vec4
    %concat/vec4; draw_string_vec4
    %pushi/vec4 543255669, 0, 32; draw_string_vec4
    %concat/vec4; draw_string_vec4
    %pushi/vec4 1601401443, 0, 32; draw_string_vec4
    %concat/vec4; draw_string_vec4
    %pushi/vec4 1600744813, 0, 32; draw_string_vec4
    %concat/vec4; draw_string_vec4
    %store/vec4 v0x5749878675d0_0, 0, 256;
    %fork TD_tb_decode.expect1, S_0x5749878672a0;
    %join;
    %pushi/vec4 35, 0, 7;
    %pushi/vec4 2, 0, 3;
    %pushi/vec4 0, 0, 12;
    %store/vec4 v0x574987865070_0, 0, 12;
    %store/vec4 v0x574987864f90_0, 0, 3;
    %store/vec4 v0x574987865130_0, 0, 7;
    %callf/vec4 TD_tb_decode.S, S_0x574987864c60;
    %store/vec4 v0x574987867e20_0, 0, 32;
    %delay 1, 0;
    %load/vec4 v0x574987868130_0;
    %store/vec4 v0x574987867510_0, 0, 1;
    %pushi/vec4 1, 0, 1;
    %store/vec4 v0x574987867430_0, 0, 1;
    %pushi/vec4 0, 0, 32; draw_string_vec4
    %pushi/vec4 0, 0, 32; draw_string_vec4
    %concat/vec4; draw_string_vec4
    %pushi/vec4 0, 0, 32; draw_string_vec4
    %concat/vec4; draw_string_vec4
    %pushi/vec4 0, 0, 32; draw_string_vec4
    %concat/vec4; draw_string_vec4
    %pushi/vec4 0, 0, 32; draw_string_vec4
    %concat/vec4; draw_string_vec4
    %pushi/vec4 83, 0, 32; draw_string_vec4
    %concat/vec4; draw_string_vec4
    %pushi/vec4 1461742949, 0, 32; draw_string_vec4
    %concat/vec4; draw_string_vec4
    %pushi/vec4 1834973029, 0, 32; draw_string_vec4
    %concat/vec4; draw_string_vec4
    %store/vec4 v0x5749878675d0_0, 0, 256;
    %fork TD_tb_decode.expect1, S_0x5749878672a0;
    %join;
    %load/vec4 v0x574987868200_0;
    %store/vec4 v0x574987867510_0, 0, 1;
    %pushi/vec4 0, 0, 1;
    %store/vec4 v0x574987867430_0, 0, 1;
    %pushi/vec4 0, 0, 32; draw_string_vec4
    %pushi/vec4 0, 0, 32; draw_string_vec4
    %concat/vec4; draw_string_vec4
    %pushi/vec4 0, 0, 32; draw_string_vec4
    %concat/vec4; draw_string_vec4
    %pushi/vec4 0, 0, 32; draw_string_vec4
    %concat/vec4; draw_string_vec4
    %pushi/vec4 0, 0, 32; draw_string_vec4
    %concat/vec4; draw_string_vec4
    %pushi/vec4 5461792, 0, 32; draw_string_vec4
    %concat/vec4; draw_string_vec4
    %pushi/vec4 1919248223, 0, 32; draw_string_vec4
    %concat/vec4; draw_string_vec4
    %pushi/vec4 2003123504, 0, 32; draw_string_vec4
    %concat/vec4; draw_string_vec4
    %store/vec4 v0x5749878675d0_0, 0, 256;
    %fork TD_tb_decode.expect1, S_0x5749878672a0;
    %join;
    %load/vec4 v0x574987867b40_0;
    %pad/u 32;
    %store/vec4 v0x574987867970_0, 0, 32;
    %pushi/vec4 0, 0, 32;
    %store/vec4 v0x574987867870_0, 0, 32;
    %pushi/vec4 0, 0, 32; draw_string_vec4
    %pushi/vec4 0, 0, 32; draw_string_vec4
    %concat/vec4; draw_string_vec4
    %pushi/vec4 0, 0, 32; draw_string_vec4
    %concat/vec4; draw_string_vec4
    %pushi/vec4 0, 0, 32; draw_string_vec4
    %concat/vec4; draw_string_vec4
    %pushi/vec4 0, 0, 32; draw_string_vec4
    %concat/vec4; draw_string_vec4
    %pushi/vec4 5461792, 0, 32; draw_string_vec4
    %concat/vec4; draw_string_vec4
    %pushi/vec4 1633969266, 0, 32; draw_string_vec4
    %concat/vec4; draw_string_vec4
    %pushi/vec4 543253604, 0, 32; draw_string_vec4
    %concat/vec4; draw_string_vec4
    %store/vec4 v0x574987867a50_0, 0, 256;
    %fork TD_tb_decode.expectN, S_0x574987867690;
    %join;
    %load/vec4 v0x574987867c50_0;
    %store/vec4 v0x574987867510_0, 0, 1;
    %pushi/vec4 1, 0, 1;
    %store/vec4 v0x574987867430_0, 0, 1;
    %pushi/vec4 0, 0, 32; draw_string_vec4
    %pushi/vec4 0, 0, 32; draw_string_vec4
    %concat/vec4; draw_string_vec4
    %pushi/vec4 0, 0, 32; draw_string_vec4
    %concat/vec4; draw_string_vec4
    %pushi/vec4 0, 0, 32; draw_string_vec4
    %concat/vec4; draw_string_vec4
    %pushi/vec4 21335, 0, 32; draw_string_vec4
    %concat/vec4; draw_string_vec4
    %pushi/vec4 543255669, 0, 32; draw_string_vec4
    %concat/vec4; draw_string_vec4
    %pushi/vec4 1601401443, 0, 32; draw_string_vec4
    %concat/vec4; draw_string_vec4
    %pushi/vec4 1600744813, 0, 32; draw_string_vec4
    %concat/vec4; draw_string_vec4
    %store/vec4 v0x5749878675d0_0, 0, 256;
    %fork TD_tb_decode.expect1, S_0x5749878672a0;
    %join;
    %pushi/vec4 99, 0, 7;
    %pushi/vec4 0, 0, 3;
    %store/vec4 v0x574987830890_0, 0, 3;
    %store/vec4 v0x574987863d40_0, 0, 7;
    %callf/vec4 TD_tb_decode.B, S_0x574987817870;
    %store/vec4 v0x574987867e20_0, 0, 32;
    %delay 1, 0;
    %load/vec4 v0x574987867d20_0;
    %store/vec4 v0x574987867510_0, 0, 1;
    %pushi/vec4 1, 0, 1;
    %store/vec4 v0x574987867430_0, 0, 1;
    %pushi/vec4 0, 0, 32; draw_string_vec4
    %pushi/vec4 0, 0, 32; draw_string_vec4
    %concat/vec4; draw_string_vec4
    %pushi/vec4 0, 0, 32; draw_string_vec4
    %concat/vec4; draw_string_vec4
    %pushi/vec4 0, 0, 32; draw_string_vec4
    %concat/vec4; draw_string_vec4
    %pushi/vec4 0, 0, 32; draw_string_vec4
    %concat/vec4; draw_string_vec4
    %pushi/vec4 1111839008, 0, 32; draw_string_vec4
    %concat/vec4; draw_string_vec4
    %pushi/vec4 1651663214, 0, 32; draw_string_vec4
    %concat/vec4; draw_string_vec4
    %pushi/vec4 1667775793, 0, 32; draw_string_vec4
    %concat/vec4; draw_string_vec4
    %store/vec4 v0x5749878675d0_0, 0, 256;
    %fork TD_tb_decode.expect1, S_0x5749878672a0;
    %join;
    %load/vec4 v0x574987868200_0;
    %store/vec4 v0x574987867510_0, 0, 1;
    %pushi/vec4 0, 0, 1;
    %store/vec4 v0x574987867430_0, 0, 1;
    %pushi/vec4 0, 0, 32; draw_string_vec4
    %pushi/vec4 0, 0, 32; draw_string_vec4
    %concat/vec4; draw_string_vec4
    %pushi/vec4 0, 0, 32; draw_string_vec4
    %concat/vec4; draw_string_vec4
    %pushi/vec4 0, 0, 32; draw_string_vec4
    %concat/vec4; draw_string_vec4
    %pushi/vec4 0, 0, 32; draw_string_vec4
    %concat/vec4; draw_string_vec4
    %pushi/vec4 1111839008, 0, 32; draw_string_vec4
    %concat/vec4; draw_string_vec4
    %pushi/vec4 1919248223, 0, 32; draw_string_vec4
    %concat/vec4; draw_string_vec4
    %pushi/vec4 2003123504, 0, 32; draw_string_vec4
    %concat/vec4; draw_string_vec4
    %store/vec4 v0x5749878675d0_0, 0, 256;
    %fork TD_tb_decode.expect1, S_0x5749878672a0;
    %join;
    %load/vec4 v0x574987867b40_0;
    %pad/u 32;
    %store/vec4 v0x574987867970_0, 0, 32;
    %pushi/vec4 1, 0, 32;
    %store/vec4 v0x574987867870_0, 0, 32;
    %pushi/vec4 3404087462, 0, 33;
    %concati/vec4 2860793936, 0, 32;
    %concati/vec4 3739281618, 0, 32;
    %concati/vec4 3739009752, 0, 32;
    %concati/vec4 2173294032, 0, 33;
    %concati/vec4 2178782337, 0, 32;
    %concati/vec4 2511968701, 0, 32;
    %concati/vec4 845374761, 0, 30;
    %store/vec4 v0x574987867a50_0, 0, 256;
    %fork TD_tb_decode.expectN, S_0x574987867690;
    %join;
    %pushi/vec4 111, 0, 7;
    %store/vec4 v0x574987864620_0, 0, 7;
    %callf/vec4 TD_tb_decode.J, S_0x574987864360;
    %store/vec4 v0x574987867e20_0, 0, 32;
    %delay 1, 0;
    %load/vec4 v0x574987867ef0_0;
    %store/vec4 v0x574987867510_0, 0, 1;
    %pushi/vec4 1, 0, 1;
    %store/vec4 v0x574987867430_0, 0, 1;
    %pushi/vec4 0, 0, 32; draw_string_vec4
    %pushi/vec4 0, 0, 32; draw_string_vec4
    %concat/vec4; draw_string_vec4
    %pushi/vec4 0, 0, 32; draw_string_vec4
    %concat/vec4; draw_string_vec4
    %pushi/vec4 0, 0, 32; draw_string_vec4
    %concat/vec4; draw_string_vec4
    %pushi/vec4 0, 0, 32; draw_string_vec4
    %concat/vec4; draw_string_vec4
    %pushi/vec4 74, 0, 32; draw_string_vec4
    %concat/vec4; draw_string_vec4
    %pushi/vec4 1095508074, 0, 32; draw_string_vec4
    %concat/vec4; draw_string_vec4
    %pushi/vec4 1634483505, 0, 32; draw_string_vec4
    %concat/vec4; draw_string_vec4
    %store/vec4 v0x5749878675d0_0, 0, 256;
    %fork TD_tb_decode.expect1, S_0x5749878672a0;
    %join;
    %load/vec4 v0x574987868200_0;
    %store/vec4 v0x574987867510_0, 0, 1;
    %pushi/vec4 1, 0, 1;
    %store/vec4 v0x574987867430_0, 0, 1;
    %pushi/vec4 0, 0, 32; draw_string_vec4
    %pushi/vec4 0, 0, 32; draw_string_vec4
    %concat/vec4; draw_string_vec4
    %pushi/vec4 0, 0, 32; draw_string_vec4
    %concat/vec4; draw_string_vec4
    %pushi/vec4 0, 0, 32; draw_string_vec4
    %concat/vec4; draw_string_vec4
    %pushi/vec4 0, 0, 32; draw_string_vec4
    %concat/vec4; draw_string_vec4
    %pushi/vec4 1245793312, 0, 32; draw_string_vec4
    %concat/vec4; draw_string_vec4
    %pushi/vec4 1919248223, 0, 32; draw_string_vec4
    %concat/vec4; draw_string_vec4
    %pushi/vec4 2003123505, 0, 32; draw_string_vec4
    %concat/vec4; draw_string_vec4
    %store/vec4 v0x5749878675d0_0, 0, 256;
    %fork TD_tb_decode.expect1, S_0x5749878672a0;
    %join;
    %load/vec4 v0x5749878682d0_0;
    %pad/u 32;
    %store/vec4 v0x574987867970_0, 0, 32;
    %pushi/vec4 2, 0, 32;
    %store/vec4 v0x574987867870_0, 0, 32;
    %pushi/vec4 0, 0, 32; draw_string_vec4
    %pushi/vec4 0, 0, 32; draw_string_vec4
    %concat/vec4; draw_string_vec4
    %pushi/vec4 0, 0, 32; draw_string_vec4
    %concat/vec4; draw_string_vec4
    %pushi/vec4 0, 0, 32; draw_string_vec4
    %concat/vec4; draw_string_vec4
    %pushi/vec4 4866380, 0, 32; draw_string_vec4
    %concat/vec4; draw_string_vec4
    %pushi/vec4 544694879, 0, 32; draw_string_vec4
    %concat/vec4; draw_string_vec4
    %pushi/vec4 1936026685, 0, 32; draw_string_vec4
    %concat/vec4; draw_string_vec4
    %pushi/vec4 1346579252, 0, 32; draw_string_vec4
    %concat/vec4; draw_string_vec4
    %store/vec4 v0x574987867a50_0, 0, 256;
    %fork TD_tb_decode.expectN, S_0x574987867690;
    %join;
    %pushi/vec4 103, 0, 7;
    %pushi/vec4 0, 0, 3;
    %pushi/vec4 0, 0, 12;
    %store/vec4 v0x5749878641c0_0, 0, 12;
    %store/vec4 v0x5749878640e0_0, 0, 3;
    %store/vec4 v0x574987864280_0, 0, 7;
    %callf/vec4 TD_tb_decode.I, S_0x574987863e00;
    %store/vec4 v0x574987867e20_0, 0, 32;
    %delay 1, 0;
    %load/vec4 v0x574987867f90_0;
    %store/vec4 v0x574987867510_0, 0, 1;
    %pushi/vec4 1, 0, 1;
    %store/vec4 v0x574987867430_0, 0, 1;
    %pushi/vec4 0, 0, 32; draw_string_vec4
    %pushi/vec4 0, 0, 32; draw_string_vec4
    %concat/vec4; draw_string_vec4
    %pushi/vec4 0, 0, 32; draw_string_vec4
    %concat/vec4; draw_string_vec4
    %pushi/vec4 0, 0, 32; draw_string_vec4
    %concat/vec4; draw_string_vec4
    %pushi/vec4 0, 0, 32; draw_string_vec4
    %concat/vec4; draw_string_vec4
    %pushi/vec4 4866380, 0, 32; draw_string_vec4
    %concat/vec4; draw_string_vec4
    %pushi/vec4 1377856097, 0, 32; draw_string_vec4
    %concat/vec4; draw_string_vec4
    %pushi/vec4 1819426097, 0, 32; draw_string_vec4
    %concat/vec4; draw_string_vec4
    %store/vec4 v0x5749878675d0_0, 0, 256;
    %fork TD_tb_decode.expect1, S_0x5749878672a0;
    %join;
    %load/vec4 v0x574987868200_0;
    %store/vec4 v0x574987867510_0, 0, 1;
    %pushi/vec4 1, 0, 1;
    %store/vec4 v0x574987867430_0, 0, 1;
    %pushi/vec4 0, 0, 32; draw_string_vec4
    %pushi/vec4 0, 0, 32; draw_string_vec4
    %concat/vec4; draw_string_vec4
    %pushi/vec4 0, 0, 32; draw_string_vec4
    %concat/vec4; draw_string_vec4
    %pushi/vec4 0, 0, 32; draw_string_vec4
    %concat/vec4; draw_string_vec4
    %pushi/vec4 74, 0, 32; draw_string_vec4
    %concat/vec4; draw_string_vec4
    %pushi/vec4 1095520800, 0, 32; draw_string_vec4
    %concat/vec4; draw_string_vec4
    %pushi/vec4 1919248223, 0, 32; draw_string_vec4
    %concat/vec4; draw_string_vec4
    %pushi/vec4 2003123505, 0, 32; draw_string_vec4
    %concat/vec4; draw_string_vec4
    %store/vec4 v0x5749878675d0_0, 0, 256;
    %fork TD_tb_decode.expect1, S_0x5749878672a0;
    %join;
    %load/vec4 v0x5749878682d0_0;
    %pad/u 32;
    %store/vec4 v0x574987867970_0, 0, 32;
    %pushi/vec4 2, 0, 32;
    %store/vec4 v0x574987867870_0, 0, 32;
    %pushi/vec4 0, 0, 32; draw_string_vec4
    %pushi/vec4 0, 0, 32; draw_string_vec4
    %concat/vec4; draw_string_vec4
    %pushi/vec4 0, 0, 32; draw_string_vec4
    %concat/vec4; draw_string_vec4
    %pushi/vec4 0, 0, 32; draw_string_vec4
    %concat/vec4; draw_string_vec4
    %pushi/vec4 1245793362, 0, 32; draw_string_vec4
    %concat/vec4; draw_string_vec4
    %pushi/vec4 544694879, 0, 32; draw_string_vec4
    %concat/vec4; draw_string_vec4
    %pushi/vec4 1936026685, 0, 32; draw_string_vec4
    %concat/vec4; draw_string_vec4
    %pushi/vec4 1346579252, 0, 32; draw_string_vec4
    %concat/vec4; draw_string_vec4
    %store/vec4 v0x574987867a50_0, 0, 256;
    %fork TD_tb_decode.expectN, S_0x574987867690;
    %join;
    %load/vec4 v0x574987867b40_0;
    %pad/u 32;
    %store/vec4 v0x574987867970_0, 0, 32;
    %pushi/vec4 0, 0, 32;
    %store/vec4 v0x574987867870_0, 0, 32;
    %pushi/vec4 0, 0, 32; draw_string_vec4
    %pushi/vec4 0, 0, 32; draw_string_vec4
    %concat/vec4; draw_string_vec4
    %pushi/vec4 1245793362, 0, 32; draw_string_vec4
    %concat/vec4; draw_string_vec4
    %pushi/vec4 544568165, 0, 32; draw_string_vec4
    %concat/vec4; draw_string_vec4
    %pushi/vec4 1931493700, 0, 32; draw_string_vec4
    %concat/vec4; draw_string_vec4
    %pushi/vec4 1142974063, 0, 32; draw_string_vec4
    %concat/vec4; draw_string_vec4
    %pushi/vec4 1914729569, 0, 32; draw_string_vec4
    %concat/vec4; draw_string_vec4
    %pushi/vec4 1919378804, 0, 32; draw_string_vec4
    %concat/vec4; draw_string_vec4
    %store/vec4 v0x574987867a50_0, 0, 256;
    %fork TD_tb_decode.expectN, S_0x574987867690;
    %join;
    %load/vec4 v0x574987867c50_0;
    %store/vec4 v0x574987867510_0, 0, 1;
    %pushi/vec4 1, 0, 1;
    %store/vec4 v0x574987867430_0, 0, 1;
    %pushi/vec4 0, 0, 32; draw_string_vec4
    %pushi/vec4 0, 0, 32; draw_string_vec4
    %concat/vec4; draw_string_vec4
    %pushi/vec4 0, 0, 32; draw_string_vec4
    %concat/vec4; draw_string_vec4
    %pushi/vec4 0, 0, 32; draw_string_vec4
    %concat/vec4; draw_string_vec4
    %pushi/vec4 1245793362, 0, 32; draw_string_vec4
    %concat/vec4; draw_string_vec4
    %pushi/vec4 543255669, 0, 32; draw_string_vec4
    %concat/vec4; draw_string_vec4
    %pushi/vec4 1601401443, 0, 32; draw_string_vec4
    %concat/vec4; draw_string_vec4
    %pushi/vec4 1600744813, 0, 32; draw_string_vec4
    %concat/vec4; draw_string_vec4
    %store/vec4 v0x5749878675d0_0, 0, 256;
    %fork TD_tb_decode.expect1, S_0x5749878672a0;
    %join;
    %pushi/vec4 55, 0, 7;
    %store/vec4 v0x5749878654f0_0, 0, 7;
    %callf/vec4 TD_tb_decode.U, S_0x574987865210;
    %store/vec4 v0x574987867e20_0, 0, 32;
    %delay 1, 0;
    %load/vec4 v0x574987868200_0;
    %store/vec4 v0x574987867510_0, 0, 1;
    %pushi/vec4 1, 0, 1;
    %store/vec4 v0x574987867430_0, 0, 1;
    %pushi/vec4 0, 0, 32; draw_string_vec4
    %pushi/vec4 0, 0, 32; draw_string_vec4
    %concat/vec4; draw_string_vec4
    %pushi/vec4 0, 0, 32; draw_string_vec4
    %concat/vec4; draw_string_vec4
    %pushi/vec4 0, 0, 32; draw_string_vec4
    %concat/vec4; draw_string_vec4
    %pushi/vec4 0, 0, 32; draw_string_vec4
    %concat/vec4; draw_string_vec4
    %pushi/vec4 1280657696, 0, 32; draw_string_vec4
    %concat/vec4; draw_string_vec4
    %pushi/vec4 1919248223, 0, 32; draw_string_vec4
    %concat/vec4; draw_string_vec4
    %pushi/vec4 2003123505, 0, 32; draw_string_vec4
    %concat/vec4; draw_string_vec4
    %store/vec4 v0x5749878675d0_0, 0, 256;
    %fork TD_tb_decode.expect1, S_0x5749878672a0;
    %join;
    %load/vec4 v0x5749878682d0_0;
    %pad/u 32;
    %store/vec4 v0x574987867970_0, 0, 32;
    %pushi/vec4 3, 0, 32;
    %store/vec4 v0x574987867870_0, 0, 32;
    %pushi/vec4 0, 0, 32; draw_string_vec4
    %pushi/vec4 0, 0, 32; draw_string_vec4
    %concat/vec4; draw_string_vec4
    %pushi/vec4 0, 0, 32; draw_string_vec4
    %concat/vec4; draw_string_vec4
    %pushi/vec4 0, 0, 32; draw_string_vec4
    %concat/vec4; draw_string_vec4
    %pushi/vec4 1280657696, 0, 32; draw_string_vec4
    %concat/vec4; draw_string_vec4
    %pushi/vec4 2002935667, 0, 32; draw_string_vec4
    %concat/vec4; draw_string_vec4
    %pushi/vec4 1701592393, 0, 32; draw_string_vec4
    %concat/vec4; draw_string_vec4
    %pushi/vec4 1296916309, 0, 32; draw_string_vec4
    %concat/vec4; draw_string_vec4
    %store/vec4 v0x574987867a50_0, 0, 256;
    %fork TD_tb_decode.expectN, S_0x574987867690;
    %join;
    %pushi/vec4 23, 0, 7;
    %store/vec4 v0x5749878654f0_0, 0, 7;
    %callf/vec4 TD_tb_decode.U, S_0x574987865210;
    %store/vec4 v0x574987867e20_0, 0, 32;
    %delay 1, 0;
    %load/vec4 v0x574987868200_0;
    %store/vec4 v0x574987867510_0, 0, 1;
    %pushi/vec4 1, 0, 1;
    %store/vec4 v0x574987867430_0, 0, 1;
    %pushi/vec4 0, 0, 32; draw_string_vec4
    %pushi/vec4 0, 0, 32; draw_string_vec4
    %concat/vec4; draw_string_vec4
    %pushi/vec4 0, 0, 32; draw_string_vec4
    %concat/vec4; draw_string_vec4
    %pushi/vec4 0, 0, 32; draw_string_vec4
    %concat/vec4; draw_string_vec4
    %pushi/vec4 16725, 0, 32; draw_string_vec4
    %concat/vec4; draw_string_vec4
    %pushi/vec4 1229996832, 0, 32; draw_string_vec4
    %concat/vec4; draw_string_vec4
    %pushi/vec4 1919248223, 0, 32; draw_string_vec4
    %concat/vec4; draw_string_vec4
    %pushi/vec4 2003123505, 0, 32; draw_string_vec4
    %concat/vec4; draw_string_vec4
    %store/vec4 v0x5749878675d0_0, 0, 256;
    %fork TD_tb_decode.expect1, S_0x5749878672a0;
    %join;
    %load/vec4 v0x574987867c50_0;
    %store/vec4 v0x574987867510_0, 0, 1;
    %pushi/vec4 1, 0, 1;
    %store/vec4 v0x574987867430_0, 0, 1;
    %pushi/vec4 0, 0, 32; draw_string_vec4
    %pushi/vec4 0, 0, 32; draw_string_vec4
    %concat/vec4; draw_string_vec4
    %pushi/vec4 0, 0, 32; draw_string_vec4
    %concat/vec4; draw_string_vec4
    %pushi/vec4 4281673, 0, 32; draw_string_vec4
    %concat/vec4; draw_string_vec4
    %pushi/vec4 1346576481, 0, 32; draw_string_vec4
    %concat/vec4; draw_string_vec4
    %pushi/vec4 1819631475, 0, 32; draw_string_vec4
    %concat/vec4; draw_string_vec4
    %pushi/vec4 1919115113, 0, 32; draw_string_vec4
    %concat/vec4; draw_string_vec4
    %pushi/vec4 1835875633, 0, 32; draw_string_vec4
    %concat/vec4; draw_string_vec4
    %store/vec4 v0x5749878675d0_0, 0, 256;
    %fork TD_tb_decode.expect1, S_0x5749878672a0;
    %join;
    %load/vec4 v0x574987867b40_0;
    %pad/u 32;
    %store/vec4 v0x574987867970_0, 0, 32;
    %pushi/vec4 0, 0, 32;
    %store/vec4 v0x574987867870_0, 0, 32;
    %pushi/vec4 0, 0, 32; draw_string_vec4
    %pushi/vec4 0, 0, 32; draw_string_vec4
    %concat/vec4; draw_string_vec4
    %pushi/vec4 0, 0, 32; draw_string_vec4
    %concat/vec4; draw_string_vec4
    %pushi/vec4 0, 0, 32; draw_string_vec4
    %concat/vec4; draw_string_vec4
    %pushi/vec4 1096108368, 0, 32; draw_string_vec4
    %concat/vec4; draw_string_vec4
    %pushi/vec4 1126195564, 0, 32; draw_string_vec4
    %concat/vec4; draw_string_vec4
    %pushi/vec4 1969188720, 0, 32; draw_string_vec4
    %concat/vec4; draw_string_vec4
    %pushi/vec4 1027687492, 0, 32; draw_string_vec4
    %concat/vec4; draw_string_vec4
    %store/vec4 v0x574987867a50_0, 0, 256;
    %fork TD_tb_decode.expectN, S_0x574987867690;
    %join;
    %load/vec4 v0x5749878682d0_0;
    %pad/u 32;
    %store/vec4 v0x574987867970_0, 0, 32;
    %pushi/vec4 0, 0, 32;
    %store/vec4 v0x574987867870_0, 0, 32;
    %pushi/vec4 0, 0, 32; draw_string_vec4
    %pushi/vec4 0, 0, 32; draw_string_vec4
    %concat/vec4; draw_string_vec4
    %pushi/vec4 0, 0, 32; draw_string_vec4
    %concat/vec4; draw_string_vec4
    %pushi/vec4 0, 0, 32; draw_string_vec4
    %concat/vec4; draw_string_vec4
    %pushi/vec4 1096108368, 0, 32; draw_string_vec4
    %concat/vec4; draw_string_vec4
    %pushi/vec4 1126201186, 0, 32; draw_string_vec4
    %concat/vec4; draw_string_vec4
    %pushi/vec4 1601398124, 0, 32; draw_string_vec4
    %concat/vec4; draw_string_vec4
    %pushi/vec4 1027689557, 0, 32; draw_string_vec4
    %concat/vec4; draw_string_vec4
    %store/vec4 v0x574987867a50_0, 0, 256;
    %fork TD_tb_decode.expectN, S_0x574987867690;
    %join;
    %vpi_call/w 3 145 "$display", "ALL DECODE TESTS PASSED" {0 0 0};
    %vpi_call/w 3 146 "$finish" {0 0 0};
    %end;
    .thread T_9;
# The file index is used to find the file name in the following table.
:file_names 5;
    "N/A";
    "<interactive>";
    "-";
    "tb/tb_decode.v";
    "rtl/decode.v";
