#! /usr/bin/vvp
:ivl_version "11.0 (stable)";
:ivl_delay_selection "TYPICAL";
:vpi_time_precision + 0;
:vpi_module "/usr/lib/x86_64-linux-gnu/ivl/system.vpi";
:vpi_module "/usr/lib/x86_64-linux-gnu/ivl/vhdl_sys.vpi";
:vpi_module "/usr/lib/x86_64-linux-gnu/ivl/vhdl_textio.vpi";
:vpi_module "/usr/lib/x86_64-linux-gnu/ivl/v2005_math.vpi";
:vpi_module "/usr/lib/x86_64-linux-gnu/ivl/va_math.vpi";
:vpi_module "/usr/lib/x86_64-linux-gnu/ivl/v2009.vpi";
S_0x56c27134a5f0 .scope package, "$unit" "$unit" 2 1;
 .timescale 0 0;
S_0x56c27134a780 .scope module, "tb_immgen" "tb_immgen" 3 1;
 .timescale 0 0;
v0x56c2713768b0_0 .net "imm", 31 0, v0x56c2713758e0_0;  1 drivers
v0x56c271376990_0 .var "instr", 31 0;
S_0x56c27130bcf0 .scope task, "check_result" "check_result" 3 12, 3 12 0, S_0x56c27134a780;
 .timescale 0 0;
v0x56c271340030_0 .var "expected", 31 0;
v0x56c2713400d0_0 .var "test_name", 255 0;
TD_tb_immgen.check_result ;
    %delay 1, 0;
    %load/vec4 v0x56c2713768b0_0;
    %load/vec4 v0x56c271340030_0;
    %cmp/ne;
    %jmp/0xz  T_0.0, 6;
    %vpi_call/w 3 18 "$display", "FAIL %s: instr=%h, got=%h, exp=%h", v0x56c2713400d0_0, v0x56c271376990_0, v0x56c2713768b0_0, v0x56c271340030_0 {0 0 0};
    %vpi_call/w 3 19 "$finish" {0 0 0};
    %jmp T_0.1;
T_0.0 ;
    %vpi_call/w 3 21 "$display", "PASS %s", v0x56c2713400d0_0 {0 0 0};
T_0.1 ;
    %end;
S_0x56c271374210 .scope module, "dut" "immgen" 3 6, 4 1 0, S_0x56c27134a780;
 .timescale 0 0;
    .port_info 0 /INPUT 32 "instr";
    .port_info 1 /OUTPUT 32 "imm";
v0x56c271374470_0 .net *"_ivl_11", 0 0, L_0x56c2713770c0;  1 drivers
v0x56c271374570_0 .net *"_ivl_12", 19 0, L_0x56c2713771a0;  1 drivers
v0x56c271374650_0 .net *"_ivl_15", 6 0, L_0x56c2713774a0;  1 drivers
v0x56c271374710_0 .net *"_ivl_17", 4 0, L_0x56c271377590;  1 drivers
v0x56c2713747f0_0 .net *"_ivl_21", 0 0, L_0x56c271377830;  1 drivers
v0x56c271374920_0 .net *"_ivl_22", 18 0, L_0x56c2713778d0;  1 drivers
v0x56c271374a00_0 .net *"_ivl_25", 0 0, L_0x56c271377db0;  1 drivers
v0x56c271374ae0_0 .net *"_ivl_27", 0 0, L_0x56c271377e50;  1 drivers
v0x56c271374bc0_0 .net *"_ivl_29", 5 0, L_0x56c271377f70;  1 drivers
v0x56c271374ca0_0 .net *"_ivl_3", 0 0, L_0x56c271376b50;  1 drivers
v0x56c271374d80_0 .net *"_ivl_31", 3 0, L_0x56c271378040;  1 drivers
L_0x780189a4a018 .functor BUFT 1, C4<0>, C4<0>, C4<0>, C4<0>;
v0x56c271374e60_0 .net/2u *"_ivl_32", 0 0, L_0x780189a4a018;  1 drivers
v0x56c271374f40_0 .net *"_ivl_37", 19 0, L_0x56c271378430;  1 drivers
L_0x780189a4a060 .functor BUFT 1, C4<000000000000>, C4<0>, C4<0>, C4<0>;
v0x56c271375020_0 .net/2u *"_ivl_38", 11 0, L_0x780189a4a060;  1 drivers
v0x56c271375100_0 .net *"_ivl_4", 19 0, L_0x56c271376bf0;  1 drivers
v0x56c2713751e0_0 .net *"_ivl_43", 0 0, L_0x56c2713886c0;  1 drivers
v0x56c2713752c0_0 .net *"_ivl_44", 10 0, L_0x56c2713784d0;  1 drivers
v0x56c2713753a0_0 .net *"_ivl_47", 0 0, L_0x56c271388860;  1 drivers
v0x56c271375480_0 .net *"_ivl_49", 7 0, L_0x56c2713889c0;  1 drivers
v0x56c271375560_0 .net *"_ivl_51", 0 0, L_0x56c271388c70;  1 drivers
v0x56c271375640_0 .net *"_ivl_53", 9 0, L_0x56c271388de0;  1 drivers
L_0x780189a4a0a8 .functor BUFT 1, C4<0>, C4<0>, C4<0>, C4<0>;
v0x56c271375720_0 .net/2u *"_ivl_54", 0 0, L_0x780189a4a0a8;  1 drivers
v0x56c271375800_0 .net *"_ivl_7", 11 0, L_0x56c271376f20;  1 drivers
v0x56c2713758e0_0 .var "imm", 31 0;
v0x56c2713759c0_0 .net "imm_b", 31 0, L_0x56c2713781d0;  1 drivers
v0x56c271375aa0_0 .net "imm_i", 31 0, L_0x56c271376ff0;  1 drivers
v0x56c271375b80_0 .net "imm_j", 31 0, L_0x56c271388ee0;  1 drivers
v0x56c271375c60_0 .net "imm_s", 31 0, L_0x56c271377630;  1 drivers
v0x56c271375d40_0 .net "imm_u", 31 0, L_0x56c271388580;  1 drivers
v0x56c271375e20_0 .net "instr", 31 0, v0x56c271376990_0;  1 drivers
v0x56c271375f00_0 .net "opcode", 6 0, L_0x56c271376a30;  1 drivers
E_0x56c271347e20/0 .event edge, v0x56c271375f00_0, v0x56c271375aa0_0, v0x56c271375c60_0, v0x56c2713759c0_0;
E_0x56c271347e20/1 .event edge, v0x56c271375d40_0, v0x56c271375b80_0;
E_0x56c271347e20 .event/or E_0x56c271347e20/0, E_0x56c271347e20/1;
L_0x56c271376a30 .part v0x56c271376990_0, 0, 7;
L_0x56c271376b50 .part v0x56c271376990_0, 31, 1;
LS_0x56c271376bf0_0_0 .concat [ 1 1 1 1], L_0x56c271376b50, L_0x56c271376b50, L_0x56c271376b50, L_0x56c271376b50;
LS_0x56c271376bf0_0_4 .concat [ 1 1 1 1], L_0x56c271376b50, L_0x56c271376b50, L_0x56c271376b50, L_0x56c271376b50;
LS_0x56c271376bf0_0_8 .concat [ 1 1 1 1], L_0x56c271376b50, L_0x56c271376b50, L_0x56c271376b50, L_0x56c271376b50;
LS_0x56c271376bf0_0_12 .concat [ 1 1 1 1], L_0x56c271376b50, L_0x56c271376b50, L_0x56c271376b50, L_0x56c271376b50;
LS_0x56c271376bf0_0_16 .concat [ 1 1 1 1], L_0x56c271376b50, L_0x56c271376b50, L_0x56c271376b50, L_0x56c271376b50;
LS_0x56c271376bf0_1_0 .concat [ 4 4 4 4], LS_0x56c271376bf0_0_0, LS_0x56c271376bf0_0_4, LS_0x56c271376bf0_0_8, LS_0x56c271376bf0_0_12;
LS_0x56c271376bf0_1_4 .concat [ 4 0 0 0], LS_0x56c271376bf0_0_16;
L_0x56c271376bf0 .concat [ 16 4 0 0], LS_0x56c271376bf0_1_0, LS_0x56c271376bf0_1_4;
L_0x56c271376f20 .part v0x56c271376990_0, 20, 12;
L_0x56c271376ff0 .concat [ 12 20 0 0], L_0x56c271376f20, L_0x56c271376bf0;
L_0x56c2713770c0 .part v0x56c271376990_0, 31, 1;
LS_0x56c2713771a0_0_0 .concat [ 1 1 1 1], L_0x56c2713770c0, L_0x56c2713770c0, L_0x56c2713770c0, L_0x56c2713770c0;
LS_0x56c2713771a0_0_4 .concat [ 1 1 1 1], L_0x56c2713770c0, L_0x56c2713770c0, L_0x56c2713770c0, L_0x56c2713770c0;
LS_0x56c2713771a0_0_8 .concat [ 1 1 1 1], L_0x56c2713770c0, L_0x56c2713770c0, L_0x56c2713770c0, L_0x56c2713770c0;
LS_0x56c2713771a0_0_12 .concat [ 1 1 1 1], L_0x56c2713770c0, L_0x56c2713770c0, L_0x56c2713770c0, L_0x56c2713770c0;
LS_0x56c2713771a0_0_16 .concat [ 1 1 1 1], L_0x56c2713770c0, L_0x56c2713770c0, L_0x56c2713770c0, L_0x56c2713770c0;
LS_0x56c2713771a0_1_0 .concat [ 4 4 4 4], LS_0x56c2713771a0_0_0, LS_0x56c2713771a0_0_4, LS_0x56c2713771a0_0_8, LS_0x56c2713771a0_0_12;
LS_0x56c2713771a0_1_4 .concat [ 4 0 0 0], LS_0x56c2713771a0_0_16;
L_0x56c2713771a0 .concat [ 16 4 0 0], LS_0x56c2713771a0_1_0, LS_0x56c2713771a0_1_4;
L_0x56c2713774a0 .part v0x56c271376990_0, 25, 7;
L_0x56c271377590 .part v0x56c271376990_0, 7, 5;
L_0x56c271377630 .concat [ 5 7 20 0], L_0x56c271377590, L_0x56c2713774a0, L_0x56c2713771a0;
L_0x56c271377830 .part v0x56c271376990_0, 31, 1;
LS_0x56c2713778d0_0_0 .concat [ 1 1 1 1], L_0x56c271377830, L_0x56c271377830, L_0x56c271377830, L_0x56c271377830;
LS_0x56c2713778d0_0_4 .concat [ 1 1 1 1], L_0x56c271377830, L_0x56c271377830, L_0x56c271377830, L_0x56c271377830;
LS_0x56c2713778d0_0_8 .concat [ 1 1 1 1], L_0x56c271377830, L_0x56c271377830, L_0x56c271377830, L_0x56c271377830;
LS_0x56c2713778d0_0_12 .concat [ 1 1 1 1], L_0x56c271377830, L_0x56c271377830, L_0x56c271377830, L_0x56c271377830;
LS_0x56c2713778d0_0_16 .concat [ 1 1 1 0], L_0x56c271377830, L_0x56c271377830, L_0x56c271377830;
LS_0x56c2713778d0_1_0 .concat [ 4 4 4 4], LS_0x56c2713778d0_0_0, LS_0x56c2713778d0_0_4, LS_0x56c2713778d0_0_8, LS_0x56c2713778d0_0_12;
LS_0x56c2713778d0_1_4 .concat [ 3 0 0 0], LS_0x56c2713778d0_0_16;
L_0x56c2713778d0 .concat [ 16 3 0 0], LS_0x56c2713778d0_1_0, LS_0x56c2713778d0_1_4;
L_0x56c271377db0 .part v0x56c271376990_0, 31, 1;
L_0x56c271377e50 .part v0x56c271376990_0, 7, 1;
L_0x56c271377f70 .part v0x56c271376990_0, 25, 6;
L_0x56c271378040 .part v0x56c271376990_0, 8, 4;
LS_0x56c2713781d0_0_0 .concat [ 1 4 6 1], L_0x780189a4a018, L_0x56c271378040, L_0x56c271377f70, L_0x56c271377e50;
LS_0x56c2713781d0_0_4 .concat [ 1 19 0 0], L_0x56c271377db0, L_0x56c2713778d0;
L_0x56c2713781d0 .concat [ 12 20 0 0], LS_0x56c2713781d0_0_0, LS_0x56c2713781d0_0_4;
L_0x56c271378430 .part v0x56c271376990_0, 12, 20;
L_0x56c271388580 .concat [ 12 20 0 0], L_0x780189a4a060, L_0x56c271378430;
L_0x56c2713886c0 .part v0x56c271376990_0, 31, 1;
LS_0x56c2713784d0_0_0 .concat [ 1 1 1 1], L_0x56c2713886c0, L_0x56c2713886c0, L_0x56c2713886c0, L_0x56c2713886c0;
LS_0x56c2713784d0_0_4 .concat [ 1 1 1 1], L_0x56c2713886c0, L_0x56c2713886c0, L_0x56c2713886c0, L_0x56c2713886c0;
LS_0x56c2713784d0_0_8 .concat [ 1 1 1 0], L_0x56c2713886c0, L_0x56c2713886c0, L_0x56c2713886c0;
L_0x56c2713784d0 .concat [ 4 4 3 0], LS_0x56c2713784d0_0_0, LS_0x56c2713784d0_0_4, LS_0x56c2713784d0_0_8;
L_0x56c271388860 .part v0x56c271376990_0, 31, 1;
L_0x56c2713889c0 .part v0x56c271376990_0, 12, 8;
L_0x56c271388c70 .part v0x56c271376990_0, 20, 1;
L_0x56c271388de0 .part v0x56c271376990_0, 21, 10;
LS_0x56c271388ee0_0_0 .concat [ 1 10 1 8], L_0x780189a4a0a8, L_0x56c271388de0, L_0x56c271388c70, L_0x56c2713889c0;
LS_0x56c271388ee0_0_4 .concat [ 1 11 0 0], L_0x56c271388860, L_0x56c2713784d0;
L_0x56c271388ee0 .concat [ 20 12 0 0], LS_0x56c271388ee0_0_0, LS_0x56c271388ee0_0_4;
S_0x56c271376040 .scope function.vec4.s32, "mk_i" "mk_i" 3 27, 3 27 0, S_0x56c27134a780;
 .timescale 0 0;
v0x56c2713761d0_0 .var "i12", 11 0;
; Variable mk_i is vec4 return value of scope S_0x56c271376040
v0x56c271376370_0 .var "opc", 6 0;
TD_tb_immgen.mk_i ;
    %load/vec4 v0x56c2713761d0_0;
    %concati/vec4 0, 0, 13;
    %load/vec4 v0x56c271376370_0;
    %concat/vec4; draw_concat_vec4
    %ret/vec4 0, 0, 32;  Assign to mk_i (store_vec4_to_lval)
    %end;
S_0x56c271376430 .scope function.vec4.s32, "mk_s" "mk_s" 3 31, 3 31 0, S_0x56c27134a780;
 .timescale 0 0;
v0x56c271376610_0 .var "i12", 11 0;
; Variable mk_s is vec4 return value of scope S_0x56c271376430
v0x56c2713767f0_0 .var "opc", 6 0;
TD_tb_immgen.mk_s ;
    %load/vec4 v0x56c271376610_0;
    %parti/s 7, 5, 4;
    %concati/vec4 0, 0, 13;
    %load/vec4 v0x56c271376610_0;
    %parti/s 5, 0, 2;
    %concat/vec4; draw_concat_vec4
    %load/vec4 v0x56c2713767f0_0;
    %concat/vec4; draw_concat_vec4
    %ret/vec4 0, 0, 32;  Assign to mk_s (store_vec4_to_lval)
    %end;
    .scope S_0x56c271374210;
T_3 ;
    %wait E_0x56c271347e20;
    %load/vec4 v0x56c271375f00_0;
    %dup/vec4;
    %pushi/vec4 19, 0, 7;
    %cmp/u;
    %jmp/1 T_3.0, 6;
    %dup/vec4;
    %pushi/vec4 3, 0, 7;
    %cmp/u;
    %jmp/1 T_3.1, 6;
    %dup/vec4;
    %pushi/vec4 103, 0, 7;
    %cmp/u;
    %jmp/1 T_3.2, 6;
    %dup/vec4;
    %pushi/vec4 35, 0, 7;
    %cmp/u;
    %jmp/1 T_3.3, 6;
    %dup/vec4;
    %pushi/vec4 99, 0, 7;
    %cmp/u;
    %jmp/1 T_3.4, 6;
    %dup/vec4;
    %pushi/vec4 55, 0, 7;
    %cmp/u;
    %jmp/1 T_3.5, 6;
    %dup/vec4;
    %pushi/vec4 23, 0, 7;
    %cmp/u;
    %jmp/1 T_3.6, 6;
    %dup/vec4;
    %pushi/vec4 111, 0, 7;
    %cmp/u;
    %jmp/1 T_3.7, 6;
    %load/vec4 v0x56c271375aa0_0;
    %store/vec4 v0x56c2713758e0_0, 0, 32;
    %jmp T_3.9;
T_3.0 ;
    %load/vec4 v0x56c271375aa0_0;
    %store/vec4 v0x56c2713758e0_0, 0, 32;
    %jmp T_3.9;
T_3.1 ;
    %load/vec4 v0x56c271375aa0_0;
    %store/vec4 v0x56c2713758e0_0, 0, 32;
    %jmp T_3.9;
T_3.2 ;
    %load/vec4 v0x56c271375aa0_0;
    %store/vec4 v0x56c2713758e0_0, 0, 32;
    %jmp T_3.9;
T_3.3 ;
    %load/vec4 v0x56c271375c60_0;
    %store/vec4 v0x56c2713758e0_0, 0, 32;
    %jmp T_3.9;
T_3.4 ;
    %load/vec4 v0x56c2713759c0_0;
    %store/vec4 v0x56c2713758e0_0, 0, 32;
    %jmp T_3.9;
T_3.5 ;
    %load/vec4 v0x56c271375d40_0;
    %store/vec4 v0x56c2713758e0_0, 0, 32;
    %jmp T_3.9;
T_3.6 ;
    %load/vec4 v0x56c271375d40_0;
    %store/vec4 v0x56c2713758e0_0, 0, 32;
    %jmp T_3.9;
T_3.7 ;
    %load/vec4 v0x56c271375b80_0;
    %store/vec4 v0x56c2713758e0_0, 0, 32;
    %jmp T_3.9;
T_3.9 ;
    %pop/vec4 1;
    %jmp T_3;
    .thread T_3, $push;
    .scope S_0x56c27134a780;
T_4 ;
    %vpi_call/w 3 36 "$display", "Starting ImmGen Tests..." {0 0 0};
    %pushi/vec4 19, 0, 7;
    %pushi/vec4 4095, 0, 12;
    %store/vec4 v0x56c2713761d0_0, 0, 12;
    %store/vec4 v0x56c271376370_0, 0, 7;
    %callf/vec4 TD_tb_immgen.mk_i, S_0x56c271376040;
    %store/vec4 v0x56c271376990_0, 0, 32;
    %pushi/vec4 4294967295, 0, 32;
    %store/vec4 v0x56c271340030_0, 0, 32;
    %pushi/vec4 0, 0, 32; draw_string_vec4
    %pushi/vec4 0, 0, 32; draw_string_vec4
    %concat/vec4; draw_string_vec4
    %pushi/vec4 0, 0, 32; draw_string_vec4
    %concat/vec4; draw_string_vec4
    %pushi/vec4 0, 0, 32; draw_string_vec4
    %concat/vec4; draw_string_vec4
    %pushi/vec4 4795732, 0, 32; draw_string_vec4
    %concat/vec4; draw_string_vec4
    %pushi/vec4 2037409056, 0, 32; draw_string_vec4
    %concat/vec4; draw_string_vec4
    %pushi/vec4 1852139361, 0, 32; draw_string_vec4
    %concat/vec4; draw_string_vec4
    %pushi/vec4 1953068645, 0, 32; draw_string_vec4
    %concat/vec4; draw_string_vec4
    %store/vec4 v0x56c2713400d0_0, 0, 256;
    %fork TD_tb_immgen.check_result, S_0x56c27130bcf0;
    %join;
    %pushi/vec4 19, 0, 7;
    %pushi/vec4 2047, 0, 12;
    %store/vec4 v0x56c2713761d0_0, 0, 12;
    %store/vec4 v0x56c271376370_0, 0, 7;
    %callf/vec4 TD_tb_immgen.mk_i, S_0x56c271376040;
    %store/vec4 v0x56c271376990_0, 0, 32;
    %pushi/vec4 2047, 0, 32;
    %store/vec4 v0x56c271340030_0, 0, 32;
    %pushi/vec4 0, 0, 32; draw_string_vec4
    %pushi/vec4 0, 0, 32; draw_string_vec4
    %concat/vec4; draw_string_vec4
    %pushi/vec4 0, 0, 32; draw_string_vec4
    %concat/vec4; draw_string_vec4
    %pushi/vec4 0, 0, 32; draw_string_vec4
    %concat/vec4; draw_string_vec4
    %pushi/vec4 4795732, 0, 32; draw_string_vec4
    %concat/vec4; draw_string_vec4
    %pushi/vec4 2037409056, 0, 32; draw_string_vec4
    %concat/vec4; draw_string_vec4
    %pushi/vec4 1886352233, 0, 32; draw_string_vec4
    %concat/vec4; draw_string_vec4
    %pushi/vec4 1953068645, 0, 32; draw_string_vec4
    %concat/vec4; draw_string_vec4
    %store/vec4 v0x56c2713400d0_0, 0, 256;
    %fork TD_tb_immgen.check_result, S_0x56c27130bcf0;
    %join;
    %pushi/vec4 35, 0, 7;
    %pushi/vec4 4095, 0, 12;
    %store/vec4 v0x56c271376610_0, 0, 12;
    %store/vec4 v0x56c2713767f0_0, 0, 7;
    %callf/vec4 TD_tb_immgen.mk_s, S_0x56c271376430;
    %store/vec4 v0x56c271376990_0, 0, 32;
    %pushi/vec4 4294967295, 0, 32;
    %store/vec4 v0x56c271340030_0, 0, 32;
    %pushi/vec4 0, 0, 32; draw_string_vec4
    %pushi/vec4 0, 0, 32; draw_string_vec4
    %concat/vec4; draw_string_vec4
    %pushi/vec4 0, 0, 32; draw_string_vec4
    %concat/vec4; draw_string_vec4
    %pushi/vec4 0, 0, 32; draw_string_vec4
    %concat/vec4; draw_string_vec4
    %pushi/vec4 5451092, 0, 32; draw_string_vec4
    %concat/vec4; draw_string_vec4
    %pushi/vec4 2037409056, 0, 32; draw_string_vec4
    %concat/vec4; draw_string_vec4
    %pushi/vec4 1852139361, 0, 32; draw_string_vec4
    %concat/vec4; draw_string_vec4
    %pushi/vec4 1953068645, 0, 32; draw_string_vec4
    %concat/vec4; draw_string_vec4
    %store/vec4 v0x56c2713400d0_0, 0, 256;
    %fork TD_tb_immgen.check_result, S_0x56c27130bcf0;
    %join;
    %pushi/vec4 0, 0, 32;
    %store/vec4 v0x56c271376990_0, 0, 32;
    %pushi/vec4 99, 0, 7;
    %ix/load 4, 0, 0;
    %flag_set/imm 4, 0;
    %store/vec4 v0x56c271376990_0, 4, 7;
    %pushi/vec4 1, 0, 1;
    %ix/load 4, 31, 0;
    %flag_set/imm 4, 0;
    %store/vec4 v0x56c271376990_0, 4, 1;
    %pushi/vec4 1, 0, 1;
    %ix/load 4, 7, 0;
    %flag_set/imm 4, 0;
    %store/vec4 v0x56c271376990_0, 4, 1;
    %pushi/vec4 63, 0, 6;
    %ix/load 4, 25, 0;
    %flag_set/imm 4, 0;
    %store/vec4 v0x56c271376990_0, 4, 6;
    %pushi/vec4 14, 0, 4;
    %ix/load 4, 8, 0;
    %flag_set/imm 4, 0;
    %store/vec4 v0x56c271376990_0, 4, 4;
    %pushi/vec4 4294967292, 0, 32;
    %store/vec4 v0x56c271340030_0, 0, 32;
    %pushi/vec4 0, 0, 32; draw_string_vec4
    %pushi/vec4 0, 0, 32; draw_string_vec4
    %concat/vec4; draw_string_vec4
    %pushi/vec4 0, 0, 32; draw_string_vec4
    %concat/vec4; draw_string_vec4
    %pushi/vec4 0, 0, 32; draw_string_vec4
    %concat/vec4; draw_string_vec4
    %pushi/vec4 0, 0, 32; draw_string_vec4
    %concat/vec4; draw_string_vec4
    %pushi/vec4 66, 0, 32; draw_string_vec4
    %concat/vec4; draw_string_vec4
    %pushi/vec4 760510832, 0, 32; draw_string_vec4
    %concat/vec4; draw_string_vec4
    %pushi/vec4 1696607540, 0, 32; draw_string_vec4
    %concat/vec4; draw_string_vec4
    %store/vec4 v0x56c2713400d0_0, 0, 256;
    %fork TD_tb_immgen.check_result, S_0x56c27130bcf0;
    %join;
    %pushi/vec4 305418295, 0, 32;
    %store/vec4 v0x56c271376990_0, 0, 32;
    %pushi/vec4 305418240, 0, 32;
    %store/vec4 v0x56c271340030_0, 0, 32;
    %pushi/vec4 0, 0, 32; draw_string_vec4
    %pushi/vec4 0, 0, 32; draw_string_vec4
    %concat/vec4; draw_string_vec4
    %pushi/vec4 0, 0, 32; draw_string_vec4
    %concat/vec4; draw_string_vec4
    %pushi/vec4 0, 0, 32; draw_string_vec4
    %concat/vec4; draw_string_vec4
    %pushi/vec4 0, 0, 32; draw_string_vec4
    %concat/vec4; draw_string_vec4
    %pushi/vec4 21805, 0, 32; draw_string_vec4
    %concat/vec4; draw_string_vec4
    %pushi/vec4 1417244773, 0, 32; draw_string_vec4
    %concat/vec4; draw_string_vec4
    %pushi/vec4 541873481, 0, 32; draw_string_vec4
    %concat/vec4; draw_string_vec4
    %store/vec4 v0x56c2713400d0_0, 0, 256;
    %fork TD_tb_immgen.check_result, S_0x56c27130bcf0;
    %join;
    %pushi/vec4 0, 0, 32;
    %store/vec4 v0x56c271376990_0, 0, 32;
    %pushi/vec4 111, 0, 7;
    %ix/load 4, 0, 0;
    %flag_set/imm 4, 0;
    %store/vec4 v0x56c271376990_0, 4, 7;
    %pushi/vec4 1, 0, 1;
    %ix/load 4, 31, 0;
    %flag_set/imm 4, 0;
    %store/vec4 v0x56c271376990_0, 4, 1;
    %pushi/vec4 255, 0, 8;
    %ix/load 4, 12, 0;
    %flag_set/imm 4, 0;
    %store/vec4 v0x56c271376990_0, 4, 8;
    %pushi/vec4 1, 0, 1;
    %ix/load 4, 20, 0;
    %flag_set/imm 4, 0;
    %store/vec4 v0x56c271376990_0, 4, 1;
    %pushi/vec4 1023, 0, 10;
    %ix/load 4, 21, 0;
    %flag_set/imm 4, 0;
    %store/vec4 v0x56c271376990_0, 4, 10;
    %pushi/vec4 4294967294, 0, 32;
    %store/vec4 v0x56c271340030_0, 0, 32;
    %pushi/vec4 0, 0, 32; draw_string_vec4
    %pushi/vec4 0, 0, 32; draw_string_vec4
    %concat/vec4; draw_string_vec4
    %pushi/vec4 0, 0, 32; draw_string_vec4
    %concat/vec4; draw_string_vec4
    %pushi/vec4 0, 0, 32; draw_string_vec4
    %concat/vec4; draw_string_vec4
    %pushi/vec4 0, 0, 32; draw_string_vec4
    %concat/vec4; draw_string_vec4
    %pushi/vec4 74, 0, 32; draw_string_vec4
    %concat/vec4; draw_string_vec4
    %pushi/vec4 760510832, 0, 32; draw_string_vec4
    %concat/vec4; draw_string_vec4
    %pushi/vec4 1696607538, 0, 32; draw_string_vec4
    %concat/vec4; draw_string_vec4
    %store/vec4 v0x56c2713400d0_0, 0, 256;
    %fork TD_tb_immgen.check_result, S_0x56c27130bcf0;
    %join;
    %vpi_call/w 3 73 "$display", "ALL IMMGEN TESTS PASSED" {0 0 0};
    %vpi_call/w 3 74 "$finish" {0 0 0};
    %end;
    .thread T_4;
# The file index is used to find the file name in the following table.
:file_names 5;
    "N/A";
    "<interactive>";
    "-";
    "tb/tb_immgen.v";
    "rtl/immgen.v";
