#! /usr/bin/vvp
:ivl_version "11.0 (stable)";
:ivl_delay_selection "TYPICAL";
:vpi_time_precision + 0;
:vpi_module "/usr/lib/x86_64-linux-gnu/ivl/system.vpi";
:vpi_module "/usr/lib/x86_64-linux-gnu/ivl/vhdl_sys.vpi";
:vpi_module "/usr/lib/x86_64-linux-gnu/ivl/vhdl_textio.vpi";
:vpi_module "/usr/lib/x86_64-linux-gnu/ivl/v2005_math.vpi";
:vpi_module "/usr/lib/x86_64-linux-gnu/ivl/va_math.vpi";
:vpi_module "/usr/lib/x86_64-linux-gnu/ivl/v2009.vpi";
S_0x5b9e1af37e90 .scope package, "$unit" "$unit" 2 1;
 .timescale 0 0;
S_0x5b9e1af49240 .scope module, "tb_pc_next" "tb_pc_next" 3 1;
 .timescale 0 0;
v0x5b9e1af6d210_0 .var "branch", 0 0;
v0x5b9e1af6d2d0_0 .var "imm", 31 0;
v0x5b9e1af6d370_0 .var "jal", 0 0;
v0x5b9e1af6d470_0 .var "jalr", 0 0;
v0x5b9e1af6d540_0 .var "pc", 31 0;
v0x5b9e1af6d5e0_0 .net "pc_next", 31 0, v0x5b9e1af6ce40_0;  1 drivers
v0x5b9e1af6d6b0_0 .var "rs1", 31 0;
v0x5b9e1af6d780_0 .var "take_branch", 0 0;
S_0x5b9e1af493d0 .scope task, "check" "check" 3 17, 3 17 0, S_0x5b9e1af49240;
 .timescale 0 0;
v0x5b9e1af1ebd0_0 .var "br", 0 0;
v0x5b9e1af1e7e0_0 .var "exp", 31 0;
v0x5b9e1af6c1c0_0 .var "imm_in", 31 0;
v0x5b9e1af6c280_0 .var "j", 0 0;
v0x5b9e1af6c340_0 .var "jr", 0 0;
v0x5b9e1af6c450_0 .var "name", 255 0;
v0x5b9e1af6c530_0 .var "pc_in", 31 0;
v0x5b9e1af6c610_0 .var "rs1_in", 31 0;
v0x5b9e1af6c6f0_0 .var "tk", 0 0;
TD_tb_pc_next.check ;
    %load/vec4 v0x5b9e1af6c530_0;
    %store/vec4 v0x5b9e1af6d540_0, 0, 32;
    %load/vec4 v0x5b9e1af6c610_0;
    %store/vec4 v0x5b9e1af6d6b0_0, 0, 32;
    %load/vec4 v0x5b9e1af6c1c0_0;
    %store/vec4 v0x5b9e1af6d2d0_0, 0, 32;
    %load/vec4 v0x5b9e1af1ebd0_0;
    %store/vec4 v0x5b9e1af6d210_0, 0, 1;
    %load/vec4 v0x5b9e1af6c280_0;
    %store/vec4 v0x5b9e1af6d370_0, 0, 1;
    %load/vec4 v0x5b9e1af6c340_0;
    %store/vec4 v0x5b9e1af6d470_0, 0, 1;
    %load/vec4 v0x5b9e1af6c6f0_0;
    %store/vec4 v0x5b9e1af6d780_0, 0, 1;
    %delay 1, 0;
    %load/vec4 v0x5b9e1af6d5e0_0;
    %load/vec4 v0x5b9e1af1e7e0_0;
    %cmp/ne;
    %jmp/0xz  T_0.0, 6;
    %vpi_call/w 3 27 "$display", "FAIL %s got=%h exp=%h", v0x5b9e1af6c450_0, v0x5b9e1af6d5e0_0, v0x5b9e1af1e7e0_0 {0 0 0};
    %vpi_call/w 3 28 "$finish" {0 0 0};
    %jmp T_0.1;
T_0.0 ;
    %vpi_call/w 3 30 "$display", "PASS %s", v0x5b9e1af6c450_0 {0 0 0};
T_0.1 ;
    %end;
S_0x5b9e1af6c7b0 .scope module, "dut" "pc_next" 3 6, 4 1 0, S_0x5b9e1af49240;
 .timescale 0 0;
    .port_info 0 /INPUT 32 "pc";
    .port_info 1 /INPUT 32 "rs1";
    .port_info 2 /INPUT 32 "imm";
    .port_info 3 /INPUT 1 "branch";
    .port_info 4 /INPUT 1 "jal";
    .port_info 5 /INPUT 1 "jalr";
    .port_info 6 /INPUT 1 "take_branch";
    .port_info 7 /OUTPUT 32 "pc_next";
v0x5b9e1af6c9f0_0 .net "branch", 0 0, v0x5b9e1af6d210_0;  1 drivers
v0x5b9e1af6cad0_0 .net "imm", 31 0, v0x5b9e1af6d2d0_0;  1 drivers
v0x5b9e1af6cbb0_0 .net "jal", 0 0, v0x5b9e1af6d370_0;  1 drivers
v0x5b9e1af6cc50_0 .net "jalr", 0 0, v0x5b9e1af6d470_0;  1 drivers
v0x5b9e1af6cd10_0 .net "pc", 31 0, v0x5b9e1af6d540_0;  1 drivers
v0x5b9e1af6ce40_0 .var "pc_next", 31 0;
v0x5b9e1af6cf20_0 .net "rs1", 31 0, v0x5b9e1af6d6b0_0;  1 drivers
v0x5b9e1af6d000_0 .net "take_branch", 0 0, v0x5b9e1af6d780_0;  1 drivers
E_0x5b9e1af0d360/0 .event edge, v0x5b9e1af6cc50_0, v0x5b9e1af6cf20_0, v0x5b9e1af6cad0_0, v0x5b9e1af6cbb0_0;
E_0x5b9e1af0d360/1 .event edge, v0x5b9e1af6cd10_0, v0x5b9e1af6c9f0_0, v0x5b9e1af6d000_0;
E_0x5b9e1af0d360 .event/or E_0x5b9e1af0d360/0, E_0x5b9e1af0d360/1;
    .scope S_0x5b9e1af6c7b0;
T_1 ;
    %wait E_0x5b9e1af0d360;
    %load/vec4 v0x5b9e1af6cc50_0;
    %flag_set/vec4 8;
    %jmp/0xz  T_1.0, 8;
    %load/vec4 v0x5b9e1af6cf20_0;
    %load/vec4 v0x5b9e1af6cad0_0;
    %add;
    %pushi/vec4 4294967294, 0, 32;
    %and;
    %store/vec4 v0x5b9e1af6ce40_0, 0, 32;
    %jmp T_1.1;
T_1.0 ;
    %load/vec4 v0x5b9e1af6cbb0_0;
    %flag_set/vec4 8;
    %jmp/0xz  T_1.2, 8;
    %load/vec4 v0x5b9e1af6cd10_0;
    %load/vec4 v0x5b9e1af6cad0_0;
    %add;
    %store/vec4 v0x5b9e1af6ce40_0, 0, 32;
    %jmp T_1.3;
T_1.2 ;
    %load/vec4 v0x5b9e1af6c9f0_0;
    %load/vec4 v0x5b9e1af6d000_0;
    %and;
    %flag_set/vec4 8;
    %jmp/0xz  T_1.4, 8;
    %load/vec4 v0x5b9e1af6cd10_0;
    %load/vec4 v0x5b9e1af6cad0_0;
    %add;
    %store/vec4 v0x5b9e1af6ce40_0, 0, 32;
    %jmp T_1.5;
T_1.4 ;
    %load/vec4 v0x5b9e1af6cd10_0;
    %addi 4, 0, 32;
    %store/vec4 v0x5b9e1af6ce40_0, 0, 32;
T_1.5 ;
T_1.3 ;
T_1.1 ;
    %jmp T_1;
    .thread T_1, $push;
    .scope S_0x5b9e1af49240;
T_2 ;
    %pushi/vec4 4096, 0, 32;
    %store/vec4 v0x5b9e1af6c530_0, 0, 32;
    %pushi/vec4 0, 0, 32;
    %store/vec4 v0x5b9e1af6c610_0, 0, 32;
    %pushi/vec4 0, 0, 32;
    %store/vec4 v0x5b9e1af6c1c0_0, 0, 32;
    %pushi/vec4 0, 0, 1;
    %store/vec4 v0x5b9e1af1ebd0_0, 0, 1;
    %pushi/vec4 0, 0, 1;
    %store/vec4 v0x5b9e1af6c280_0, 0, 1;
    %pushi/vec4 0, 0, 1;
    %store/vec4 v0x5b9e1af6c340_0, 0, 1;
    %pushi/vec4 0, 0, 1;
    %store/vec4 v0x5b9e1af6c6f0_0, 0, 1;
    %pushi/vec4 4100, 0, 32;
    %store/vec4 v0x5b9e1af1e7e0_0, 0, 32;
    %pushi/vec4 0, 0, 32; draw_string_vec4
    %pushi/vec4 0, 0, 32; draw_string_vec4
    %concat/vec4; draw_string_vec4
    %pushi/vec4 0, 0, 32; draw_string_vec4
    %concat/vec4; draw_string_vec4
    %pushi/vec4 0, 0, 32; draw_string_vec4
    %concat/vec4; draw_string_vec4
    %pushi/vec4 0, 0, 32; draw_string_vec4
    %concat/vec4; draw_string_vec4
    %pushi/vec4 1885547316, 0, 32; draw_string_vec4
    %concat/vec4; draw_string_vec4
    %pushi/vec4 543450470, 0, 32; draw_string_vec4
    %concat/vec4; draw_string_vec4
    %pushi/vec4 1635085428, 0, 32; draw_string_vec4
    %concat/vec4; draw_string_vec4
    %store/vec4 v0x5b9e1af6c450_0, 0, 256;
    %fork TD_tb_pc_next.check, S_0x5b9e1af493d0;
    %join;
    %pushi/vec4 4096, 0, 32;
    %store/vec4 v0x5b9e1af6c530_0, 0, 32;
    %pushi/vec4 0, 0, 32;
    %store/vec4 v0x5b9e1af6c610_0, 0, 32;
    %pushi/vec4 16, 0, 32;
    %store/vec4 v0x5b9e1af6c1c0_0, 0, 32;
    %pushi/vec4 1, 0, 1;
    %store/vec4 v0x5b9e1af1ebd0_0, 0, 1;
    %pushi/vec4 0, 0, 1;
    %store/vec4 v0x5b9e1af6c280_0, 0, 1;
    %pushi/vec4 0, 0, 1;
    %store/vec4 v0x5b9e1af6c340_0, 0, 1;
    %pushi/vec4 0, 0, 1;
    %store/vec4 v0x5b9e1af6c6f0_0, 0, 1;
    %pushi/vec4 4100, 0, 32;
    %store/vec4 v0x5b9e1af1e7e0_0, 0, 32;
    %pushi/vec4 0, 0, 32; draw_string_vec4
    %pushi/vec4 0, 0, 32; draw_string_vec4
    %concat/vec4; draw_string_vec4
    %pushi/vec4 0, 0, 32; draw_string_vec4
    %concat/vec4; draw_string_vec4
    %pushi/vec4 0, 0, 32; draw_string_vec4
    %concat/vec4; draw_string_vec4
    %pushi/vec4 1651663214, 0, 32; draw_string_vec4
    %concat/vec4; draw_string_vec4
    %pushi/vec4 1667768430, 0, 32; draw_string_vec4
    %concat/vec4; draw_string_vec4
    %pushi/vec4 1869881460, 0, 32; draw_string_vec4
    %concat/vec4; draw_string_vec4
    %pushi/vec4 1634428270, 0, 32; draw_string_vec4
    %concat/vec4; draw_string_vec4
    %store/vec4 v0x5b9e1af6c450_0, 0, 256;
    %fork TD_tb_pc_next.check, S_0x5b9e1af493d0;
    %join;
    %pushi/vec4 4096, 0, 32;
    %store/vec4 v0x5b9e1af6c530_0, 0, 32;
    %pushi/vec4 0, 0, 32;
    %store/vec4 v0x5b9e1af6c610_0, 0, 32;
    %pushi/vec4 4294967292, 0, 32;
    %store/vec4 v0x5b9e1af6c1c0_0, 0, 32;
    %pushi/vec4 1, 0, 1;
    %store/vec4 v0x5b9e1af1ebd0_0, 0, 1;
    %pushi/vec4 0, 0, 1;
    %store/vec4 v0x5b9e1af6c280_0, 0, 1;
    %pushi/vec4 0, 0, 1;
    %store/vec4 v0x5b9e1af6c340_0, 0, 1;
    %pushi/vec4 1, 0, 1;
    %store/vec4 v0x5b9e1af6c6f0_0, 0, 1;
    %pushi/vec4 4092, 0, 32;
    %store/vec4 v0x5b9e1af1e7e0_0, 0, 32;
    %pushi/vec4 0, 0, 32; draw_string_vec4
    %pushi/vec4 0, 0, 32; draw_string_vec4
    %concat/vec4; draw_string_vec4
    %pushi/vec4 0, 0, 32; draw_string_vec4
    %concat/vec4; draw_string_vec4
    %pushi/vec4 0, 0, 32; draw_string_vec4
    %concat/vec4; draw_string_vec4
    %pushi/vec4 6451809, 0, 32; draw_string_vec4
    %concat/vec4; draw_string_vec4
    %pushi/vec4 1852008480, 0, 32; draw_string_vec4
    %concat/vec4; draw_string_vec4
    %pushi/vec4 1952541541, 0, 32; draw_string_vec4
    %concat/vec4; draw_string_vec4
    %pushi/vec4 1847602484, 0, 32; draw_string_vec4
    %concat/vec4; draw_string_vec4
    %store/vec4 v0x5b9e1af6c450_0, 0, 256;
    %fork TD_tb_pc_next.check, S_0x5b9e1af493d0;
    %join;
    %pushi/vec4 8192, 0, 32;
    %store/vec4 v0x5b9e1af6c530_0, 0, 32;
    %pushi/vec4 0, 0, 32;
    %store/vec4 v0x5b9e1af6c610_0, 0, 32;
    %pushi/vec4 2048, 0, 32;
    %store/vec4 v0x5b9e1af6c1c0_0, 0, 32;
    %pushi/vec4 0, 0, 1;
    %store/vec4 v0x5b9e1af1ebd0_0, 0, 1;
    %pushi/vec4 1, 0, 1;
    %store/vec4 v0x5b9e1af6c280_0, 0, 1;
    %pushi/vec4 0, 0, 1;
    %store/vec4 v0x5b9e1af6c340_0, 0, 1;
    %pushi/vec4 0, 0, 1;
    %store/vec4 v0x5b9e1af6c6f0_0, 0, 1;
    %pushi/vec4 10240, 0, 32;
    %store/vec4 v0x5b9e1af1e7e0_0, 0, 32;
    %pushi/vec4 0, 0, 32; draw_string_vec4
    %pushi/vec4 0, 0, 32; draw_string_vec4
    %concat/vec4; draw_string_vec4
    %pushi/vec4 0, 0, 32; draw_string_vec4
    %concat/vec4; draw_string_vec4
    %pushi/vec4 0, 0, 32; draw_string_vec4
    %concat/vec4; draw_string_vec4
    %pushi/vec4 0, 0, 32; draw_string_vec4
    %concat/vec4; draw_string_vec4
    %pushi/vec4 106, 0, 32; draw_string_vec4
    %concat/vec4; draw_string_vec4
    %pushi/vec4 1634476075, 0, 32; draw_string_vec4
    %concat/vec4; draw_string_vec4
    %pushi/vec4 842019896, 0, 32; draw_string_vec4
    %concat/vec4; draw_string_vec4
    %store/vec4 v0x5b9e1af6c450_0, 0, 256;
    %fork TD_tb_pc_next.check, S_0x5b9e1af493d0;
    %join;
    %pushi/vec4 0, 0, 32;
    %store/vec4 v0x5b9e1af6c530_0, 0, 32;
    %pushi/vec4 12289, 0, 32;
    %store/vec4 v0x5b9e1af6c610_0, 0, 32;
    %pushi/vec4 3, 0, 32;
    %store/vec4 v0x5b9e1af6c1c0_0, 0, 32;
    %pushi/vec4 0, 0, 1;
    %store/vec4 v0x5b9e1af1ebd0_0, 0, 1;
    %pushi/vec4 0, 0, 1;
    %store/vec4 v0x5b9e1af6c280_0, 0, 1;
    %pushi/vec4 1, 0, 1;
    %store/vec4 v0x5b9e1af6c340_0, 0, 1;
    %pushi/vec4 0, 0, 1;
    %store/vec4 v0x5b9e1af6c6f0_0, 0, 1;
    %pushi/vec4 12292, 0, 32;
    %store/vec4 v0x5b9e1af1e7e0_0, 0, 32;
    %pushi/vec4 0, 0, 32; draw_string_vec4
    %pushi/vec4 0, 0, 32; draw_string_vec4
    %concat/vec4; draw_string_vec4
    %pushi/vec4 0, 0, 32; draw_string_vec4
    %concat/vec4; draw_string_vec4
    %pushi/vec4 0, 0, 32; draw_string_vec4
    %concat/vec4; draw_string_vec4
    %pushi/vec4 0, 0, 32; draw_string_vec4
    %concat/vec4; draw_string_vec4
    %pushi/vec4 27233, 0, 32; draw_string_vec4
    %concat/vec4; draw_string_vec4
    %pushi/vec4 1819418721, 0, 32; draw_string_vec4
    %concat/vec4; draw_string_vec4
    %pushi/vec4 1818847086, 0, 32; draw_string_vec4
    %concat/vec4; draw_string_vec4
    %store/vec4 v0x5b9e1af6c450_0, 0, 256;
    %fork TD_tb_pc_next.check, S_0x5b9e1af493d0;
    %join;
    %pushi/vec4 4096, 0, 32;
    %store/vec4 v0x5b9e1af6c530_0, 0, 32;
    %pushi/vec4 0, 0, 32;
    %store/vec4 v0x5b9e1af6c610_0, 0, 32;
    %pushi/vec4 16, 0, 32;
    %store/vec4 v0x5b9e1af6c1c0_0, 0, 32;
    %pushi/vec4 1, 0, 1;
    %store/vec4 v0x5b9e1af1ebd0_0, 0, 1;
    %pushi/vec4 1, 0, 1;
    %store/vec4 v0x5b9e1af6c280_0, 0, 1;
    %pushi/vec4 0, 0, 1;
    %store/vec4 v0x5b9e1af6c340_0, 0, 1;
    %pushi/vec4 1, 0, 1;
    %store/vec4 v0x5b9e1af6c6f0_0, 0, 1;
    %pushi/vec4 4112, 0, 32;
    %store/vec4 v0x5b9e1af1e7e0_0, 0, 32;
    %pushi/vec4 0, 0, 32; draw_string_vec4
    %pushi/vec4 0, 0, 32; draw_string_vec4
    %concat/vec4; draw_string_vec4
    %pushi/vec4 1784769568, 0, 32; draw_string_vec4
    %concat/vec4; draw_string_vec4
    %pushi/vec4 1886546287, 0, 32; draw_string_vec4
    %concat/vec4; draw_string_vec4
    %pushi/vec4 1919513721, 0, 32; draw_string_vec4
    %concat/vec4; draw_string_vec4
    %pushi/vec4 544175717, 0, 32; draw_string_vec4
    %concat/vec4; draw_string_vec4
    %pushi/vec4 1914724978, 0, 32; draw_string_vec4
    %concat/vec4; draw_string_vec4
    %pushi/vec4 1634624360, 0, 32; draw_string_vec4
    %concat/vec4; draw_string_vec4
    %store/vec4 v0x5b9e1af6c450_0, 0, 256;
    %fork TD_tb_pc_next.check, S_0x5b9e1af493d0;
    %join;
    %pushi/vec4 4096, 0, 32;
    %store/vec4 v0x5b9e1af6c530_0, 0, 32;
    %pushi/vec4 16384, 0, 32;
    %store/vec4 v0x5b9e1af6c610_0, 0, 32;
    %pushi/vec4 4, 0, 32;
    %store/vec4 v0x5b9e1af6c1c0_0, 0, 32;
    %pushi/vec4 0, 0, 1;
    %store/vec4 v0x5b9e1af1ebd0_0, 0, 1;
    %pushi/vec4 1, 0, 1;
    %store/vec4 v0x5b9e1af6c280_0, 0, 1;
    %pushi/vec4 1, 0, 1;
    %store/vec4 v0x5b9e1af6c340_0, 0, 1;
    %pushi/vec4 0, 0, 1;
    %store/vec4 v0x5b9e1af6c6f0_0, 0, 1;
    %pushi/vec4 16388, 0, 32;
    %store/vec4 v0x5b9e1af1e7e0_0, 0, 32;
    %pushi/vec4 0, 0, 32; draw_string_vec4
    %pushi/vec4 0, 0, 32; draw_string_vec4
    %concat/vec4; draw_string_vec4
    %pushi/vec4 27233, 0, 32; draw_string_vec4
    %concat/vec4; draw_string_vec4
    %pushi/vec4 1819418736, 0, 32; draw_string_vec4
    %concat/vec4; draw_string_vec4
    %pushi/vec4 1919512434, 0, 32; draw_string_vec4
    %concat/vec4; draw_string_vec4
    %pushi/vec4 1769240864, 0, 32; draw_string_vec4
    %concat/vec4; draw_string_vec4
    %pushi/vec4 1870030194, 0, 32; draw_string_vec4
    %concat/vec4; draw_string_vec4
    %pushi/vec4 543842668, 0, 32; draw_string_vec4
    %concat/vec4; draw_string_vec4
    %store/vec4 v0x5b9e1af6c450_0, 0, 256;
    %fork TD_tb_pc_next.check, S_0x5b9e1af493d0;
    %join;
    %vpi_call/w 3 57 "$display", "ALL PC_NEXT TESTS PASSED" {0 0 0};
    %vpi_call/w 3 58 "$finish" {0 0 0};
    %end;
    .thread T_2;
# The file index is used to find the file name in the following table.
:file_names 5;
    "N/A";
    "<interactive>";
    "-";
    "tb/tb_pc_next.v";
    "rtl/pc_next.v";
