#! /usr/bin/vvp
:ivl_version "11.0 (stable)";
:ivl_delay_selection "TYPICAL";
:vpi_time_precision + 0;
:vpi_module "/usr/lib/x86_64-linux-gnu/ivl/system.vpi";
:vpi_module "/usr/lib/x86_64-linux-gnu/ivl/vhdl_sys.vpi";
:vpi_module "/usr/lib/x86_64-linux-gnu/ivl/vhdl_textio.vpi";
:vpi_module "/usr/lib/x86_64-linux-gnu/ivl/v2005_math.vpi";
:vpi_module "/usr/lib/x86_64-linux-gnu/ivl/va_math.vpi";
:vpi_module "/usr/lib/x86_64-linux-gnu/ivl/v2009.vpi";
S_0x57bb2d95b550 .scope package, "$unit" "$unit" 2 1;
 .timescale 0 0;
S_0x57bb2d95b6e0 .scope module, "tb_regfile" "tb_regfile" 3 1;
 .timescale 0 0;
v0x57bb2d97f830_0 .var "clk", 0 0;
v0x57bb2d97f8f0_0 .var "rd", 4 0;
v0x57bb2d97f990_0 .net "rd1", 31 0, L_0x57bb2d990200;  1 drivers
v0x57bb2d97fa30_0 .net "rd2", 31 0, L_0x57bb2d9907c0;  1 drivers
v0x57bb2d97fb00_0 .var "rs1", 4 0;
v0x57bb2d97fba0_0 .var "rs2", 4 0;
v0x57bb2d97fc70_0 .var "wd", 31 0;
v0x57bb2d97fd40_0 .var "we", 0 0;
S_0x57bb2d91ecf0 .scope task, "check" "check" 3 25, 3 25 0, S_0x57bb2d95b6e0;
 .timescale 0 0;
v0x57bb2d94cc60_0 .var "exp", 31 0;
v0x57bb2d94de10_0 .var "got", 31 0;
v0x57bb2d94cbc0_0 .var "msg", 255 0;
TD_tb_regfile.check ;
    %load/vec4 v0x57bb2d94de10_0;
    %load/vec4 v0x57bb2d94cc60_0;
    %cmp/ne;
    %jmp/0xz  T_0.0, 6;
    %vpi_call/w 3 30 "$display", "FAIL %s | got=%h exp=%h", v0x57bb2d94cbc0_0, v0x57bb2d94de10_0, v0x57bb2d94cc60_0 {0 0 0};
    %vpi_call/w 3 31 "$finish" {0 0 0};
    %jmp T_0.1;
T_0.0 ;
    %vpi_call/w 3 33 "$display", "PASS %s", v0x57bb2d94cbc0_0 {0 0 0};
T_0.1 ;
    %end;
S_0x57bb2d97e320 .scope module, "dut" "regfile" 3 9, 4 1 0, S_0x57bb2d95b6e0;
 .timescale 0 0;
    .port_info 0 /INPUT 1 "clk";
    .port_info 1 /INPUT 1 "we";
    .port_info 2 /INPUT 5 "rs1";
    .port_info 3 /INPUT 5 "rs2";
    .port_info 4 /INPUT 5 "rd";
    .port_info 5 /INPUT 32 "wd";
    .port_info 6 /OUTPUT 32 "rd1";
    .port_info 7 /OUTPUT 32 "rd2";
L_0x7a84b20c9018 .functor BUFT 1, C4<00000>, C4<0>, C4<0>, C4<0>;
v0x57bb2d94f180_0 .net/2u *"_ivl_0", 4 0, L_0x7a84b20c9018;  1 drivers
L_0x7a84b20c90a8 .functor BUFT 1, C4<00>, C4<0>, C4<0>, C4<0>;
v0x57bb2d950280_0 .net *"_ivl_11", 1 0, L_0x7a84b20c90a8;  1 drivers
L_0x7a84b20c90f0 .functor BUFT 1, C4<00000>, C4<0>, C4<0>, C4<0>;
v0x57bb2d97e700_0 .net/2u *"_ivl_14", 4 0, L_0x7a84b20c90f0;  1 drivers
v0x57bb2d97e7c0_0 .net *"_ivl_16", 0 0, L_0x57bb2d990410;  1 drivers
L_0x7a84b20c9138 .functor BUFT 1, C4<00000000000000000000000000000000>, C4<0>, C4<0>, C4<0>;
v0x57bb2d97e880_0 .net/2u *"_ivl_18", 31 0, L_0x7a84b20c9138;  1 drivers
v0x57bb2d97e9b0_0 .net *"_ivl_2", 0 0, L_0x57bb2d97fe40;  1 drivers
v0x57bb2d97ea70_0 .net *"_ivl_20", 31 0, L_0x57bb2d9905a0;  1 drivers
v0x57bb2d97eb50_0 .net *"_ivl_22", 6 0, L_0x57bb2d990680;  1 drivers
L_0x7a84b20c9180 .functor BUFT 1, C4<00>, C4<0>, C4<0>, C4<0>;
v0x57bb2d97ec30_0 .net *"_ivl_25", 1 0, L_0x7a84b20c9180;  1 drivers
L_0x7a84b20c9060 .functor BUFT 1, C4<00000000000000000000000000000000>, C4<0>, C4<0>, C4<0>;
v0x57bb2d97ed10_0 .net/2u *"_ivl_4", 31 0, L_0x7a84b20c9060;  1 drivers
v0x57bb2d97edf0_0 .net *"_ivl_6", 31 0, L_0x57bb2d98ffc0;  1 drivers
v0x57bb2d97eed0_0 .net *"_ivl_8", 6 0, L_0x57bb2d9900c0;  1 drivers
v0x57bb2d97efb0_0 .net "clk", 0 0, v0x57bb2d97f830_0;  1 drivers
v0x57bb2d97f070_0 .net "rd", 4 0, v0x57bb2d97f8f0_0;  1 drivers
v0x57bb2d97f150_0 .net "rd1", 31 0, L_0x57bb2d990200;  alias, 1 drivers
v0x57bb2d97f230_0 .net "rd2", 31 0, L_0x57bb2d9907c0;  alias, 1 drivers
v0x57bb2d97f310_0 .net "rs1", 4 0, v0x57bb2d97fb00_0;  1 drivers
v0x57bb2d97f3f0_0 .net "rs2", 4 0, v0x57bb2d97fba0_0;  1 drivers
v0x57bb2d97f4d0_0 .net "wd", 31 0, v0x57bb2d97fc70_0;  1 drivers
v0x57bb2d97f5b0_0 .net "we", 0 0, v0x57bb2d97fd40_0;  1 drivers
v0x57bb2d97f670 .array "x", 0 31, 31 0;
E_0x57bb2d9582c0 .event posedge, v0x57bb2d97efb0_0;
L_0x57bb2d97fe40 .cmp/eq 5, v0x57bb2d97fb00_0, L_0x7a84b20c9018;
L_0x57bb2d98ffc0 .array/port v0x57bb2d97f670, L_0x57bb2d9900c0;
L_0x57bb2d9900c0 .concat [ 5 2 0 0], v0x57bb2d97fb00_0, L_0x7a84b20c90a8;
L_0x57bb2d990200 .functor MUXZ 32, L_0x57bb2d98ffc0, L_0x7a84b20c9060, L_0x57bb2d97fe40, C4<>;
L_0x57bb2d990410 .cmp/eq 5, v0x57bb2d97fba0_0, L_0x7a84b20c90f0;
L_0x57bb2d9905a0 .array/port v0x57bb2d97f670, L_0x57bb2d990680;
L_0x57bb2d990680 .concat [ 5 2 0 0], v0x57bb2d97fba0_0, L_0x7a84b20c9180;
L_0x57bb2d9907c0 .functor MUXZ 32, L_0x57bb2d9905a0, L_0x7a84b20c9138, L_0x57bb2d990410, C4<>;
    .scope S_0x57bb2d97e320;
T_1 ;
    %wait E_0x57bb2d9582c0;
    %load/vec4 v0x57bb2d97f5b0_0;
    %load/vec4 v0x57bb2d97f070_0;
    %pushi/vec4 0, 0, 5;
    %cmp/ne;
    %flag_get/vec4 4;
    %and;
    %flag_set/vec4 8;
    %jmp/0xz  T_1.0, 8;
    %load/vec4 v0x57bb2d97f4d0_0;
    %load/vec4 v0x57bb2d97f070_0;
    %pad/u 7;
    %ix/vec4 3;
    %ix/load 4, 0, 0; Constant delay
    %assign/vec4/a/d v0x57bb2d97f670, 0, 4;
T_1.0 ;
    %jmp T_1;
    .thread T_1;
    .scope S_0x57bb2d95b6e0;
T_2 ;
    %pushi/vec4 0, 0, 1;
    %store/vec4 v0x57bb2d97f830_0, 0, 1;
    %end;
    .thread T_2;
    .scope S_0x57bb2d95b6e0;
T_3 ;
    %delay 1, 0;
    %load/vec4 v0x57bb2d97f830_0;
    %inv;
    %store/vec4 v0x57bb2d97f830_0, 0, 1;
    %jmp T_3;
    .thread T_3;
    .scope S_0x57bb2d95b6e0;
T_4 ;
    %pushi/vec4 0, 0, 1;
    %store/vec4 v0x57bb2d97fd40_0, 0, 1;
    %pushi/vec4 0, 0, 5;
    %store/vec4 v0x57bb2d97fb00_0, 0, 5;
    %pushi/vec4 0, 0, 5;
    %store/vec4 v0x57bb2d97fba0_0, 0, 5;
    %pushi/vec4 0, 0, 5;
    %store/vec4 v0x57bb2d97f8f0_0, 0, 5;
    %pushi/vec4 0, 0, 32;
    %store/vec4 v0x57bb2d97fc70_0, 0, 32;
    %delay 5, 0;
    %pushi/vec4 0, 0, 5;
    %store/vec4 v0x57bb2d97fb00_0, 0, 5;
    %delay 1, 0;
    %load/vec4 v0x57bb2d97f990_0;
    %store/vec4 v0x57bb2d94de10_0, 0, 32;
    %pushi/vec4 0, 0, 32;
    %store/vec4 v0x57bb2d94cc60_0, 0, 32;
    %pushi/vec4 0, 0, 32; draw_string_vec4
    %pushi/vec4 0, 0, 32; draw_string_vec4
    %concat/vec4; draw_string_vec4
    %pushi/vec4 0, 0, 32; draw_string_vec4
    %concat/vec4; draw_string_vec4
    %pushi/vec4 30768, 0, 32; draw_string_vec4
    %concat/vec4; draw_string_vec4
    %pushi/vec4 1600746335, 0, 32; draw_string_vec4
    %concat/vec4; draw_string_vec4
    %pushi/vec4 2053468783, 0, 32; draw_string_vec4
    %concat/vec4; draw_string_vec4
    %pushi/vec4 1600222303, 0, 32; draw_string_vec4
    %concat/vec4; draw_string_vec4
    %pushi/vec4 1768843636, 0, 32; draw_string_vec4
    %concat/vec4; draw_string_vec4
    %store/vec4 v0x57bb2d94cbc0_0, 0, 256;
    %fork TD_tb_regfile.check, S_0x57bb2d91ecf0;
    %join;
    %pushi/vec4 1, 0, 1;
    %store/vec4 v0x57bb2d97fd40_0, 0, 1;
    %pushi/vec4 1, 0, 5;
    %store/vec4 v0x57bb2d97f8f0_0, 0, 5;
    %pushi/vec4 305419896, 0, 32;
    %store/vec4 v0x57bb2d97fc70_0, 0, 32;
    %wait E_0x57bb2d9582c0;
    %delay 1, 0;
    %pushi/vec4 0, 0, 1;
    %store/vec4 v0x57bb2d97fd40_0, 0, 1;
    %pushi/vec4 1, 0, 5;
    %store/vec4 v0x57bb2d97fb00_0, 0, 5;
    %delay 1, 0;
    %load/vec4 v0x57bb2d97f990_0;
    %store/vec4 v0x57bb2d94de10_0, 0, 32;
    %pushi/vec4 305419896, 0, 32;
    %store/vec4 v0x57bb2d94cc60_0, 0, 32;
    %pushi/vec4 0, 0, 32; draw_string_vec4
    %pushi/vec4 0, 0, 32; draw_string_vec4
    %concat/vec4; draw_string_vec4
    %pushi/vec4 0, 0, 32; draw_string_vec4
    %concat/vec4; draw_string_vec4
    %pushi/vec4 0, 0, 32; draw_string_vec4
    %concat/vec4; draw_string_vec4
    %pushi/vec4 119, 0, 32; draw_string_vec4
    %concat/vec4; draw_string_vec4
    %pushi/vec4 1919513701, 0, 32; draw_string_vec4
    %concat/vec4; draw_string_vec4
    %pushi/vec4 1601332577, 0, 32; draw_string_vec4
    %concat/vec4; draw_string_vec4
    %pushi/vec4 1683978289, 0, 32; draw_string_vec4
    %concat/vec4; draw_string_vec4
    %store/vec4 v0x57bb2d94cbc0_0, 0, 256;
    %fork TD_tb_regfile.check, S_0x57bb2d91ecf0;
    %join;
    %pushi/vec4 1, 0, 1;
    %store/vec4 v0x57bb2d97fd40_0, 0, 1;
    %pushi/vec4 0, 0, 5;
    %store/vec4 v0x57bb2d97f8f0_0, 0, 5;
    %pushi/vec4 4294967295, 0, 32;
    %store/vec4 v0x57bb2d97fc70_0, 0, 32;
    %wait E_0x57bb2d9582c0;
    %delay 1, 0;
    %pushi/vec4 0, 0, 1;
    %store/vec4 v0x57bb2d97fd40_0, 0, 1;
    %pushi/vec4 0, 0, 5;
    %store/vec4 v0x57bb2d97fb00_0, 0, 5;
    %delay 1, 0;
    %load/vec4 v0x57bb2d97f990_0;
    %store/vec4 v0x57bb2d94de10_0, 0, 32;
    %pushi/vec4 0, 0, 32;
    %store/vec4 v0x57bb2d94cc60_0, 0, 32;
    %pushi/vec4 0, 0, 32; draw_string_vec4
    %pushi/vec4 0, 0, 32; draw_string_vec4
    %concat/vec4; draw_string_vec4
    %pushi/vec4 0, 0, 32; draw_string_vec4
    %concat/vec4; draw_string_vec4
    %pushi/vec4 7876703, 0, 32; draw_string_vec4
    %concat/vec4; draw_string_vec4
    %pushi/vec4 2003986804, 0, 32; draw_string_vec4
    %concat/vec4; draw_string_vec4
    %pushi/vec4 1700753522, 0, 32; draw_string_vec4
    %concat/vec4; draw_string_vec4
    %pushi/vec4 1869899107, 0, 32; draw_string_vec4
    %concat/vec4; draw_string_vec4
    %pushi/vec4 1953066862, 0, 32; draw_string_vec4
    %concat/vec4; draw_string_vec4
    %store/vec4 v0x57bb2d94cbc0_0, 0, 256;
    %fork TD_tb_regfile.check, S_0x57bb2d91ecf0;
    %join;
    %pushi/vec4 1, 0, 1;
    %store/vec4 v0x57bb2d97fd40_0, 0, 1;
    %pushi/vec4 2, 0, 5;
    %store/vec4 v0x57bb2d97f8f0_0, 0, 5;
    %pushi/vec4 2882400000, 0, 32;
    %store/vec4 v0x57bb2d97fc70_0, 0, 32;
    %wait E_0x57bb2d9582c0;
    %delay 1, 0;
    %pushi/vec4 0, 0, 1;
    %store/vec4 v0x57bb2d97fd40_0, 0, 1;
    %pushi/vec4 1, 0, 5;
    %store/vec4 v0x57bb2d97fb00_0, 0, 5;
    %pushi/vec4 2, 0, 5;
    %store/vec4 v0x57bb2d97fba0_0, 0, 5;
    %delay 1, 0;
    %load/vec4 v0x57bb2d97f990_0;
    %store/vec4 v0x57bb2d94de10_0, 0, 32;
    %pushi/vec4 305419896, 0, 32;
    %store/vec4 v0x57bb2d94cc60_0, 0, 32;
    %pushi/vec4 0, 0, 32; draw_string_vec4
    %pushi/vec4 0, 0, 32; draw_string_vec4
    %concat/vec4; draw_string_vec4
    %pushi/vec4 0, 0, 32; draw_string_vec4
    %concat/vec4; draw_string_vec4
    %pushi/vec4 0, 0, 32; draw_string_vec4
    %concat/vec4; draw_string_vec4
    %pushi/vec4 100, 0, 32; draw_string_vec4
    %concat/vec4; draw_string_vec4
    %pushi/vec4 1969319007, 0, 32; draw_string_vec4
    %concat/vec4; draw_string_vec4
    %pushi/vec4 1919246692, 0, 32; draw_string_vec4
    %concat/vec4; draw_string_vec4
    %pushi/vec4 1601336113, 0, 32; draw_string_vec4
    %concat/vec4; draw_string_vec4
    %store/vec4 v0x57bb2d94cbc0_0, 0, 256;
    %fork TD_tb_regfile.check, S_0x57bb2d91ecf0;
    %join;
    %load/vec4 v0x57bb2d97fa30_0;
    %store/vec4 v0x57bb2d94de10_0, 0, 32;
    %pushi/vec4 2882400000, 0, 32;
    %store/vec4 v0x57bb2d94cc60_0, 0, 32;
    %pushi/vec4 0, 0, 32; draw_string_vec4
    %pushi/vec4 0, 0, 32; draw_string_vec4
    %concat/vec4; draw_string_vec4
    %pushi/vec4 0, 0, 32; draw_string_vec4
    %concat/vec4; draw_string_vec4
    %pushi/vec4 0, 0, 32; draw_string_vec4
    %concat/vec4; draw_string_vec4
    %pushi/vec4 100, 0, 32; draw_string_vec4
    %concat/vec4; draw_string_vec4
    %pushi/vec4 1969319007, 0, 32; draw_string_vec4
    %concat/vec4; draw_string_vec4
    %pushi/vec4 1919246692, 0, 32; draw_string_vec4
    %concat/vec4; draw_string_vec4
    %pushi/vec4 1601336114, 0, 32; draw_string_vec4
    %concat/vec4; draw_string_vec4
    %store/vec4 v0x57bb2d94cbc0_0, 0, 256;
    %fork TD_tb_regfile.check, S_0x57bb2d91ecf0;
    %join;
    %vpi_call/w 3 67 "$display", "ALL REGFILE TESTS PASSED" {0 0 0};
    %vpi_call/w 3 68 "$finish" {0 0 0};
    %end;
    .thread T_4;
# The file index is used to find the file name in the following table.
:file_names 5;
    "N/A";
    "<interactive>";
    "-";
    "tb/tb_regfile.v";
    "rtl/regfile.v";
