#! /usr/bin/vvp
:ivl_version "11.0 (stable)";
:ivl_delay_selection "TYPICAL";
:vpi_time_precision + 0;
:vpi_module "/usr/lib/x86_64-linux-gnu/ivl/system.vpi";
:vpi_module "/usr/lib/x86_64-linux-gnu/ivl/vhdl_sys.vpi";
:vpi_module "/usr/lib/x86_64-linux-gnu/ivl/vhdl_textio.vpi";
:vpi_module "/usr/lib/x86_64-linux-gnu/ivl/v2005_math.vpi";
:vpi_module "/usr/lib/x86_64-linux-gnu/ivl/va_math.vpi";
:vpi_module "/usr/lib/x86_64-linux-gnu/ivl/v2009.vpi";
S_0x58257666f740 .scope package, "$unit" "$unit" 2 1;
 .timescale 0 0;
S_0x58257666ecf0 .scope module, "tb_sanity" "tb_sanity" 3 1;
 .timescale 0 0;
    .scope S_0x58257666ecf0;
T_0 ;
    %vpi_call/w 3 3 "$display", "PASS tb_sanity" {0 0 0};
    %vpi_call/w 3 4 "$finish" {0 0 0};
    %end;
    .thread T_0;
# The file index is used to find the file name in the following table.
:file_names 4;
    "N/A";
    "<interactive>";
    "-";
    "tb/tb_sanity.v";
